2020-06-15_18:27:33:986 - # SLN_2_0.3_0.3_0.3
2020-06-15_18:27:34:219 - Network read
2020-06-15_18:27:34:219 - inter_layer_ep : 0.015206
2020-06-15_18:27:34:219 - intra_layer_eps:
2020-06-15_18:27:34:219 - 0.130400
2020-06-15_18:27:34:219 - 0.100416
2020-06-15_18:27:34:219 - 0.113161
2020-06-15_18:27:34:219 - 0.065595
2020-06-15_18:27:34:219 - > 1.2ii1.0ij
2020-06-15_18:27:38:011 - Simulation 1 out of 10 done
2020-06-15_18:27:41:757 - Simulation 2 out of 10 done
2020-06-15_18:27:45:505 - Simulation 3 out of 10 done
2020-06-15_18:27:49:242 - Simulation 4 out of 10 done
2020-06-15_18:27:52:978 - Simulation 5 out of 10 done
2020-06-15_18:27:56:711 - Simulation 6 out of 10 done
2020-06-15_18:28:00:444 - Simulation 7 out of 10 done
2020-06-15_18:28:04:169 - Simulation 8 out of 10 done
2020-06-15_18:28:07:903 - Simulation 9 out of 10 done
2020-06-15_18:28:11:635 - Simulation 10 out of 10 done
2020-06-15_18:28:11:635 - > 1.4ii1.0ij
2020-06-15_18:28:15:421 - Simulation 1 out of 10 done
2020-06-15_18:28:19:208 - Simulation 2 out of 10 done
2020-06-15_18:28:22:992 - Simulation 3 out of 10 done
2020-06-15_18:28:26:784 - Simulation 4 out of 10 done
2020-06-15_18:28:30:569 - Simulation 5 out of 10 done
2020-06-15_18:28:34:358 - Simulation 6 out of 10 done
2020-06-15_18:28:38:147 - Simulation 7 out of 10 done
2020-06-15_18:28:41:931 - Simulation 8 out of 10 done
2020-06-15_18:28:45:716 - Simulation 9 out of 10 done
2020-06-15_18:28:49:503 - Simulation 10 out of 10 done
2020-06-15_18:28:49:503 - > 1.6ii1.0ij
2020-06-15_18:28:53:528 - Simulation 1 out of 10 done
2020-06-15_18:28:57:562 - Simulation 2 out of 10 done
2020-06-15_18:29:01:601 - Simulation 3 out of 10 done
2020-06-15_18:29:05:643 - Simulation 4 out of 10 done
2020-06-15_18:29:09:679 - Simulation 5 out of 10 done
2020-06-15_18:29:13:723 - Simulation 6 out of 10 done
2020-06-15_18:29:17:760 - Simulation 7 out of 10 done
2020-06-15_18:29:21:768 - Simulation 8 out of 10 done
2020-06-15_18:29:25:804 - Simulation 9 out of 10 done
2020-06-15_18:29:29:853 - Simulation 10 out of 10 done
2020-06-15_18:29:29:853 - > 1.0ii1.2ij
2020-06-15_18:29:33:573 - Simulation 1 out of 10 done
2020-06-15_18:29:37:289 - Simulation 2 out of 10 done
2020-06-15_18:29:41:016 - Simulation 3 out of 10 done
2020-06-15_18:29:44:733 - Simulation 4 out of 10 done
2020-06-15_18:29:48:449 - Simulation 5 out of 10 done
2020-06-15_18:29:52:167 - Simulation 6 out of 10 done
2020-06-15_18:29:55:883 - Simulation 7 out of 10 done
2020-06-15_18:29:59:591 - Simulation 8 out of 10 done
2020-06-15_18:30:03:309 - Simulation 9 out of 10 done
2020-06-15_18:30:07:028 - Simulation 10 out of 10 done
2020-06-15_18:30:07:028 - > 1.0ii1.4ij
2020-06-15_18:30:10:757 - Simulation 1 out of 10 done
2020-06-15_18:30:14:485 - Simulation 2 out of 10 done
2020-06-15_18:30:18:213 - Simulation 3 out of 10 done
2020-06-15_18:30:21:941 - Simulation 4 out of 10 done
2020-06-15_18:30:25:670 - Simulation 5 out of 10 done
2020-06-15_18:30:29:401 - Simulation 6 out of 10 done
2020-06-15_18:30:33:134 - Simulation 7 out of 10 done
2020-06-15_18:30:36:860 - Simulation 8 out of 10 done
2020-06-15_18:30:40:587 - Simulation 9 out of 10 done
2020-06-15_18:30:44:314 - Simulation 10 out of 10 done
2020-06-15_18:30:44:314 - > 1.0ii1.6ij
2020-06-15_18:30:48:057 - Simulation 1 out of 10 done
2020-06-15_18:30:51:794 - Simulation 2 out of 10 done
2020-06-15_18:30:55:534 - Simulation 3 out of 10 done
2020-06-15_18:30:59:274 - Simulation 4 out of 10 done
2020-06-15_18:31:03:018 - Simulation 5 out of 10 done
2020-06-15_18:31:06:755 - Simulation 6 out of 10 done
2020-06-15_18:31:10:493 - Simulation 7 out of 10 done
2020-06-15_18:31:14:232 - Simulation 8 out of 10 done
2020-06-15_18:31:17:969 - Simulation 9 out of 10 done
2020-06-15_18:31:21:707 - Simulation 10 out of 10 done
2020-06-15_18:31:21:713 - # SLN_2_0.8_0.8_0.8
2020-06-15_18:31:21:883 - Network read
2020-06-15_18:31:21:883 - inter_layer_ep : 0.004848
2020-06-15_18:31:21:883 - intra_layer_eps:
2020-06-15_18:31:21:883 - 0.130400
2020-06-15_18:31:21:883 - 0.100416
2020-06-15_18:31:21:883 - 0.113161
2020-06-15_18:31:21:883 - 0.065595
2020-06-15_18:31:21:883 - > 1.2ii1.0ij
2020-06-15_18:31:25:579 - Simulation 1 out of 10 done
2020-06-15_18:31:29:275 - Simulation 2 out of 10 done
2020-06-15_18:31:32:972 - Simulation 3 out of 10 done
2020-06-15_18:31:36:667 - Simulation 4 out of 10 done
2020-06-15_18:31:40:365 - Simulation 5 out of 10 done
2020-06-15_18:31:44:061 - Simulation 6 out of 10 done
2020-06-15_18:31:47:756 - Simulation 7 out of 10 done
2020-06-15_18:31:51:450 - Simulation 8 out of 10 done
2020-06-15_18:31:55:147 - Simulation 9 out of 10 done
2020-06-15_18:31:58:843 - Simulation 10 out of 10 done
2020-06-15_18:31:58:843 - > 1.4ii1.0ij
2020-06-15_18:32:02:560 - Simulation 1 out of 10 done
2020-06-15_18:32:06:262 - Simulation 2 out of 10 done
2020-06-15_18:32:09:970 - Simulation 3 out of 10 done
2020-06-15_18:32:13:680 - Simulation 4 out of 10 done
2020-06-15_18:32:17:388 - Simulation 5 out of 10 done
2020-06-15_18:32:21:099 - Simulation 6 out of 10 done
2020-06-15_18:32:24:808 - Simulation 7 out of 10 done
2020-06-15_18:32:28:516 - Simulation 8 out of 10 done
2020-06-15_18:32:32:224 - Simulation 9 out of 10 done
2020-06-15_18:32:35:930 - Simulation 10 out of 10 done
2020-06-15_18:32:35:930 - > 1.6ii1.0ij
2020-06-15_18:32:39:674 - Simulation 1 out of 10 done
2020-06-15_18:32:43:418 - Simulation 2 out of 10 done
2020-06-15_18:32:47:159 - Simulation 3 out of 10 done
2020-06-15_18:32:50:899 - Simulation 4 out of 10 done
2020-06-15_18:32:54:640 - Simulation 5 out of 10 done
2020-06-15_18:32:58:381 - Simulation 6 out of 10 done
2020-06-15_18:33:02:120 - Simulation 7 out of 10 done
2020-06-15_18:33:05:861 - Simulation 8 out of 10 done
2020-06-15_18:33:09:606 - Simulation 9 out of 10 done
2020-06-15_18:33:13:350 - Simulation 10 out of 10 done
2020-06-15_18:33:13:350 - > 1.0ii1.2ij
2020-06-15_18:33:17:031 - Simulation 1 out of 10 done
2020-06-15_18:33:20:721 - Simulation 2 out of 10 done
2020-06-15_18:33:24:405 - Simulation 3 out of 10 done
2020-06-15_18:33:28:089 - Simulation 4 out of 10 done
2020-06-15_18:33:31:775 - Simulation 5 out of 10 done
2020-06-15_18:33:35:459 - Simulation 6 out of 10 done
2020-06-15_18:33:39:143 - Simulation 7 out of 10 done
2020-06-15_18:33:42:828 - Simulation 8 out of 10 done
2020-06-15_18:33:46:510 - Simulation 9 out of 10 done
2020-06-15_18:33:50:195 - Simulation 10 out of 10 done
2020-06-15_18:33:50:195 - > 1.0ii1.4ij
2020-06-15_18:33:53:880 - Simulation 1 out of 10 done
2020-06-15_18:33:57:564 - Simulation 2 out of 10 done
2020-06-15_18:34:01:249 - Simulation 3 out of 10 done
2020-06-15_18:34:04:932 - Simulation 4 out of 10 done
2020-06-15_18:34:08:617 - Simulation 5 out of 10 done
2020-06-15_18:34:12:302 - Simulation 6 out of 10 done
2020-06-15_18:34:15:986 - Simulation 7 out of 10 done
2020-06-15_18:34:19:671 - Simulation 8 out of 10 done
2020-06-15_18:34:23:356 - Simulation 9 out of 10 done
2020-06-15_18:34:27:047 - Simulation 10 out of 10 done
2020-06-15_18:34:27:047 - > 1.0ii1.6ij
2020-06-15_18:34:30:733 - Simulation 1 out of 10 done
2020-06-15_18:34:34:418 - Simulation 2 out of 10 done
2020-06-15_18:34:38:102 - Simulation 3 out of 10 done
2020-06-15_18:34:41:787 - Simulation 4 out of 10 done
2020-06-15_18:34:45:472 - Simulation 5 out of 10 done
2020-06-15_18:34:49:160 - Simulation 6 out of 10 done
2020-06-15_18:34:52:835 - Simulation 7 out of 10 done
2020-06-15_18:34:56:519 - Simulation 8 out of 10 done
2020-06-15_18:35:00:205 - Simulation 9 out of 10 done
2020-06-15_18:35:03:890 - Simulation 10 out of 10 done
2020-06-15_18:35:03:899 - # DLN_2_0.8_0.3_0.8
2020-06-15_18:35:04:236 - Network read
2020-06-15_18:35:04:237 - inter_layer_ep : 0.003601
2020-06-15_18:35:04:237 - intra_layer_eps:
2020-06-15_18:35:04:237 - 0.012099
2020-06-15_18:35:04:237 - 0.007326
2020-06-15_18:35:04:237 - 0.130400
2020-06-15_18:35:04:237 - > 1.2ii1.0ij
2020-06-15_18:35:27:928 - Simulation 1 out of 10 done
2020-06-15_18:35:51:642 - Simulation 2 out of 10 done
2020-06-15_18:36:15:366 - Simulation 3 out of 10 done
2020-06-15_18:36:39:084 - Simulation 4 out of 10 done
2020-06-15_18:37:02:817 - Simulation 5 out of 10 done
2020-06-15_18:37:26:544 - Simulation 6 out of 10 done
2020-06-15_18:37:50:271 - Simulation 7 out of 10 done
2020-06-15_18:38:13:999 - Simulation 8 out of 10 done
2020-06-15_18:38:37:725 - Simulation 9 out of 10 done
2020-06-15_18:39:01:451 - Simulation 10 out of 10 done
2020-06-15_18:39:01:451 - > 1.4ii1.0ij
2020-06-15_18:39:25:193 - Simulation 1 out of 10 done
2020-06-15_18:39:48:926 - Simulation 2 out of 10 done
2020-06-15_18:40:12:683 - Simulation 3 out of 10 done
2020-06-15_18:40:36:411 - Simulation 4 out of 10 done
2020-06-15_18:41:00:147 - Simulation 5 out of 10 done
2020-06-15_18:41:23:898 - Simulation 6 out of 10 done
2020-06-15_18:41:47:641 - Simulation 7 out of 10 done
2020-06-15_18:42:11:391 - Simulation 8 out of 10 done
2020-06-15_18:42:35:115 - Simulation 9 out of 10 done
2020-06-15_18:42:58:838 - Simulation 10 out of 10 done
2020-06-15_18:42:58:838 - > 1.6ii1.0ij
2020-06-15_18:43:22:592 - Simulation 1 out of 10 done
2020-06-15_18:43:46:358 - Simulation 2 out of 10 done
2020-06-15_18:44:10:119 - Simulation 3 out of 10 done
2020-06-15_18:44:33:891 - Simulation 4 out of 10 done
2020-06-15_18:44:57:675 - Simulation 5 out of 10 done
2020-06-15_18:45:21:446 - Simulation 6 out of 10 done
2020-06-15_18:45:45:218 - Simulation 7 out of 10 done
2020-06-15_18:46:08:991 - Simulation 8 out of 10 done
2020-06-15_18:46:32:773 - Simulation 9 out of 10 done
2020-06-15_18:46:56:557 - Simulation 10 out of 10 done
2020-06-15_18:46:56:557 - > 1.0ii1.2ij
2020-06-15_18:47:20:277 - Simulation 1 out of 10 done
2020-06-15_18:47:44:010 - Simulation 2 out of 10 done
2020-06-15_18:48:07:749 - Simulation 3 out of 10 done
2020-06-15_18:48:31:468 - Simulation 4 out of 10 done
2020-06-15_18:48:55:175 - Simulation 5 out of 10 done
2020-06-15_18:49:18:900 - Simulation 6 out of 10 done
2020-06-15_18:49:42:619 - Simulation 7 out of 10 done
2020-06-15_18:50:06:334 - Simulation 8 out of 10 done
2020-06-15_18:50:30:066 - Simulation 9 out of 10 done
2020-06-15_18:50:53:787 - Simulation 10 out of 10 done
2020-06-15_18:50:53:787 - > 1.0ii1.4ij
2020-06-15_18:51:17:505 - Simulation 1 out of 10 done
2020-06-15_18:51:41:218 - Simulation 2 out of 10 done
2020-06-15_18:52:04:934 - Simulation 3 out of 10 done
2020-06-15_18:52:28:665 - Simulation 4 out of 10 done
2020-06-15_18:52:52:372 - Simulation 5 out of 10 done
2020-06-15_18:53:16:079 - Simulation 6 out of 10 done
2020-06-15_18:53:39:793 - Simulation 7 out of 10 done
2020-06-15_18:54:03:510 - Simulation 8 out of 10 done
2020-06-15_18:54:27:242 - Simulation 9 out of 10 done
2020-06-15_18:54:50:981 - Simulation 10 out of 10 done
2020-06-15_18:54:50:981 - > 1.0ii1.6ij
2020-06-15_18:55:14:711 - Simulation 1 out of 10 done
2020-06-15_18:55:38:418 - Simulation 2 out of 10 done
2020-06-15_18:56:02:129 - Simulation 3 out of 10 done
2020-06-15_18:56:25:842 - Simulation 4 out of 10 done
2020-06-15_18:56:49:566 - Simulation 5 out of 10 done
2020-06-15_18:57:13:288 - Simulation 6 out of 10 done
2020-06-15_18:57:37:028 - Simulation 7 out of 10 done
2020-06-15_18:58:00:738 - Simulation 8 out of 10 done
2020-06-15_18:58:24:455 - Simulation 9 out of 10 done
2020-06-15_18:58:48:186 - Simulation 10 out of 10 done
2020-06-15_18:58:48:199 - # DLN_2_0.8_0.8_0.3
2020-06-15_18:58:48:542 - Network read
2020-06-15_18:58:48:542 - inter_layer_ep : 0.007574
2020-06-15_18:58:48:543 - intra_layer_eps:
2020-06-15_18:58:48:543 - 0.012099
2020-06-15_18:58:48:543 - 0.007326
2020-06-15_18:58:48:543 - 0.130400
2020-06-15_18:58:48:543 - > 1.2ii1.0ij
2020-06-15_18:59:12:280 - Simulation 1 out of 10 done
2020-06-15_18:59:36:031 - Simulation 2 out of 10 done
2020-06-15_18:59:59:765 - Simulation 3 out of 10 done
2020-06-15_19:00:23:519 - Simulation 4 out of 10 done
2020-06-15_19:00:47:256 - Simulation 5 out of 10 done
2020-06-15_19:01:10:995 - Simulation 6 out of 10 done
2020-06-15_19:01:34:707 - Simulation 7 out of 10 done
2020-06-15_19:01:58:440 - Simulation 8 out of 10 done
2020-06-15_19:02:22:156 - Simulation 9 out of 10 done
2020-06-15_19:02:45:882 - Simulation 10 out of 10 done
2020-06-15_19:02:45:882 - > 1.4ii1.0ij
2020-06-15_19:03:09:636 - Simulation 1 out of 10 done
2020-06-15_19:03:33:396 - Simulation 2 out of 10 done
2020-06-15_19:03:57:160 - Simulation 3 out of 10 done
2020-06-15_19:04:20:918 - Simulation 4 out of 10 done
2020-06-15_19:04:44:689 - Simulation 5 out of 10 done
2020-06-15_19:05:08:461 - Simulation 6 out of 10 done
2020-06-15_19:05:32:216 - Simulation 7 out of 10 done
2020-06-15_19:05:55:974 - Simulation 8 out of 10 done
2020-06-15_19:06:19:729 - Simulation 9 out of 10 done
2020-06-15_19:06:43:497 - Simulation 10 out of 10 done
2020-06-15_19:06:43:497 - > 1.6ii1.0ij
2020-06-15_19:07:07:298 - Simulation 1 out of 10 done
2020-06-15_19:07:31:094 - Simulation 2 out of 10 done
2020-06-15_19:07:54:894 - Simulation 3 out of 10 done
2020-06-15_19:08:18:689 - Simulation 4 out of 10 done
2020-06-15_19:08:42:479 - Simulation 5 out of 10 done
2020-06-15_19:09:06:266 - Simulation 6 out of 10 done
2020-06-15_19:09:30:048 - Simulation 7 out of 10 done
2020-06-15_19:09:53:831 - Simulation 8 out of 10 done
2020-06-15_19:10:17:633 - Simulation 9 out of 10 done
2020-06-15_19:10:41:434 - Simulation 10 out of 10 done
2020-06-15_19:10:41:434 - > 1.0ii1.2ij
2020-06-15_19:11:05:198 - Simulation 1 out of 10 done
2020-06-15_19:11:28:924 - Simulation 2 out of 10 done
2020-06-15_19:11:52:673 - Simulation 3 out of 10 done
2020-06-15_19:12:16:413 - Simulation 4 out of 10 done
2020-06-15_19:12:40:156 - Simulation 5 out of 10 done
2020-06-15_19:13:03:868 - Simulation 6 out of 10 done
2020-06-15_19:13:27:595 - Simulation 7 out of 10 done
2020-06-15_19:13:51:315 - Simulation 8 out of 10 done
2020-06-15_19:14:15:054 - Simulation 9 out of 10 done
2020-06-15_19:14:38:790 - Simulation 10 out of 10 done
2020-06-15_19:14:38:790 - > 1.0ii1.4ij
2020-06-15_19:15:02:522 - Simulation 1 out of 10 done
2020-06-15_19:15:26:258 - Simulation 2 out of 10 done
2020-06-15_19:15:50:000 - Simulation 3 out of 10 done
2020-06-15_19:16:13:760 - Simulation 4 out of 10 done
2020-06-15_19:16:37:524 - Simulation 5 out of 10 done
2020-06-15_19:17:01:269 - Simulation 6 out of 10 done
2020-06-15_19:17:24:999 - Simulation 7 out of 10 done
2020-06-15_19:17:48:722 - Simulation 8 out of 10 done
2020-06-15_19:18:12:458 - Simulation 9 out of 10 done
2020-06-15_19:18:36:193 - Simulation 10 out of 10 done
2020-06-15_19:18:36:193 - > 1.0ii1.6ij
2020-06-15_19:18:59:943 - Simulation 1 out of 10 done
2020-06-15_19:19:23:710 - Simulation 2 out of 10 done
2020-06-15_19:19:47:466 - Simulation 3 out of 10 done
2020-06-15_19:20:11:218 - Simulation 4 out of 10 done
2020-06-15_19:20:34:941 - Simulation 5 out of 10 done
2020-06-15_19:20:58:677 - Simulation 6 out of 10 done
2020-06-15_19:21:22:421 - Simulation 7 out of 10 done
2020-06-15_19:21:46:160 - Simulation 8 out of 10 done
2020-06-15_19:22:09:956 - Simulation 9 out of 10 done
2020-06-15_19:22:33:686 - Simulation 10 out of 10 done
2020-06-15_19:22:33:698 - # SLN_2_0.8_0.3_0.3
2020-06-15_19:22:33:868 - Network read
2020-06-15_19:22:33:868 - inter_layer_ep : 0.020184
2020-06-15_19:22:33:868 - intra_layer_eps:
2020-06-15_19:22:33:868 - 0.130400
2020-06-15_19:22:33:868 - 0.100416
2020-06-15_19:22:33:868 - 0.113161
2020-06-15_19:22:33:868 - 0.065595
2020-06-15_19:22:33:868 - > 1.2ii1.0ij
2020-06-15_19:22:37:624 - Simulation 1 out of 10 done
2020-06-15_19:22:41:356 - Simulation 2 out of 10 done
2020-06-15_19:22:45:078 - Simulation 3 out of 10 done
2020-06-15_19:22:48:799 - Simulation 4 out of 10 done
2020-06-15_19:22:52:531 - Simulation 5 out of 10 done
2020-06-15_19:22:56:251 - Simulation 6 out of 10 done
2020-06-15_19:22:59:982 - Simulation 7 out of 10 done
2020-06-15_19:23:03:716 - Simulation 8 out of 10 done
2020-06-15_19:23:07:446 - Simulation 9 out of 10 done
2020-06-15_19:23:11:170 - Simulation 10 out of 10 done
2020-06-15_19:23:11:170 - > 1.4ii1.0ij
2020-06-15_19:23:14:941 - Simulation 1 out of 10 done
2020-06-15_19:23:18:696 - Simulation 2 out of 10 done
2020-06-15_19:23:22:466 - Simulation 3 out of 10 done
2020-06-15_19:23:26:224 - Simulation 4 out of 10 done
2020-06-15_19:23:29:980 - Simulation 5 out of 10 done
2020-06-15_19:23:33:748 - Simulation 6 out of 10 done
2020-06-15_19:23:37:504 - Simulation 7 out of 10 done
2020-06-15_19:23:41:259 - Simulation 8 out of 10 done
2020-06-15_19:23:45:018 - Simulation 9 out of 10 done
2020-06-15_19:23:48:788 - Simulation 10 out of 10 done
2020-06-15_19:23:48:788 - > 1.6ii1.0ij
2020-06-15_19:23:52:732 - Simulation 1 out of 10 done
2020-06-15_19:23:56:670 - Simulation 2 out of 10 done
2020-06-15_19:24:00:609 - Simulation 3 out of 10 done
2020-06-15_19:24:04:543 - Simulation 4 out of 10 done
2020-06-15_19:24:08:490 - Simulation 5 out of 10 done
2020-06-15_19:24:12:451 - Simulation 6 out of 10 done
2020-06-15_19:24:16:396 - Simulation 7 out of 10 done
2020-06-15_19:24:20:352 - Simulation 8 out of 10 done
2020-06-15_19:24:24:283 - Simulation 9 out of 10 done
2020-06-15_19:24:28:221 - Simulation 10 out of 10 done
2020-06-15_19:24:28:221 - > 1.0ii1.2ij
2020-06-15_19:24:31:923 - Simulation 1 out of 10 done
2020-06-15_19:24:35:629 - Simulation 2 out of 10 done
2020-06-15_19:24:39:350 - Simulation 3 out of 10 done
2020-06-15_19:24:43:072 - Simulation 4 out of 10 done
2020-06-15_19:24:46:778 - Simulation 5 out of 10 done
2020-06-15_19:24:50:501 - Simulation 6 out of 10 done
2020-06-15_19:24:54:227 - Simulation 7 out of 10 done
2020-06-15_19:24:57:932 - Simulation 8 out of 10 done
2020-06-15_19:25:01:650 - Simulation 9 out of 10 done
2020-06-15_19:25:05:368 - Simulation 10 out of 10 done
2020-06-15_19:25:05:368 - > 1.0ii1.4ij
2020-06-15_19:25:09:096 - Simulation 1 out of 10 done
2020-06-15_19:25:12:823 - Simulation 2 out of 10 done
2020-06-15_19:25:16:538 - Simulation 3 out of 10 done
2020-06-15_19:25:20:267 - Simulation 4 out of 10 done
2020-06-15_19:25:23:998 - Simulation 5 out of 10 done
2020-06-15_19:25:27:739 - Simulation 6 out of 10 done
2020-06-15_19:25:31:476 - Simulation 7 out of 10 done
2020-06-15_19:25:35:221 - Simulation 8 out of 10 done
2020-06-15_19:25:38:931 - Simulation 9 out of 10 done
2020-06-15_19:25:42:643 - Simulation 10 out of 10 done
2020-06-15_19:25:42:643 - > 1.0ii1.6ij
2020-06-15_19:25:46:363 - Simulation 1 out of 10 done
2020-06-15_19:25:50:111 - Simulation 2 out of 10 done
2020-06-15_19:25:53:857 - Simulation 3 out of 10 done
2020-06-15_19:25:57:612 - Simulation 4 out of 10 done
2020-06-15_19:26:01:366 - Simulation 5 out of 10 done
2020-06-15_19:26:05:117 - Simulation 6 out of 10 done
2020-06-15_19:26:08:868 - Simulation 7 out of 10 done
2020-06-15_19:26:12:617 - Simulation 8 out of 10 done
2020-06-15_19:26:16:327 - Simulation 9 out of 10 done
2020-06-15_19:26:20:044 - Simulation 10 out of 10 done
2020-06-15_19:26:20:051 - # SLN_2_0.3_0.8_0.8
2020-06-15_19:26:20:262 - Network read
2020-06-15_19:26:20:262 - inter_layer_ep : 0.003246
2020-06-15_19:26:20:262 - intra_layer_eps:
2020-06-15_19:26:20:262 - 0.130400
2020-06-15_19:26:20:262 - 0.100416
2020-06-15_19:26:20:263 - 0.113161
2020-06-15_19:26:20:263 - 0.065595
2020-06-15_19:26:20:263 - > 1.2ii1.0ij
2020-06-15_19:26:23:989 - Simulation 1 out of 10 done
2020-06-15_19:26:27:719 - Simulation 2 out of 10 done
2020-06-15_19:26:31:455 - Simulation 3 out of 10 done
2020-06-15_19:26:35:190 - Simulation 4 out of 10 done
2020-06-15_19:26:38:914 - Simulation 5 out of 10 done
2020-06-15_19:26:42:641 - Simulation 6 out of 10 done
2020-06-15_19:26:46:378 - Simulation 7 out of 10 done
2020-06-15_19:26:50:105 - Simulation 8 out of 10 done
2020-06-15_19:26:53:836 - Simulation 9 out of 10 done
2020-06-15_19:26:57:550 - Simulation 10 out of 10 done
2020-06-15_19:26:57:550 - > 1.4ii1.0ij
2020-06-15_19:27:01:275 - Simulation 1 out of 10 done
2020-06-15_19:27:05:014 - Simulation 2 out of 10 done
2020-06-15_19:27:08:761 - Simulation 3 out of 10 done
2020-06-15_19:27:12:516 - Simulation 4 out of 10 done
2020-06-15_19:27:16:268 - Simulation 5 out of 10 done
2020-06-15_19:27:19:991 - Simulation 6 out of 10 done
2020-06-15_19:27:23:737 - Simulation 7 out of 10 done
2020-06-15_19:27:27:496 - Simulation 8 out of 10 done
2020-06-15_19:27:31:245 - Simulation 9 out of 10 done
2020-06-15_19:27:35:005 - Simulation 10 out of 10 done
2020-06-15_19:27:35:006 - > 1.6ii1.0ij
2020-06-15_19:27:38:789 - Simulation 1 out of 10 done
2020-06-15_19:27:42:552 - Simulation 2 out of 10 done
2020-06-15_19:27:46:320 - Simulation 3 out of 10 done
2020-06-15_19:27:50:108 - Simulation 4 out of 10 done
2020-06-15_19:27:53:908 - Simulation 5 out of 10 done
2020-06-15_19:27:57:711 - Simulation 6 out of 10 done
2020-06-15_19:28:01:488 - Simulation 7 out of 10 done
2020-06-15_19:28:05:281 - Simulation 8 out of 10 done
2020-06-15_19:28:09:066 - Simulation 9 out of 10 done
2020-06-15_19:28:12:844 - Simulation 10 out of 10 done
2020-06-15_19:28:12:844 - > 1.0ii1.2ij
2020-06-15_19:28:16:582 - Simulation 1 out of 10 done
2020-06-15_19:28:20:320 - Simulation 2 out of 10 done
2020-06-15_19:28:24:036 - Simulation 3 out of 10 done
2020-06-15_19:28:27:742 - Simulation 4 out of 10 done
2020-06-15_19:28:31:464 - Simulation 5 out of 10 done
2020-06-15_19:28:35:197 - Simulation 6 out of 10 done
2020-06-15_19:28:38:934 - Simulation 7 out of 10 done
2020-06-15_19:28:42:642 - Simulation 8 out of 10 done
2020-06-15_19:28:46:376 - Simulation 9 out of 10 done
2020-06-15_19:28:50:109 - Simulation 10 out of 10 done
2020-06-15_19:28:50:109 - > 1.0ii1.4ij
2020-06-15_19:28:53:858 - Simulation 1 out of 10 done
2020-06-15_19:28:57:579 - Simulation 2 out of 10 done
2020-06-15_19:29:01:319 - Simulation 3 out of 10 done
2020-06-15_19:29:05:031 - Simulation 4 out of 10 done
2020-06-15_19:29:08:768 - Simulation 5 out of 10 done
2020-06-15_19:29:12:507 - Simulation 6 out of 10 done
2020-06-15_19:29:16:240 - Simulation 7 out of 10 done
2020-06-15_19:29:19:984 - Simulation 8 out of 10 done
2020-06-15_19:29:23:726 - Simulation 9 out of 10 done
2020-06-15_19:29:27:453 - Simulation 10 out of 10 done
2020-06-15_19:29:27:453 - > 1.0ii1.6ij
2020-06-15_19:29:31:184 - Simulation 1 out of 10 done
2020-06-15_19:29:34:927 - Simulation 2 out of 10 done
2020-06-15_19:29:38:649 - Simulation 3 out of 10 done
2020-06-15_19:29:42:401 - Simulation 4 out of 10 done
2020-06-15_19:29:46:154 - Simulation 5 out of 10 done
2020-06-15_19:29:49:896 - Simulation 6 out of 10 done
2020-06-15_19:29:53:626 - Simulation 7 out of 10 done
2020-06-15_19:29:57:360 - Simulation 8 out of 10 done
2020-06-15_19:30:01:084 - Simulation 9 out of 10 done
2020-06-15_19:30:04:817 - Simulation 10 out of 10 done
2020-06-15_19:30:04:828 - # DLN_2_0.3_0.8_0.3
2020-06-15_19:30:05:232 - Network read
2020-06-15_19:30:05:232 - inter_layer_ep : 0.007356
2020-06-15_19:30:05:232 - intra_layer_eps:
2020-06-15_19:30:05:232 - 0.012099
2020-06-15_19:30:05:232 - 0.007326
2020-06-15_19:30:05:232 - 0.130400
2020-06-15_19:30:05:232 - > 1.2ii1.0ij
2020-06-15_19:30:28:976 - Simulation 1 out of 10 done
2020-06-15_19:30:52:765 - Simulation 2 out of 10 done
2020-06-15_19:31:16:564 - Simulation 3 out of 10 done
2020-06-15_19:31:40:305 - Simulation 4 out of 10 done
2020-06-15_19:32:04:044 - Simulation 5 out of 10 done
2020-06-15_19:32:27:750 - Simulation 6 out of 10 done
2020-06-15_19:32:51:503 - Simulation 7 out of 10 done
2020-06-15_19:33:15:196 - Simulation 8 out of 10 done
2020-06-15_19:33:38:931 - Simulation 9 out of 10 done
2020-06-15_19:34:02:626 - Simulation 10 out of 10 done
2020-06-15_19:34:02:626 - > 1.4ii1.0ij
2020-06-15_19:34:26:359 - Simulation 1 out of 10 done
2020-06-15_19:34:50:117 - Simulation 2 out of 10 done
2020-06-15_19:35:13:841 - Simulation 3 out of 10 done
2020-06-15_19:35:37:565 - Simulation 4 out of 10 done
2020-06-15_19:36:01:290 - Simulation 5 out of 10 done
2020-06-15_19:36:25:020 - Simulation 6 out of 10 done
2020-06-15_19:36:48:753 - Simulation 7 out of 10 done
2020-06-15_19:37:12:485 - Simulation 8 out of 10 done
2020-06-15_19:37:36:218 - Simulation 9 out of 10 done
2020-06-15_19:37:59:963 - Simulation 10 out of 10 done
2020-06-15_19:37:59:963 - > 1.6ii1.0ij
2020-06-15_19:38:23:751 - Simulation 1 out of 10 done
2020-06-15_19:38:47:534 - Simulation 2 out of 10 done
2020-06-15_19:39:11:324 - Simulation 3 out of 10 done
2020-06-15_19:39:35:122 - Simulation 4 out of 10 done
2020-06-15_19:39:58:903 - Simulation 5 out of 10 done
2020-06-15_19:40:22:699 - Simulation 6 out of 10 done
2020-06-15_19:40:46:484 - Simulation 7 out of 10 done
2020-06-15_19:41:10:264 - Simulation 8 out of 10 done
2020-06-15_19:41:34:063 - Simulation 9 out of 10 done
2020-06-15_19:41:57:855 - Simulation 10 out of 10 done
2020-06-15_19:41:57:855 - > 1.0ii1.2ij
2020-06-15_19:42:21:545 - Simulation 1 out of 10 done
2020-06-15_19:42:45:239 - Simulation 2 out of 10 done
2020-06-15_19:43:08:926 - Simulation 3 out of 10 done
2020-06-15_19:43:32:608 - Simulation 4 out of 10 done
2020-06-15_19:43:56:290 - Simulation 5 out of 10 done
2020-06-15_19:44:19:970 - Simulation 6 out of 10 done
2020-06-15_19:44:43:666 - Simulation 7 out of 10 done
2020-06-15_19:45:07:355 - Simulation 8 out of 10 done
2020-06-15_19:45:31:053 - Simulation 9 out of 10 done
2020-06-15_19:45:54:749 - Simulation 10 out of 10 done
2020-06-15_19:45:54:749 - > 1.0ii1.4ij
2020-06-15_19:46:18:447 - Simulation 1 out of 10 done
2020-06-15_19:46:42:140 - Simulation 2 out of 10 done
2020-06-15_19:47:05:839 - Simulation 3 out of 10 done
2020-06-15_19:47:29:533 - Simulation 4 out of 10 done
2020-06-15_19:47:53:238 - Simulation 5 out of 10 done
2020-06-15_19:48:16:931 - Simulation 6 out of 10 done
2020-06-15_19:48:40:621 - Simulation 7 out of 10 done
2020-06-15_19:49:04:307 - Simulation 8 out of 10 done
2020-06-15_19:49:27:997 - Simulation 9 out of 10 done
2020-06-15_19:49:51:676 - Simulation 10 out of 10 done
2020-06-15_19:49:51:676 - > 1.0ii1.6ij
2020-06-15_19:50:15:388 - Simulation 1 out of 10 done
2020-06-15_19:50:39:070 - Simulation 2 out of 10 done
2020-06-15_19:51:02:770 - Simulation 3 out of 10 done
2020-06-15_19:51:26:467 - Simulation 4 out of 10 done
2020-06-15_19:51:50:159 - Simulation 5 out of 10 done
2020-06-15_19:52:13:857 - Simulation 6 out of 10 done
2020-06-15_19:52:37:537 - Simulation 7 out of 10 done
2020-06-15_19:53:01:239 - Simulation 8 out of 10 done
2020-06-15_19:53:24:930 - Simulation 9 out of 10 done
2020-06-15_19:53:48:615 - Simulation 10 out of 10 done
2020-06-15_19:53:48:627 - # DLN_2_0.3_0.3_0.8
2020-06-15_19:53:49:022 - Network read
2020-06-15_19:53:49:022 - inter_layer_ep : 0.002545
2020-06-15_19:53:49:022 - intra_layer_eps:
2020-06-15_19:53:49:022 - 0.012099
2020-06-15_19:53:49:022 - 0.007326
2020-06-15_19:53:49:022 - 0.130400
2020-06-15_19:53:49:022 - > 1.2ii1.0ij
2020-06-15_19:54:12:769 - Simulation 1 out of 10 done
2020-06-15_19:54:36:520 - Simulation 2 out of 10 done
2020-06-15_19:55:00:269 - Simulation 3 out of 10 done
2020-06-15_19:55:24:029 - Simulation 4 out of 10 done
2020-06-15_19:55:47:791 - Simulation 5 out of 10 done
2020-06-15_19:56:11:553 - Simulation 6 out of 10 done
2020-06-15_19:56:35:313 - Simulation 7 out of 10 done
2020-06-15_19:56:59:075 - Simulation 8 out of 10 done
2020-06-15_19:57:22:837 - Simulation 9 out of 10 done
2020-06-15_19:57:46:597 - Simulation 10 out of 10 done
2020-06-15_19:57:46:597 - > 1.4ii1.0ij
2020-06-15_19:58:10:375 - Simulation 1 out of 10 done
2020-06-15_19:58:34:156 - Simulation 2 out of 10 done
2020-06-15_19:58:57:931 - Simulation 3 out of 10 done
2020-06-15_19:59:21:707 - Simulation 4 out of 10 done
2020-06-15_19:59:45:492 - Simulation 5 out of 10 done
2020-06-15_20:00:09:260 - Simulation 6 out of 10 done
2020-06-15_20:00:33:039 - Simulation 7 out of 10 done
2020-06-15_20:00:56:809 - Simulation 8 out of 10 done
2020-06-15_20:01:20:588 - Simulation 9 out of 10 done
2020-06-15_20:01:44:363 - Simulation 10 out of 10 done
2020-06-15_20:01:44:363 - > 1.6ii1.0ij
2020-06-15_20:02:08:170 - Simulation 1 out of 10 done
2020-06-15_20:02:31:977 - Simulation 2 out of 10 done
2020-06-15_20:02:55:779 - Simulation 3 out of 10 done
2020-06-15_20:03:19:591 - Simulation 4 out of 10 done
2020-06-15_20:03:43:408 - Simulation 5 out of 10 done
2020-06-15_20:04:07:223 - Simulation 6 out of 10 done
2020-06-15_20:04:31:039 - Simulation 7 out of 10 done
2020-06-15_20:04:54:849 - Simulation 8 out of 10 done
2020-06-15_20:05:18:674 - Simulation 9 out of 10 done
2020-06-15_20:05:42:479 - Simulation 10 out of 10 done
2020-06-15_20:05:42:479 - > 1.0ii1.2ij
2020-06-15_20:06:06:776 - Simulation 1 out of 10 done
2020-06-15_20:06:30:961 - Simulation 2 out of 10 done
2020-06-15_20:06:55:236 - Simulation 3 out of 10 done
2020-06-15_20:07:19:111 - Simulation 4 out of 10 done
2020-06-15_20:07:42:881 - Simulation 5 out of 10 done
2020-06-15_20:08:06:634 - Simulation 6 out of 10 done
2020-06-15_20:08:30:374 - Simulation 7 out of 10 done
2020-06-15_20:08:54:108 - Simulation 8 out of 10 done
2020-06-15_20:09:17:842 - Simulation 9 out of 10 done
2020-06-15_20:09:41:564 - Simulation 10 out of 10 done
2020-06-15_20:09:41:564 - > 1.0ii1.4ij
2020-06-15_20:10:05:305 - Simulation 1 out of 10 done
2020-06-15_20:10:29:033 - Simulation 2 out of 10 done
2020-06-15_20:10:52:751 - Simulation 3 out of 10 done
2020-06-15_20:11:16:507 - Simulation 4 out of 10 done
2020-06-15_20:11:40:268 - Simulation 5 out of 10 done
2020-06-15_20:12:04:001 - Simulation 6 out of 10 done
2020-06-15_20:12:27:734 - Simulation 7 out of 10 done
2020-06-15_20:12:51:475 - Simulation 8 out of 10 done
2020-06-15_20:13:15:228 - Simulation 9 out of 10 done
2020-06-15_20:13:38:957 - Simulation 10 out of 10 done
2020-06-15_20:13:38:957 - > 1.0ii1.6ij
2020-06-15_20:14:02:702 - Simulation 1 out of 10 done
2020-06-15_20:14:26:429 - Simulation 2 out of 10 done
2020-06-15_20:14:50:183 - Simulation 3 out of 10 done
2020-06-15_20:15:13:915 - Simulation 4 out of 10 done
2020-06-15_20:15:37:631 - Simulation 5 out of 10 done
2020-06-15_20:16:01:371 - Simulation 6 out of 10 done
2020-06-15_20:16:25:124 - Simulation 7 out of 10 done
2020-06-15_20:16:48:852 - Simulation 8 out of 10 done
2020-06-15_20:17:12:583 - Simulation 9 out of 10 done
2020-06-15_20:17:36:296 - Simulation 10 out of 10 done
2020-06-15_20:17:36:309 - # SLN_2_0.3_0.8_0.3
2020-06-15_20:17:36:525 - Network read
2020-06-15_20:17:36:525 - inter_layer_ep : 0.014876
2020-06-15_20:17:36:525 - intra_layer_eps:
2020-06-15_20:17:36:525 - 0.130400
2020-06-15_20:17:36:525 - 0.100416
2020-06-15_20:17:36:525 - 0.113161
2020-06-15_20:17:36:525 - 0.065595
2020-06-15_20:17:36:525 - > 1.2ii1.0ij
2020-06-15_20:17:40:270 - Simulation 1 out of 10 done
2020-06-15_20:17:44:007 - Simulation 2 out of 10 done
2020-06-15_20:17:47:742 - Simulation 3 out of 10 done
2020-06-15_20:17:51:475 - Simulation 4 out of 10 done
2020-06-15_20:17:55:209 - Simulation 5 out of 10 done
2020-06-15_20:17:58:945 - Simulation 6 out of 10 done
2020-06-15_20:18:02:690 - Simulation 7 out of 10 done
2020-06-15_20:18:06:431 - Simulation 8 out of 10 done
2020-06-15_20:18:10:177 - Simulation 9 out of 10 done
2020-06-15_20:18:13:918 - Simulation 10 out of 10 done
2020-06-15_20:18:13:918 - > 1.4ii1.0ij
2020-06-15_20:18:17:703 - Simulation 1 out of 10 done
2020-06-15_20:18:21:491 - Simulation 2 out of 10 done
2020-06-15_20:18:25:286 - Simulation 3 out of 10 done
2020-06-15_20:18:29:083 - Simulation 4 out of 10 done
2020-06-15_20:18:32:870 - Simulation 5 out of 10 done
2020-06-15_20:18:36:667 - Simulation 6 out of 10 done
2020-06-15_20:18:40:454 - Simulation 7 out of 10 done
2020-06-15_20:18:44:246 - Simulation 8 out of 10 done
2020-06-15_20:18:48:049 - Simulation 9 out of 10 done
2020-06-15_20:18:51:837 - Simulation 10 out of 10 done
2020-06-15_20:18:51:837 - > 1.6ii1.0ij
2020-06-15_20:18:55:820 - Simulation 1 out of 10 done
2020-06-15_20:18:59:817 - Simulation 2 out of 10 done
2020-06-15_20:19:03:819 - Simulation 3 out of 10 done
2020-06-15_20:19:07:807 - Simulation 4 out of 10 done
2020-06-15_20:19:11:804 - Simulation 5 out of 10 done
2020-06-15_20:19:15:801 - Simulation 6 out of 10 done
2020-06-15_20:19:19:791 - Simulation 7 out of 10 done
2020-06-15_20:19:23:789 - Simulation 8 out of 10 done
2020-06-15_20:19:27:784 - Simulation 9 out of 10 done
2020-06-15_20:19:31:780 - Simulation 10 out of 10 done
2020-06-15_20:19:31:780 - > 1.0ii1.2ij
2020-06-15_20:19:35:503 - Simulation 1 out of 10 done
2020-06-15_20:19:39:241 - Simulation 2 out of 10 done
2020-06-15_20:19:42:966 - Simulation 3 out of 10 done
2020-06-15_20:19:46:692 - Simulation 4 out of 10 done
2020-06-15_20:19:50:426 - Simulation 5 out of 10 done
2020-06-15_20:19:54:150 - Simulation 6 out of 10 done
2020-06-15_20:19:57:888 - Simulation 7 out of 10 done
2020-06-15_20:20:01:641 - Simulation 8 out of 10 done
2020-06-15_20:20:05:393 - Simulation 9 out of 10 done
2020-06-15_20:20:09:148 - Simulation 10 out of 10 done
2020-06-15_20:20:09:148 - > 1.0ii1.4ij
2020-06-15_20:20:12:902 - Simulation 1 out of 10 done
2020-06-15_20:20:16:650 - Simulation 2 out of 10 done
2020-06-15_20:20:20:384 - Simulation 3 out of 10 done
2020-06-15_20:20:24:116 - Simulation 4 out of 10 done
2020-06-15_20:20:27:851 - Simulation 5 out of 10 done
2020-06-15_20:20:31:587 - Simulation 6 out of 10 done
2020-06-15_20:20:35:349 - Simulation 7 out of 10 done
2020-06-15_20:20:39:101 - Simulation 8 out of 10 done
2020-06-15_20:20:42:834 - Simulation 9 out of 10 done
2020-06-15_20:20:46:571 - Simulation 10 out of 10 done
2020-06-15_20:20:46:571 - > 1.0ii1.6ij
2020-06-15_20:20:50:333 - Simulation 1 out of 10 done
2020-06-15_20:20:54:090 - Simulation 2 out of 10 done
2020-06-15_20:20:57:858 - Simulation 3 out of 10 done
2020-06-15_20:21:01:623 - Simulation 4 out of 10 done
2020-06-15_20:21:05:396 - Simulation 5 out of 10 done
2020-06-15_20:21:09:144 - Simulation 6 out of 10 done
2020-06-15_20:21:12:917 - Simulation 7 out of 10 done
2020-06-15_20:21:16:669 - Simulation 8 out of 10 done
2020-06-15_20:21:20:421 - Simulation 9 out of 10 done
2020-06-15_20:21:24:177 - Simulation 10 out of 10 done
2020-06-15_20:21:24:184 - # SLN_2_0.8_0.3_0.8
2020-06-15_20:21:24:350 - Network read
2020-06-15_20:21:24:350 - inter_layer_ep : 0.005386
2020-06-15_20:21:24:350 - intra_layer_eps:
2020-06-15_20:21:24:350 - 0.130400
2020-06-15_20:21:24:350 - 0.100416
2020-06-15_20:21:24:350 - 0.113161
2020-06-15_20:21:24:350 - 0.065595
2020-06-15_20:21:24:350 - > 1.2ii1.0ij
2020-06-15_20:21:28:088 - Simulation 1 out of 10 done
2020-06-15_20:21:31:841 - Simulation 2 out of 10 done
2020-06-15_20:21:35:585 - Simulation 3 out of 10 done
2020-06-15_20:21:39:328 - Simulation 4 out of 10 done
2020-06-15_20:21:43:079 - Simulation 5 out of 10 done
2020-06-15_20:21:46:829 - Simulation 6 out of 10 done
2020-06-15_20:21:50:579 - Simulation 7 out of 10 done
2020-06-15_20:21:54:331 - Simulation 8 out of 10 done
2020-06-15_20:21:58:100 - Simulation 9 out of 10 done
2020-06-15_20:22:01:836 - Simulation 10 out of 10 done
2020-06-15_20:22:01:836 - > 1.4ii1.0ij
2020-06-15_20:22:05:617 - Simulation 1 out of 10 done
2020-06-15_20:22:09:395 - Simulation 2 out of 10 done
2020-06-15_20:22:13:161 - Simulation 3 out of 10 done
2020-06-15_20:22:16:922 - Simulation 4 out of 10 done
2020-06-15_20:22:20:694 - Simulation 5 out of 10 done
2020-06-15_20:22:24:456 - Simulation 6 out of 10 done
2020-06-15_20:22:28:245 - Simulation 7 out of 10 done
2020-06-15_20:22:32:011 - Simulation 8 out of 10 done
2020-06-15_20:22:35:773 - Simulation 9 out of 10 done
2020-06-15_20:22:39:523 - Simulation 10 out of 10 done
2020-06-15_20:22:39:523 - > 1.6ii1.0ij
2020-06-15_20:22:43:326 - Simulation 1 out of 10 done
2020-06-15_20:22:47:135 - Simulation 2 out of 10 done
2020-06-15_20:22:50:943 - Simulation 3 out of 10 done
2020-06-15_20:22:54:745 - Simulation 4 out of 10 done
2020-06-15_20:22:58:544 - Simulation 5 out of 10 done
2020-06-15_20:23:02:359 - Simulation 6 out of 10 done
2020-06-15_20:23:06:172 - Simulation 7 out of 10 done
2020-06-15_20:23:09:962 - Simulation 8 out of 10 done
2020-06-15_20:23:13:762 - Simulation 9 out of 10 done
2020-06-15_20:23:17:564 - Simulation 10 out of 10 done
2020-06-15_20:23:17:564 - > 1.0ii1.2ij
2020-06-15_20:23:21:336 - Simulation 1 out of 10 done
2020-06-15_20:23:25:076 - Simulation 2 out of 10 done
2020-06-15_20:23:28:808 - Simulation 3 out of 10 done
2020-06-15_20:23:32:566 - Simulation 4 out of 10 done
2020-06-15_20:23:36:323 - Simulation 5 out of 10 done
2020-06-15_20:23:40:085 - Simulation 6 out of 10 done
2020-06-15_20:23:43:845 - Simulation 7 out of 10 done
2020-06-15_20:23:47:601 - Simulation 8 out of 10 done
2020-06-15_20:23:51:351 - Simulation 9 out of 10 done
2020-06-15_20:23:55:092 - Simulation 10 out of 10 done
2020-06-15_20:23:55:092 - > 1.0ii1.4ij
2020-06-15_20:23:58:834 - Simulation 1 out of 10 done
2020-06-15_20:24:02:575 - Simulation 2 out of 10 done
2020-06-15_20:24:06:332 - Simulation 3 out of 10 done
2020-06-15_20:24:10:087 - Simulation 4 out of 10 done
2020-06-15_20:24:13:849 - Simulation 5 out of 10 done
2020-06-15_20:24:17:583 - Simulation 6 out of 10 done
2020-06-15_20:24:21:310 - Simulation 7 out of 10 done
2020-06-15_20:24:25:031 - Simulation 8 out of 10 done
2020-06-15_20:24:28:758 - Simulation 9 out of 10 done
2020-06-15_20:24:32:490 - Simulation 10 out of 10 done
2020-06-15_20:24:32:490 - > 1.0ii1.6ij
2020-06-15_20:24:36:221 - Simulation 1 out of 10 done
2020-06-15_20:24:39:960 - Simulation 2 out of 10 done
2020-06-15_20:24:43:695 - Simulation 3 out of 10 done
2020-06-15_20:24:47:428 - Simulation 4 out of 10 done
2020-06-15_20:24:51:166 - Simulation 5 out of 10 done
2020-06-15_20:24:54:906 - Simulation 6 out of 10 done
2020-06-15_20:24:58:646 - Simulation 7 out of 10 done
2020-06-15_20:25:02:392 - Simulation 8 out of 10 done
2020-06-15_20:25:06:157 - Simulation 9 out of 10 done
2020-06-15_20:25:09:916 - Simulation 10 out of 10 done
2020-06-15_20:25:09:924 - # DLN_2_0.3_0.8_0.8
2020-06-15_20:25:10:295 - Network read
2020-06-15_20:25:10:295 - inter_layer_ep : 0.002501
2020-06-15_20:25:10:295 - intra_layer_eps:
2020-06-15_20:25:10:295 - 0.012099
2020-06-15_20:25:10:295 - 0.007326
2020-06-15_20:25:10:295 - 0.130400
2020-06-15_20:25:10:295 - > 1.2ii1.0ij
2020-06-15_20:25:33:981 - Simulation 1 out of 10 done
2020-06-15_20:25:57:743 - Simulation 2 out of 10 done
2020-06-15_20:26:21:444 - Simulation 3 out of 10 done
2020-06-15_20:26:45:152 - Simulation 4 out of 10 done
2020-06-15_20:27:08:874 - Simulation 5 out of 10 done
2020-06-15_20:27:32:561 - Simulation 6 out of 10 done
2020-06-15_20:27:56:227 - Simulation 7 out of 10 done
2020-06-15_20:28:19:874 - Simulation 8 out of 10 done
2020-06-15_20:28:43:524 - Simulation 9 out of 10 done
2020-06-15_20:29:07:184 - Simulation 10 out of 10 done
2020-06-15_20:29:07:184 - > 1.4ii1.0ij
2020-06-15_20:29:30:855 - Simulation 1 out of 10 done
2020-06-15_20:29:54:547 - Simulation 2 out of 10 done
2020-06-15_20:30:18:233 - Simulation 3 out of 10 done
2020-06-15_20:30:41:937 - Simulation 4 out of 10 done
2020-06-15_20:31:05:654 - Simulation 5 out of 10 done
2020-06-15_20:31:29:368 - Simulation 6 out of 10 done
2020-06-15_20:31:53:070 - Simulation 7 out of 10 done
2020-06-15_20:32:16:765 - Simulation 8 out of 10 done
2020-06-15_20:32:40:412 - Simulation 9 out of 10 done
2020-06-15_20:33:04:080 - Simulation 10 out of 10 done
2020-06-15_20:33:04:080 - > 1.6ii1.0ij
2020-06-15_20:33:27:780 - Simulation 1 out of 10 done
2020-06-15_20:33:51:521 - Simulation 2 out of 10 done
2020-06-15_20:34:15:229 - Simulation 3 out of 10 done
2020-06-15_20:34:38:928 - Simulation 4 out of 10 done
2020-06-15_20:35:02:644 - Simulation 5 out of 10 done
2020-06-15_20:35:26:348 - Simulation 6 out of 10 done
2020-06-15_20:35:50:047 - Simulation 7 out of 10 done
2020-06-15_20:36:13:874 - Simulation 8 out of 10 done
2020-06-15_20:36:37:576 - Simulation 9 out of 10 done
2020-06-15_20:37:01:282 - Simulation 10 out of 10 done
2020-06-15_20:37:01:282 - > 1.0ii1.2ij
2020-06-15_20:37:24:937 - Simulation 1 out of 10 done
2020-06-15_20:37:48:596 - Simulation 2 out of 10 done
2020-06-15_20:38:12:245 - Simulation 3 out of 10 done
2020-06-15_20:38:35:890 - Simulation 4 out of 10 done
2020-06-15_20:38:59:529 - Simulation 5 out of 10 done
2020-06-15_20:39:23:167 - Simulation 6 out of 10 done
2020-06-15_20:39:46:806 - Simulation 7 out of 10 done
2020-06-15_20:40:10:459 - Simulation 8 out of 10 done
2020-06-15_20:40:34:107 - Simulation 9 out of 10 done
2020-06-15_20:40:57:759 - Simulation 10 out of 10 done
2020-06-15_20:40:57:759 - > 1.0ii1.4ij
2020-06-15_20:41:21:449 - Simulation 1 out of 10 done
2020-06-15_20:41:45:095 - Simulation 2 out of 10 done
2020-06-15_20:42:08:756 - Simulation 3 out of 10 done
2020-06-15_20:42:32:395 - Simulation 4 out of 10 done
2020-06-15_20:42:56:031 - Simulation 5 out of 10 done
2020-06-15_20:43:19:674 - Simulation 6 out of 10 done
2020-06-15_20:43:43:331 - Simulation 7 out of 10 done
2020-06-15_20:44:06:969 - Simulation 8 out of 10 done
2020-06-15_20:44:30:612 - Simulation 9 out of 10 done
2020-06-15_20:44:54:264 - Simulation 10 out of 10 done
2020-06-15_20:44:54:264 - > 1.0ii1.6ij
2020-06-15_20:45:17:908 - Simulation 1 out of 10 done
2020-06-15_20:45:41:567 - Simulation 2 out of 10 done
2020-06-15_20:46:05:213 - Simulation 3 out of 10 done
2020-06-15_20:46:28:877 - Simulation 4 out of 10 done
2020-06-15_20:46:52:511 - Simulation 5 out of 10 done
2020-06-15_20:47:16:183 - Simulation 6 out of 10 done
2020-06-15_20:47:39:830 - Simulation 7 out of 10 done
2020-06-15_20:48:03:492 - Simulation 8 out of 10 done
2020-06-15_20:48:27:134 - Simulation 9 out of 10 done
2020-06-15_20:48:50:780 - Simulation 10 out of 10 done
2020-06-15_20:48:50:791 - # DLN_2_0.8_0.8_0.8
2020-06-15_20:48:51:104 - Network read
2020-06-15_20:48:51:104 - inter_layer_ep : 0.003555
2020-06-15_20:48:51:104 - intra_layer_eps:
2020-06-15_20:48:51:104 - 0.012099
2020-06-15_20:48:51:104 - 0.007326
2020-06-15_20:48:51:104 - 0.130400
2020-06-15_20:48:51:104 - > 1.2ii1.0ij
2020-06-15_20:49:14:794 - Simulation 1 out of 10 done
2020-06-15_20:49:38:500 - Simulation 2 out of 10 done
2020-06-15_20:50:02:194 - Simulation 3 out of 10 done
2020-06-15_20:50:25:876 - Simulation 4 out of 10 done
2020-06-15_20:50:49:551 - Simulation 5 out of 10 done
2020-06-15_20:51:13:243 - Simulation 6 out of 10 done
2020-06-15_20:51:36:931 - Simulation 7 out of 10 done
2020-06-15_20:52:00:634 - Simulation 8 out of 10 done
2020-06-15_20:52:24:330 - Simulation 9 out of 10 done
2020-06-15_20:52:48:018 - Simulation 10 out of 10 done
2020-06-15_20:52:48:018 - > 1.4ii1.0ij
2020-06-15_20:53:11:704 - Simulation 1 out of 10 done
2020-06-15_20:53:35:395 - Simulation 2 out of 10 done
2020-06-15_20:53:59:084 - Simulation 3 out of 10 done
2020-06-15_20:54:22:771 - Simulation 4 out of 10 done
2020-06-15_20:54:46:461 - Simulation 5 out of 10 done
2020-06-15_20:55:10:156 - Simulation 6 out of 10 done
2020-06-15_20:55:33:859 - Simulation 7 out of 10 done
2020-06-15_20:55:57:557 - Simulation 8 out of 10 done
2020-06-15_20:56:21:255 - Simulation 9 out of 10 done
2020-06-15_20:56:44:949 - Simulation 10 out of 10 done
2020-06-15_20:56:44:949 - > 1.6ii1.0ij
2020-06-15_20:57:08:676 - Simulation 1 out of 10 done
2020-06-15_20:57:32:397 - Simulation 2 out of 10 done
2020-06-15_20:57:56:117 - Simulation 3 out of 10 done
2020-06-15_20:58:19:842 - Simulation 4 out of 10 done
2020-06-15_20:58:43:587 - Simulation 5 out of 10 done
2020-06-15_20:59:07:326 - Simulation 6 out of 10 done
2020-06-15_20:59:31:042 - Simulation 7 out of 10 done
2020-06-15_20:59:54:781 - Simulation 8 out of 10 done
2020-06-15_21:00:18:525 - Simulation 9 out of 10 done
2020-06-15_21:00:42:254 - Simulation 10 out of 10 done
2020-06-15_21:00:42:254 - > 1.0ii1.2ij
2020-06-15_21:01:05:929 - Simulation 1 out of 10 done
2020-06-15_21:01:29:599 - Simulation 2 out of 10 done
2020-06-15_21:01:53:266 - Simulation 3 out of 10 done
2020-06-15_21:02:16:936 - Simulation 4 out of 10 done
2020-06-15_21:02:40:601 - Simulation 5 out of 10 done
2020-06-15_21:03:04:268 - Simulation 6 out of 10 done
2020-06-15_21:03:27:938 - Simulation 7 out of 10 done
2020-06-15_21:03:51:626 - Simulation 8 out of 10 done
2020-06-15_21:04:15:290 - Simulation 9 out of 10 done
2020-06-15_21:04:38:956 - Simulation 10 out of 10 done
2020-06-15_21:04:38:956 - > 1.0ii1.4ij
2020-06-15_21:05:02:652 - Simulation 1 out of 10 done
2020-06-15_21:05:26:326 - Simulation 2 out of 10 done
2020-06-15_21:05:49:998 - Simulation 3 out of 10 done
2020-06-15_21:06:13:685 - Simulation 4 out of 10 done
2020-06-15_21:06:37:382 - Simulation 5 out of 10 done
2020-06-15_21:07:01:054 - Simulation 6 out of 10 done
2020-06-15_21:07:24:739 - Simulation 7 out of 10 done
2020-06-15_21:07:48:414 - Simulation 8 out of 10 done
2020-06-15_21:08:12:112 - Simulation 9 out of 10 done
2020-06-15_21:08:35:779 - Simulation 10 out of 10 done
2020-06-15_21:08:35:779 - > 1.0ii1.6ij
2020-06-15_21:08:59:446 - Simulation 1 out of 10 done
2020-06-15_21:09:23:126 - Simulation 2 out of 10 done
2020-06-15_21:09:46:825 - Simulation 3 out of 10 done
2020-06-15_21:10:10:508 - Simulation 4 out of 10 done
2020-06-15_21:10:34:181 - Simulation 5 out of 10 done
2020-06-15_21:10:57:865 - Simulation 6 out of 10 done
2020-06-15_21:11:21:541 - Simulation 7 out of 10 done
2020-06-15_21:11:45:208 - Simulation 8 out of 10 done
2020-06-15_21:12:08:884 - Simulation 9 out of 10 done
2020-06-15_21:12:32:566 - Simulation 10 out of 10 done
2020-06-15_21:12:32:577 - # SLN_2_0.8_0.8_0.3
2020-06-15_21:12:32:739 - Network read
2020-06-15_21:12:32:739 - inter_layer_ep : 0.019573
2020-06-15_21:12:32:739 - intra_layer_eps:
2020-06-15_21:12:32:739 - 0.130400
2020-06-15_21:12:32:739 - 0.100416
2020-06-15_21:12:32:739 - 0.113161
2020-06-15_21:12:32:739 - 0.065595
2020-06-15_21:12:32:739 - > 1.2ii1.0ij
2020-06-15_21:12:36:475 - Simulation 1 out of 10 done
2020-06-15_21:12:40:213 - Simulation 2 out of 10 done
2020-06-15_21:12:43:937 - Simulation 3 out of 10 done
2020-06-15_21:12:47:656 - Simulation 4 out of 10 done
2020-06-15_21:12:51:380 - Simulation 5 out of 10 done
2020-06-15_21:12:55:092 - Simulation 6 out of 10 done
2020-06-15_21:12:58:814 - Simulation 7 out of 10 done
2020-06-15_21:13:02:534 - Simulation 8 out of 10 done
2020-06-15_21:13:06:251 - Simulation 9 out of 10 done
2020-06-15_21:13:09:964 - Simulation 10 out of 10 done
2020-06-15_21:13:09:964 - > 1.4ii1.0ij
2020-06-15_21:13:13:717 - Simulation 1 out of 10 done
2020-06-15_21:13:17:471 - Simulation 2 out of 10 done
2020-06-15_21:13:21:226 - Simulation 3 out of 10 done
2020-06-15_21:13:24:984 - Simulation 4 out of 10 done
2020-06-15_21:13:28:742 - Simulation 5 out of 10 done
2020-06-15_21:13:32:497 - Simulation 6 out of 10 done
2020-06-15_21:13:36:258 - Simulation 7 out of 10 done
2020-06-15_21:13:40:017 - Simulation 8 out of 10 done
2020-06-15_21:13:43:781 - Simulation 9 out of 10 done
2020-06-15_21:13:47:549 - Simulation 10 out of 10 done
2020-06-15_21:13:47:549 - > 1.6ii1.0ij
2020-06-15_21:13:51:454 - Simulation 1 out of 10 done
2020-06-15_21:13:55:359 - Simulation 2 out of 10 done
2020-06-15_21:13:59:257 - Simulation 3 out of 10 done
2020-06-15_21:14:03:169 - Simulation 4 out of 10 done
2020-06-15_21:14:07:072 - Simulation 5 out of 10 done
2020-06-15_21:14:10:988 - Simulation 6 out of 10 done
2020-06-15_21:14:14:908 - Simulation 7 out of 10 done
2020-06-15_21:14:18:808 - Simulation 8 out of 10 done
2020-06-15_21:14:22:704 - Simulation 9 out of 10 done
2020-06-15_21:14:26:599 - Simulation 10 out of 10 done
2020-06-15_21:14:26:599 - > 1.0ii1.2ij
2020-06-15_21:14:30:307 - Simulation 1 out of 10 done
2020-06-15_21:14:34:025 - Simulation 2 out of 10 done
2020-06-15_21:14:37:753 - Simulation 3 out of 10 done
2020-06-15_21:14:41:482 - Simulation 4 out of 10 done
2020-06-15_21:14:45:200 - Simulation 5 out of 10 done
2020-06-15_21:14:48:920 - Simulation 6 out of 10 done
2020-06-15_21:14:52:618 - Simulation 7 out of 10 done
2020-06-15_21:14:56:337 - Simulation 8 out of 10 done
2020-06-15_21:15:00:061 - Simulation 9 out of 10 done
2020-06-15_21:15:03:798 - Simulation 10 out of 10 done
2020-06-15_21:15:03:798 - > 1.0ii1.4ij
2020-06-15_21:15:07:515 - Simulation 1 out of 10 done
2020-06-15_21:15:11:234 - Simulation 2 out of 10 done
2020-06-15_21:15:14:977 - Simulation 3 out of 10 done
2020-06-15_21:15:18:721 - Simulation 4 out of 10 done
2020-06-15_21:15:22:467 - Simulation 5 out of 10 done
2020-06-15_21:15:26:200 - Simulation 6 out of 10 done
2020-06-15_21:15:29:935 - Simulation 7 out of 10 done
2020-06-15_21:15:33:667 - Simulation 8 out of 10 done
2020-06-15_21:15:37:402 - Simulation 9 out of 10 done
2020-06-15_21:15:41:145 - Simulation 10 out of 10 done
2020-06-15_21:15:41:145 - > 1.0ii1.6ij
2020-06-15_21:15:44:902 - Simulation 1 out of 10 done
2020-06-15_21:15:48:654 - Simulation 2 out of 10 done
2020-06-15_21:15:52:388 - Simulation 3 out of 10 done
2020-06-15_21:15:56:147 - Simulation 4 out of 10 done
2020-06-15_21:15:59:917 - Simulation 5 out of 10 done
2020-06-15_21:16:03:677 - Simulation 6 out of 10 done
2020-06-15_21:16:07:439 - Simulation 7 out of 10 done
2020-06-15_21:16:11:199 - Simulation 8 out of 10 done
2020-06-15_21:16:14:945 - Simulation 9 out of 10 done
2020-06-15_21:16:18:692 - Simulation 10 out of 10 done
2020-06-15_21:16:18:697 - # DLN_2_0.3_0.3_0.3
2020-06-15_21:16:19:078 - Network read
2020-06-15_21:16:19:078 - inter_layer_ep : 0.007255
2020-06-15_21:16:19:078 - intra_layer_eps:
2020-06-15_21:16:19:078 - 0.012099
2020-06-15_21:16:19:078 - 0.007326
2020-06-15_21:16:19:078 - 0.130400
2020-06-15_21:16:19:078 - > 1.2ii1.0ij
2020-06-15_21:16:42:789 - Simulation 1 out of 10 done
2020-06-15_21:17:06:578 - Simulation 2 out of 10 done
2020-06-15_21:17:30:361 - Simulation 3 out of 10 done
2020-06-15_21:17:54:114 - Simulation 4 out of 10 done
2020-06-15_21:18:17:880 - Simulation 5 out of 10 done
2020-06-15_21:18:41:599 - Simulation 6 out of 10 done
2020-06-15_21:19:05:303 - Simulation 7 out of 10 done
2020-06-15_21:19:29:068 - Simulation 8 out of 10 done
2020-06-15_21:19:52:777 - Simulation 9 out of 10 done
2020-06-15_21:20:16:522 - Simulation 10 out of 10 done
2020-06-15_21:20:16:522 - > 1.4ii1.0ij
2020-06-15_21:20:40:251 - Simulation 1 out of 10 done
2020-06-15_21:21:04:024 - Simulation 2 out of 10 done
2020-06-15_21:21:27:779 - Simulation 3 out of 10 done
2020-06-15_21:21:51:529 - Simulation 4 out of 10 done
2020-06-15_21:22:15:309 - Simulation 5 out of 10 done
2020-06-15_21:22:39:031 - Simulation 6 out of 10 done
2020-06-15_21:23:02:796 - Simulation 7 out of 10 done
2020-06-15_21:23:26:524 - Simulation 8 out of 10 done
2020-06-15_21:23:50:252 - Simulation 9 out of 10 done
2020-06-15_21:24:13:987 - Simulation 10 out of 10 done
2020-06-15_21:24:13:987 - > 1.6ii1.0ij
2020-06-15_21:24:37:788 - Simulation 1 out of 10 done
2020-06-15_21:25:01:589 - Simulation 2 out of 10 done
2020-06-15_21:25:25:365 - Simulation 3 out of 10 done
2020-06-15_21:25:49:173 - Simulation 4 out of 10 done
2020-06-15_21:26:12:968 - Simulation 5 out of 10 done
2020-06-15_21:26:36:763 - Simulation 6 out of 10 done
2020-06-15_21:27:00:557 - Simulation 7 out of 10 done
2020-06-15_21:27:24:351 - Simulation 8 out of 10 done
2020-06-15_21:27:48:127 - Simulation 9 out of 10 done
2020-06-15_21:28:11:930 - Simulation 10 out of 10 done
2020-06-15_21:28:11:930 - > 1.0ii1.2ij
2020-06-15_21:28:35:652 - Simulation 1 out of 10 done
2020-06-15_21:28:59:351 - Simulation 2 out of 10 done
2020-06-15_21:29:23:056 - Simulation 3 out of 10 done
2020-06-15_21:29:46:755 - Simulation 4 out of 10 done
2020-06-15_21:30:10:452 - Simulation 5 out of 10 done
2020-06-15_21:30:34:152 - Simulation 6 out of 10 done
2020-06-15_21:30:57:868 - Simulation 7 out of 10 done
2020-06-15_21:31:21:567 - Simulation 8 out of 10 done
2020-06-15_21:31:45:290 - Simulation 9 out of 10 done
2020-06-15_21:32:08:988 - Simulation 10 out of 10 done
2020-06-15_21:32:08:988 - > 1.0ii1.4ij
2020-06-15_21:32:32:693 - Simulation 1 out of 10 done
2020-06-15_21:32:56:404 - Simulation 2 out of 10 done
2020-06-15_21:33:20:271 - Simulation 3 out of 10 done
2020-06-15_21:33:45:149 - Simulation 4 out of 10 done
2020-06-15_21:34:10:128 - Simulation 5 out of 10 done
2020-06-15_21:34:35:228 - Simulation 6 out of 10 done
2020-06-15_21:35:00:336 - Simulation 7 out of 10 done
2020-06-15_21:35:25:500 - Simulation 8 out of 10 done
2020-06-15_21:35:50:678 - Simulation 9 out of 10 done
2020-06-15_21:36:16:261 - Simulation 10 out of 10 done
2020-06-15_21:36:16:261 - > 1.0ii1.6ij
2020-06-15_21:36:42:119 - Simulation 1 out of 10 done
2020-06-15_21:37:07:755 - Simulation 2 out of 10 done
2020-06-15_21:37:33:045 - Simulation 3 out of 10 done
2020-06-15_21:37:58:106 - Simulation 4 out of 10 done
2020-06-15_21:38:23:154 - Simulation 5 out of 10 done
2020-06-15_21:38:48:385 - Simulation 6 out of 10 done
2020-06-15_21:39:13:574 - Simulation 7 out of 10 done
2020-06-15_21:39:38:780 - Simulation 8 out of 10 done
2020-06-15_21:40:03:616 - Simulation 9 out of 10 done
2020-06-15_21:40:28:729 - Simulation 10 out of 10 done
2020-06-15_21:40:28:740 - # DLN_2_0.8_0.3_0.3
2020-06-15_21:40:29:115 - Network read
2020-06-15_21:40:29:115 - inter_layer_ep : 0.007484
2020-06-15_21:40:29:115 - intra_layer_eps:
2020-06-15_21:40:29:115 - 0.012099
2020-06-15_21:40:29:115 - 0.007326
2020-06-15_21:40:29:115 - 0.130400
2020-06-15_21:40:29:115 - > 1.2ii1.0ij
2020-06-15_21:40:54:711 - Simulation 1 out of 10 done
2020-06-15_21:41:20:185 - Simulation 2 out of 10 done
2020-06-15_21:41:45:570 - Simulation 3 out of 10 done
2020-06-15_21:42:11:102 - Simulation 4 out of 10 done
2020-06-15_21:42:36:479 - Simulation 5 out of 10 done
2020-06-15_21:43:02:366 - Simulation 6 out of 10 done
2020-06-15_21:43:27:995 - Simulation 7 out of 10 done
2020-06-15_21:43:53:314 - Simulation 8 out of 10 done
2020-06-15_21:44:18:523 - Simulation 9 out of 10 done
2020-06-15_21:44:43:724 - Simulation 10 out of 10 done
2020-06-15_21:44:43:724 - > 1.4ii1.0ij
2020-06-15_21:45:09:373 - Simulation 1 out of 10 done
2020-06-15_21:45:35:316 - Simulation 2 out of 10 done
2020-06-15_21:46:01:354 - Simulation 3 out of 10 done
2020-06-15_21:46:27:468 - Simulation 4 out of 10 done
2020-06-15_21:46:53:427 - Simulation 5 out of 10 done
2020-06-15_21:47:19:096 - Simulation 6 out of 10 done
2020-06-15_21:47:44:527 - Simulation 7 out of 10 done
2020-06-15_21:48:10:363 - Simulation 8 out of 10 done
2020-06-15_21:48:35:844 - Simulation 9 out of 10 done
2020-06-15_21:49:00:791 - Simulation 10 out of 10 done
2020-06-15_21:49:00:791 - > 1.6ii1.0ij
2020-06-15_21:49:25:481 - Simulation 1 out of 10 done
2020-06-15_21:49:50:016 - Simulation 2 out of 10 done
2020-06-15_21:50:14:620 - Simulation 3 out of 10 done
2020-06-15_21:50:39:034 - Simulation 4 out of 10 done
2020-06-15_21:51:03:759 - Simulation 5 out of 10 done
2020-06-15_21:51:28:531 - Simulation 6 out of 10 done
2020-06-15_21:51:53:620 - Simulation 7 out of 10 done
2020-06-15_21:52:18:318 - Simulation 8 out of 10 done
2020-06-15_21:52:43:195 - Simulation 9 out of 10 done
2020-06-15_21:53:08:377 - Simulation 10 out of 10 done
2020-06-15_21:53:08:377 - > 1.0ii1.2ij
2020-06-15_21:53:34:045 - Simulation 1 out of 10 done
2020-06-15_21:53:59:335 - Simulation 2 out of 10 done
2020-06-15_21:54:24:729 - Simulation 3 out of 10 done
2020-06-15_21:54:51:047 - Simulation 4 out of 10 done
2020-06-15_21:55:17:329 - Simulation 5 out of 10 done
2020-06-15_21:55:43:647 - Simulation 6 out of 10 done
2020-06-15_21:56:10:083 - Simulation 7 out of 10 done
2020-06-15_21:56:36:262 - Simulation 8 out of 10 done
2020-06-15_21:57:02:071 - Simulation 9 out of 10 done
2020-06-15_21:57:28:222 - Simulation 10 out of 10 done
2020-06-15_21:57:28:222 - > 1.0ii1.4ij
2020-06-15_21:57:54:165 - Simulation 1 out of 10 done
2020-06-15_21:58:20:160 - Simulation 2 out of 10 done
2020-06-15_21:58:46:059 - Simulation 3 out of 10 done
2020-06-15_21:59:11:637 - Simulation 4 out of 10 done
2020-06-15_21:59:37:854 - Simulation 5 out of 10 done
2020-06-15_22:00:04:004 - Simulation 6 out of 10 done
2020-06-15_22:00:30:111 - Simulation 7 out of 10 done
2020-06-15_22:00:56:077 - Simulation 8 out of 10 done
2020-06-15_22:01:21:643 - Simulation 9 out of 10 done
2020-06-15_22:01:47:110 - Simulation 10 out of 10 done
2020-06-15_22:01:47:110 - > 1.0ii1.6ij
2020-06-15_22:02:12:626 - Simulation 1 out of 10 done
2020-06-15_22:02:38:128 - Simulation 2 out of 10 done
2020-06-15_22:03:03:646 - Simulation 3 out of 10 done
2020-06-15_22:03:29:146 - Simulation 4 out of 10 done
2020-06-15_22:03:54:655 - Simulation 5 out of 10 done
2020-06-15_22:04:20:120 - Simulation 6 out of 10 done
2020-06-15_22:04:45:599 - Simulation 7 out of 10 done
2020-06-15_22:05:11:086 - Simulation 8 out of 10 done
2020-06-15_22:05:36:563 - Simulation 9 out of 10 done
2020-06-15_22:06:02:063 - Simulation 10 out of 10 done
2020-06-15_22:06:02:076 - # SLN_2_0.3_0.3_0.8
2020-06-15_22:06:02:344 - Network read
2020-06-15_22:06:02:344 - inter_layer_ep : 0.003555
2020-06-15_22:06:02:344 - intra_layer_eps:
2020-06-15_22:06:02:344 - 0.130400
2020-06-15_22:06:02:344 - 0.100416
2020-06-15_22:06:02:344 - 0.113161
2020-06-15_22:06:02:344 - 0.065595
2020-06-15_22:06:02:344 - > 1.2ii1.0ij
2020-06-15_22:06:06:361 - Simulation 1 out of 10 done
2020-06-15_22:06:10:340 - Simulation 2 out of 10 done
2020-06-15_22:06:14:326 - Simulation 3 out of 10 done
2020-06-15_22:06:18:328 - Simulation 4 out of 10 done
2020-06-15_22:06:22:338 - Simulation 5 out of 10 done
2020-06-15_22:06:26:315 - Simulation 6 out of 10 done
2020-06-15_22:06:30:325 - Simulation 7 out of 10 done
2020-06-15_22:06:34:313 - Simulation 8 out of 10 done
2020-06-15_22:06:38:316 - Simulation 9 out of 10 done
2020-06-15_22:06:42:315 - Simulation 10 out of 10 done
2020-06-15_22:06:42:315 - > 1.4ii1.0ij
2020-06-15_22:06:46:345 - Simulation 1 out of 10 done
2020-06-15_22:06:50:355 - Simulation 2 out of 10 done
2020-06-15_22:06:54:344 - Simulation 3 out of 10 done
2020-06-15_22:06:58:372 - Simulation 4 out of 10 done
2020-06-15_22:07:02:403 - Simulation 5 out of 10 done
2020-06-15_22:07:06:423 - Simulation 6 out of 10 done
2020-06-15_22:07:10:452 - Simulation 7 out of 10 done
2020-06-15_22:07:14:446 - Simulation 8 out of 10 done
2020-06-15_22:07:18:450 - Simulation 9 out of 10 done
2020-06-15_22:07:22:482 - Simulation 10 out of 10 done
2020-06-15_22:07:22:482 - > 1.6ii1.0ij
2020-06-15_22:07:26:567 - Simulation 1 out of 10 done
2020-06-15_22:07:30:642 - Simulation 2 out of 10 done
2020-06-15_22:07:34:732 - Simulation 3 out of 10 done
2020-06-15_22:07:38:799 - Simulation 4 out of 10 done
2020-06-15_22:07:42:872 - Simulation 5 out of 10 done
2020-06-15_22:07:46:938 - Simulation 6 out of 10 done
2020-06-15_22:07:51:030 - Simulation 7 out of 10 done
2020-06-15_22:07:55:081 - Simulation 8 out of 10 done
2020-06-15_22:07:59:139 - Simulation 9 out of 10 done
2020-06-15_22:08:03:205 - Simulation 10 out of 10 done
2020-06-15_22:08:03:206 - > 1.0ii1.2ij
2020-06-15_22:08:07:191 - Simulation 1 out of 10 done
2020-06-15_22:08:11:180 - Simulation 2 out of 10 done
2020-06-15_22:08:15:191 - Simulation 3 out of 10 done
2020-06-15_22:08:19:214 - Simulation 4 out of 10 done
2020-06-15_22:08:23:216 - Simulation 5 out of 10 done
2020-06-15_22:08:27:233 - Simulation 6 out of 10 done
2020-06-15_22:08:31:218 - Simulation 7 out of 10 done
2020-06-15_22:08:35:218 - Simulation 8 out of 10 done
2020-06-15_22:08:39:208 - Simulation 9 out of 10 done
2020-06-15_22:08:43:202 - Simulation 10 out of 10 done
2020-06-15_22:08:43:202 - > 1.0ii1.4ij
2020-06-15_22:08:47:202 - Simulation 1 out of 10 done
2020-06-15_22:08:51:187 - Simulation 2 out of 10 done
2020-06-15_22:08:55:184 - Simulation 3 out of 10 done
2020-06-15_22:08:59:188 - Simulation 4 out of 10 done
2020-06-15_22:09:03:199 - Simulation 5 out of 10 done
2020-06-15_22:09:07:207 - Simulation 6 out of 10 done
2020-06-15_22:09:11:215 - Simulation 7 out of 10 done
2020-06-15_22:09:15:239 - Simulation 8 out of 10 done
2020-06-15_22:09:19:247 - Simulation 9 out of 10 done
2020-06-15_22:09:23:246 - Simulation 10 out of 10 done
2020-06-15_22:09:23:246 - > 1.0ii1.6ij
2020-06-15_22:09:27:211 - Simulation 1 out of 10 done
2020-06-15_22:09:31:208 - Simulation 2 out of 10 done
2020-06-15_22:09:35:211 - Simulation 3 out of 10 done
2020-06-15_22:09:39:216 - Simulation 4 out of 10 done
2020-06-15_22:09:43:209 - Simulation 5 out of 10 done
2020-06-15_22:09:47:207 - Simulation 6 out of 10 done
2020-06-15_22:09:51:201 - Simulation 7 out of 10 done
2020-06-15_22:09:55:205 - Simulation 8 out of 10 done
2020-06-15_22:09:59:216 - Simulation 9 out of 10 done
2020-06-15_22:10:03:255 - Simulation 10 out of 10 done
2020-06-15_22:10:03:268 - # drosophila_genetic_multiplex
2020-06-15_22:10:03:272 - Network read
2020-06-15_22:10:03:272 - inter_layer_ep : 0.097829
2020-06-15_22:10:03:272 - intra_layer_eps:
2020-06-15_22:10:03:272 - 0.240053
2020-06-15_22:10:03:272 - 0.099983
2020-06-15_22:10:03:272 - > 1.2ii1.0ij
2020-06-15_22:10:03:343 - Simulation 1 out of 10 done
2020-06-15_22:10:03:414 - Simulation 2 out of 10 done
2020-06-15_22:10:03:484 - Simulation 3 out of 10 done
2020-06-15_22:10:03:556 - Simulation 4 out of 10 done
2020-06-15_22:10:03:626 - Simulation 5 out of 10 done
2020-06-15_22:10:03:698 - Simulation 6 out of 10 done
2020-06-15_22:10:03:769 - Simulation 7 out of 10 done
2020-06-15_22:10:03:840 - Simulation 8 out of 10 done
2020-06-15_22:10:03:912 - Simulation 9 out of 10 done
2020-06-15_22:10:03:984 - Simulation 10 out of 10 done
2020-06-15_22:10:03:984 - > 1.4ii1.0ij
2020-06-15_22:10:04:056 - Simulation 1 out of 10 done
2020-06-15_22:10:04:128 - Simulation 2 out of 10 done
2020-06-15_22:10:04:200 - Simulation 3 out of 10 done
2020-06-15_22:10:04:272 - Simulation 4 out of 10 done
2020-06-15_22:10:04:345 - Simulation 5 out of 10 done
2020-06-15_22:10:04:417 - Simulation 6 out of 10 done
2020-06-15_22:10:04:489 - Simulation 7 out of 10 done
2020-06-15_22:10:04:561 - Simulation 8 out of 10 done
2020-06-15_22:10:04:633 - Simulation 9 out of 10 done
2020-06-15_22:10:04:706 - Simulation 10 out of 10 done
2020-06-15_22:10:04:706 - > 1.6ii1.0ij
2020-06-15_22:10:04:779 - Simulation 1 out of 10 done
2020-06-15_22:10:04:852 - Simulation 2 out of 10 done
2020-06-15_22:10:04:926 - Simulation 3 out of 10 done
2020-06-15_22:10:04:999 - Simulation 4 out of 10 done
2020-06-15_22:10:05:072 - Simulation 5 out of 10 done
2020-06-15_22:10:05:145 - Simulation 6 out of 10 done
2020-06-15_22:10:05:219 - Simulation 7 out of 10 done
2020-06-15_22:10:05:293 - Simulation 8 out of 10 done
2020-06-15_22:10:05:366 - Simulation 9 out of 10 done
2020-06-15_22:10:05:440 - Simulation 10 out of 10 done
2020-06-15_22:10:05:440 - > 1.0ii1.2ij
2020-06-15_22:10:05:512 - Simulation 1 out of 10 done
2020-06-15_22:10:05:584 - Simulation 2 out of 10 done
2020-06-15_22:10:05:656 - Simulation 3 out of 10 done
2020-06-15_22:10:05:728 - Simulation 4 out of 10 done
2020-06-15_22:10:05:801 - Simulation 5 out of 10 done
2020-06-15_22:10:05:875 - Simulation 6 out of 10 done
2020-06-15_22:10:05:950 - Simulation 7 out of 10 done
2020-06-15_22:10:06:022 - Simulation 8 out of 10 done
2020-06-15_22:10:06:101 - Simulation 9 out of 10 done
2020-06-15_22:10:06:175 - Simulation 10 out of 10 done
2020-06-15_22:10:06:175 - > 1.0ii1.4ij
2020-06-15_22:10:06:253 - Simulation 1 out of 10 done
2020-06-15_22:10:06:331 - Simulation 2 out of 10 done
2020-06-15_22:10:06:406 - Simulation 3 out of 10 done
2020-06-15_22:10:06:482 - Simulation 4 out of 10 done
2020-06-15_22:10:06:558 - Simulation 5 out of 10 done
2020-06-15_22:10:06:634 - Simulation 6 out of 10 done
2020-06-15_22:10:06:710 - Simulation 7 out of 10 done
2020-06-15_22:10:06:782 - Simulation 8 out of 10 done
2020-06-15_22:10:06:856 - Simulation 9 out of 10 done
2020-06-15_22:10:06:930 - Simulation 10 out of 10 done
2020-06-15_22:10:06:930 - > 1.0ii1.6ij
2020-06-15_22:10:07:003 - Simulation 1 out of 10 done
2020-06-15_22:10:07:077 - Simulation 2 out of 10 done
2020-06-15_22:10:07:150 - Simulation 3 out of 10 done
2020-06-15_22:10:07:225 - Simulation 4 out of 10 done
2020-06-15_22:10:07:298 - Simulation 5 out of 10 done
2020-06-15_22:10:07:370 - Simulation 6 out of 10 done
2020-06-15_22:10:07:442 - Simulation 7 out of 10 done
2020-06-15_22:10:07:515 - Simulation 8 out of 10 done
2020-06-15_22:10:07:590 - Simulation 9 out of 10 done
2020-06-15_22:10:07:665 - Simulation 10 out of 10 done
2020-06-15_22:10:07:665 - # NYClimateMarch2014_multiplex
2020-06-15_22:10:07:706 - Network read
2020-06-15_22:10:07:706 - inter_layer_ep : 0.005260
2020-06-15_22:10:07:706 - intra_layer_eps:
2020-06-15_22:10:07:706 - 0.008070
2020-06-15_22:10:07:706 - 0.006761
2020-06-15_22:10:07:706 - 0.048504
2020-06-15_22:10:07:706 - > 1.2ii1.0ij
2020-06-15_22:10:08:397 - Simulation 1 out of 10 done
2020-06-15_22:10:09:091 - Simulation 2 out of 10 done
2020-06-15_22:10:09:779 - Simulation 3 out of 10 done
2020-06-15_22:10:10:472 - Simulation 4 out of 10 done
2020-06-15_22:10:11:175 - Simulation 5 out of 10 done
2020-06-15_22:10:11:886 - Simulation 6 out of 10 done
2020-06-15_22:10:12:575 - Simulation 7 out of 10 done
2020-06-15_22:10:13:239 - Simulation 8 out of 10 done
2020-06-15_22:10:13:902 - Simulation 9 out of 10 done
2020-06-15_22:10:14:558 - Simulation 10 out of 10 done
2020-06-15_22:10:14:558 - > 1.4ii1.0ij
2020-06-15_22:10:15:214 - Simulation 1 out of 10 done
2020-06-15_22:10:15:869 - Simulation 2 out of 10 done
2020-06-15_22:10:16:513 - Simulation 3 out of 10 done
2020-06-15_22:10:17:158 - Simulation 4 out of 10 done
2020-06-15_22:10:17:801 - Simulation 5 out of 10 done
2020-06-15_22:10:18:446 - Simulation 6 out of 10 done
2020-06-15_22:10:19:114 - Simulation 7 out of 10 done
2020-06-15_22:10:19:788 - Simulation 8 out of 10 done
2020-06-15_22:10:20:471 - Simulation 9 out of 10 done
2020-06-15_22:10:21:142 - Simulation 10 out of 10 done
2020-06-15_22:10:21:142 - > 1.6ii1.0ij
2020-06-15_22:10:21:825 - Simulation 1 out of 10 done
2020-06-15_22:10:22:486 - Simulation 2 out of 10 done
2020-06-15_22:10:23:139 - Simulation 3 out of 10 done
2020-06-15_22:10:23:784 - Simulation 4 out of 10 done
2020-06-15_22:10:24:433 - Simulation 5 out of 10 done
2020-06-15_22:10:25:080 - Simulation 6 out of 10 done
2020-06-15_22:10:25:704 - Simulation 7 out of 10 done
2020-06-15_22:10:26:346 - Simulation 8 out of 10 done
2020-06-15_22:10:26:991 - Simulation 9 out of 10 done
2020-06-15_22:10:27:632 - Simulation 10 out of 10 done
2020-06-15_22:10:27:632 - > 1.0ii1.2ij
2020-06-15_22:10:28:272 - Simulation 1 out of 10 done
2020-06-15_22:10:28:961 - Simulation 2 out of 10 done
2020-06-15_22:10:29:610 - Simulation 3 out of 10 done
2020-06-15_22:10:30:275 - Simulation 4 out of 10 done
2020-06-15_22:10:30:924 - Simulation 5 out of 10 done
2020-06-15_22:10:31:566 - Simulation 6 out of 10 done
2020-06-15_22:10:32:207 - Simulation 7 out of 10 done
2020-06-15_22:10:32:844 - Simulation 8 out of 10 done
2020-06-15_22:10:33:491 - Simulation 9 out of 10 done
2020-06-15_22:10:34:140 - Simulation 10 out of 10 done
2020-06-15_22:10:34:140 - > 1.0ii1.4ij
2020-06-15_22:10:34:780 - Simulation 1 out of 10 done
2020-06-15_22:10:35:424 - Simulation 2 out of 10 done
2020-06-15_22:10:36:065 - Simulation 3 out of 10 done
2020-06-15_22:10:36:709 - Simulation 4 out of 10 done
2020-06-15_22:10:37:356 - Simulation 5 out of 10 done
2020-06-15_22:10:38:004 - Simulation 6 out of 10 done
2020-06-15_22:10:38:647 - Simulation 7 out of 10 done
2020-06-15_22:10:39:291 - Simulation 8 out of 10 done
2020-06-15_22:10:39:939 - Simulation 9 out of 10 done
2020-06-15_22:10:40:581 - Simulation 10 out of 10 done
2020-06-15_22:10:40:581 - > 1.0ii1.6ij
2020-06-15_22:10:41:225 - Simulation 1 out of 10 done
2020-06-15_22:10:41:866 - Simulation 2 out of 10 done
2020-06-15_22:10:42:511 - Simulation 3 out of 10 done
2020-06-15_22:10:43:156 - Simulation 4 out of 10 done
2020-06-15_22:10:43:797 - Simulation 5 out of 10 done
2020-06-15_22:10:44:459 - Simulation 6 out of 10 done
2020-06-15_22:10:45:140 - Simulation 7 out of 10 done
2020-06-15_22:10:45:814 - Simulation 8 out of 10 done
2020-06-15_22:10:46:478 - Simulation 9 out of 10 done
2020-06-15_22:10:47:144 - Simulation 10 out of 10 done
2020-06-15_22:10:47:146 - # homo_genetic_multiplex
2020-06-15_22:10:47:193 - Network read
2020-06-15_22:10:47:193 - inter_layer_ep : 0.018111
2020-06-15_22:10:47:193 - intra_layer_eps:
2020-06-15_22:10:47:193 - 0.022615
2020-06-15_22:10:47:193 - 0.025292
2020-06-15_22:10:47:193 - 0.065388
2020-06-15_22:10:47:193 - > 1.2ii1.0ij
2020-06-15_22:10:47:754 - Simulation 1 out of 10 done
2020-06-15_22:10:48:308 - Simulation 2 out of 10 done
2020-06-15_22:10:48:856 - Simulation 3 out of 10 done
2020-06-15_22:10:49:403 - Simulation 4 out of 10 done
2020-06-15_22:10:49:947 - Simulation 5 out of 10 done
2020-06-15_22:10:50:504 - Simulation 6 out of 10 done
2020-06-15_22:10:51:048 - Simulation 7 out of 10 done
2020-06-15_22:10:51:619 - Simulation 8 out of 10 done
2020-06-15_22:10:52:196 - Simulation 9 out of 10 done
2020-06-15_22:10:52:754 - Simulation 10 out of 10 done
2020-06-15_22:10:52:754 - > 1.4ii1.0ij
2020-06-15_22:10:53:325 - Simulation 1 out of 10 done
2020-06-15_22:10:53:895 - Simulation 2 out of 10 done
2020-06-15_22:10:54:467 - Simulation 3 out of 10 done
2020-06-15_22:10:55:053 - Simulation 4 out of 10 done
2020-06-15_22:10:55:628 - Simulation 5 out of 10 done
2020-06-15_22:10:56:200 - Simulation 6 out of 10 done
2020-06-15_22:10:56:781 - Simulation 7 out of 10 done
2020-06-15_22:10:57:345 - Simulation 8 out of 10 done
2020-06-15_22:10:57:903 - Simulation 9 out of 10 done
2020-06-15_22:10:58:470 - Simulation 10 out of 10 done
2020-06-15_22:10:58:470 - > 1.6ii1.0ij
2020-06-15_22:10:59:070 - Simulation 1 out of 10 done
2020-06-15_22:10:59:670 - Simulation 2 out of 10 done
2020-06-15_22:11:00:256 - Simulation 3 out of 10 done
2020-06-15_22:11:00:849 - Simulation 4 out of 10 done
2020-06-15_22:11:01:439 - Simulation 5 out of 10 done
2020-06-15_22:11:02:072 - Simulation 6 out of 10 done
2020-06-15_22:11:02:682 - Simulation 7 out of 10 done
2020-06-15_22:11:03:283 - Simulation 8 out of 10 done
2020-06-15_22:11:03:890 - Simulation 9 out of 10 done
2020-06-15_22:11:04:483 - Simulation 10 out of 10 done
2020-06-15_22:11:04:483 - > 1.0ii1.2ij
2020-06-15_22:11:05:016 - Simulation 1 out of 10 done
2020-06-15_22:11:05:559 - Simulation 2 out of 10 done
2020-06-15_22:11:06:102 - Simulation 3 out of 10 done
2020-06-15_22:11:06:647 - Simulation 4 out of 10 done
2020-06-15_22:11:07:194 - Simulation 5 out of 10 done
2020-06-15_22:11:07:749 - Simulation 6 out of 10 done
2020-06-15_22:11:08:302 - Simulation 7 out of 10 done
2020-06-15_22:11:08:832 - Simulation 8 out of 10 done
2020-06-15_22:11:09:372 - Simulation 9 out of 10 done
2020-06-15_22:11:09:919 - Simulation 10 out of 10 done
2020-06-15_22:11:09:919 - > 1.0ii1.4ij
2020-06-15_22:11:10:467 - Simulation 1 out of 10 done
2020-06-15_22:11:11:034 - Simulation 2 out of 10 done
2020-06-15_22:11:11:574 - Simulation 3 out of 10 done
2020-06-15_22:11:12:108 - Simulation 4 out of 10 done
2020-06-15_22:11:12:638 - Simulation 5 out of 10 done
2020-06-15_22:11:13:169 - Simulation 6 out of 10 done
2020-06-15_22:11:13:713 - Simulation 7 out of 10 done
2020-06-15_22:11:14:259 - Simulation 8 out of 10 done
2020-06-15_22:11:14:822 - Simulation 9 out of 10 done
2020-06-15_22:11:15:378 - Simulation 10 out of 10 done
2020-06-15_22:11:15:378 - > 1.0ii1.6ij
2020-06-15_22:11:15:939 - Simulation 1 out of 10 done
2020-06-15_22:11:16:485 - Simulation 2 out of 10 done
2020-06-15_22:11:17:031 - Simulation 3 out of 10 done
2020-06-15_22:11:17:587 - Simulation 4 out of 10 done
2020-06-15_22:11:18:143 - Simulation 5 out of 10 done
2020-06-15_22:11:18:697 - Simulation 6 out of 10 done
2020-06-15_22:11:19:235 - Simulation 7 out of 10 done
2020-06-15_22:11:19:771 - Simulation 8 out of 10 done
2020-06-15_22:11:20:303 - Simulation 9 out of 10 done
2020-06-15_22:11:20:836 - Simulation 10 out of 10 done
2020-06-15_22:11:20:838 - # MoscowAthletics2013_multiplex
2020-06-15_22:11:20:864 - Network read
2020-06-15_22:11:20:864 - inter_layer_ep : 0.006386
2020-06-15_22:11:20:864 - intra_layer_eps:
2020-06-15_22:11:20:864 - 0.008946
2020-06-15_22:11:20:864 - 0.007499
2020-06-15_22:11:20:864 - 0.021235
2020-06-15_22:11:20:864 - > 1.2ii1.0ij
2020-06-15_22:11:21:523 - Simulation 1 out of 10 done
2020-06-15_22:11:22:174 - Simulation 2 out of 10 done
2020-06-15_22:11:22:826 - Simulation 3 out of 10 done
2020-06-15_22:11:23:485 - Simulation 4 out of 10 done
2020-06-15_22:11:24:143 - Simulation 5 out of 10 done
2020-06-15_22:11:24:816 - Simulation 6 out of 10 done
2020-06-15_22:11:25:486 - Simulation 7 out of 10 done
2020-06-15_22:11:26:141 - Simulation 8 out of 10 done
2020-06-15_22:11:26:802 - Simulation 9 out of 10 done
2020-06-15_22:11:27:469 - Simulation 10 out of 10 done
2020-06-15_22:11:27:469 - > 1.4ii1.0ij
2020-06-15_22:11:28:143 - Simulation 1 out of 10 done
2020-06-15_22:11:28:816 - Simulation 2 out of 10 done
2020-06-15_22:11:29:490 - Simulation 3 out of 10 done
2020-06-15_22:11:30:172 - Simulation 4 out of 10 done
2020-06-15_22:11:30:863 - Simulation 5 out of 10 done
2020-06-15_22:11:31:517 - Simulation 6 out of 10 done
2020-06-15_22:11:32:170 - Simulation 7 out of 10 done
2020-06-15_22:11:32:854 - Simulation 8 out of 10 done
2020-06-15_22:11:33:528 - Simulation 9 out of 10 done
2020-06-15_22:11:34:208 - Simulation 10 out of 10 done
2020-06-15_22:11:34:208 - > 1.6ii1.0ij
2020-06-15_22:11:34:880 - Simulation 1 out of 10 done
2020-06-15_22:11:35:559 - Simulation 2 out of 10 done
2020-06-15_22:11:36:242 - Simulation 3 out of 10 done
2020-06-15_22:11:36:920 - Simulation 4 out of 10 done
2020-06-15_22:11:37:577 - Simulation 5 out of 10 done
2020-06-15_22:11:38:239 - Simulation 6 out of 10 done
2020-06-15_22:11:38:897 - Simulation 7 out of 10 done
2020-06-15_22:11:39:554 - Simulation 8 out of 10 done
2020-06-15_22:11:40:216 - Simulation 9 out of 10 done
2020-06-15_22:11:40:883 - Simulation 10 out of 10 done
2020-06-15_22:11:40:883 - > 1.0ii1.2ij
2020-06-15_22:11:41:570 - Simulation 1 out of 10 done
2020-06-15_22:11:42:252 - Simulation 2 out of 10 done
2020-06-15_22:11:42:923 - Simulation 3 out of 10 done
2020-06-15_22:11:43:608 - Simulation 4 out of 10 done
2020-06-15_22:11:44:313 - Simulation 5 out of 10 done
2020-06-15_22:11:45:015 - Simulation 6 out of 10 done
2020-06-15_22:11:45:694 - Simulation 7 out of 10 done
2020-06-15_22:11:46:375 - Simulation 8 out of 10 done
2020-06-15_22:11:47:072 - Simulation 9 out of 10 done
2020-06-15_22:11:47:756 - Simulation 10 out of 10 done
2020-06-15_22:11:47:756 - > 1.0ii1.4ij
2020-06-15_22:11:48:445 - Simulation 1 out of 10 done
2020-06-15_22:11:49:130 - Simulation 2 out of 10 done
2020-06-15_22:11:49:810 - Simulation 3 out of 10 done
2020-06-15_22:11:50:489 - Simulation 4 out of 10 done
2020-06-15_22:11:51:173 - Simulation 5 out of 10 done
2020-06-15_22:11:51:851 - Simulation 6 out of 10 done
2020-06-15_22:11:52:514 - Simulation 7 out of 10 done
2020-06-15_22:11:53:172 - Simulation 8 out of 10 done
2020-06-15_22:11:53:828 - Simulation 9 out of 10 done
2020-06-15_22:11:54:494 - Simulation 10 out of 10 done
2020-06-15_22:11:54:494 - > 1.0ii1.6ij
2020-06-15_22:11:55:153 - Simulation 1 out of 10 done
2020-06-15_22:11:55:810 - Simulation 2 out of 10 done
2020-06-15_22:11:56:469 - Simulation 3 out of 10 done
2020-06-15_22:11:57:126 - Simulation 4 out of 10 done
2020-06-15_22:11:57:784 - Simulation 5 out of 10 done
2020-06-15_22:11:58:443 - Simulation 6 out of 10 done
2020-06-15_22:11:59:113 - Simulation 7 out of 10 done
2020-06-15_22:11:59:791 - Simulation 8 out of 10 done
2020-06-15_22:12:00:475 - Simulation 9 out of 10 done
2020-06-15_22:12:01:151 - Simulation 10 out of 10 done
2020-06-15_22:12:01:155 - # sacchpomb_genetic_multiplex
2020-06-15_22:12:01:164 - Network read
2020-06-15_22:12:01:164 - inter_layer_ep : 0.025196
2020-06-15_22:12:01:164 - intra_layer_eps:
2020-06-15_22:12:01:164 - 0.316243
2020-06-15_22:12:01:164 - 0.097931
2020-06-15_22:12:01:164 - 0.030510
2020-06-15_22:12:01:164 - > 1.2ii1.0ij
2020-06-15_22:12:01:205 - Simulation 1 out of 10 done
2020-06-15_22:12:01:244 - Simulation 2 out of 10 done
2020-06-15_22:12:01:287 - Simulation 3 out of 10 done
2020-06-15_22:12:01:328 - Simulation 4 out of 10 done
2020-06-15_22:12:01:368 - Simulation 5 out of 10 done
2020-06-15_22:12:01:409 - Simulation 6 out of 10 done
2020-06-15_22:12:01:447 - Simulation 7 out of 10 done
2020-06-15_22:12:01:486 - Simulation 8 out of 10 done
2020-06-15_22:12:01:526 - Simulation 9 out of 10 done
2020-06-15_22:12:01:564 - Simulation 10 out of 10 done
2020-06-15_22:12:01:564 - > 1.4ii1.0ij
2020-06-15_22:12:01:615 - Simulation 1 out of 10 done
2020-06-15_22:12:01:664 - Simulation 2 out of 10 done
2020-06-15_22:12:01:713 - Simulation 3 out of 10 done
2020-06-15_22:12:01:762 - Simulation 4 out of 10 done
2020-06-15_22:12:01:812 - Simulation 5 out of 10 done
2020-06-15_22:12:01:861 - Simulation 6 out of 10 done
2020-06-15_22:12:01:910 - Simulation 7 out of 10 done
2020-06-15_22:12:01:958 - Simulation 8 out of 10 done
2020-06-15_22:12:02:006 - Simulation 9 out of 10 done
2020-06-15_22:12:02:056 - Simulation 10 out of 10 done
2020-06-15_22:12:02:056 - > 1.6ii1.0ij
2020-06-15_22:12:02:120 - Simulation 1 out of 10 done
2020-06-15_22:12:02:185 - Simulation 2 out of 10 done
2020-06-15_22:12:02:246 - Simulation 3 out of 10 done
2020-06-15_22:12:02:306 - Simulation 4 out of 10 done
2020-06-15_22:12:02:372 - Simulation 5 out of 10 done
2020-06-15_22:12:02:435 - Simulation 6 out of 10 done
2020-06-15_22:12:02:497 - Simulation 7 out of 10 done
2020-06-15_22:12:02:559 - Simulation 8 out of 10 done
2020-06-15_22:12:02:621 - Simulation 9 out of 10 done
2020-06-15_22:12:02:681 - Simulation 10 out of 10 done
2020-06-15_22:12:02:681 - > 1.0ii1.2ij
2020-06-15_22:12:02:715 - Simulation 1 out of 10 done
2020-06-15_22:12:02:750 - Simulation 2 out of 10 done
2020-06-15_22:12:02:784 - Simulation 3 out of 10 done
2020-06-15_22:12:02:817 - Simulation 4 out of 10 done
2020-06-15_22:12:02:851 - Simulation 5 out of 10 done
2020-06-15_22:12:02:884 - Simulation 6 out of 10 done
2020-06-15_22:12:02:918 - Simulation 7 out of 10 done
2020-06-15_22:12:02:952 - Simulation 8 out of 10 done
2020-06-15_22:12:02:985 - Simulation 9 out of 10 done
2020-06-15_22:12:03:018 - Simulation 10 out of 10 done
2020-06-15_22:12:03:018 - > 1.0ii1.4ij
2020-06-15_22:12:03:053 - Simulation 1 out of 10 done
2020-06-15_22:12:03:087 - Simulation 2 out of 10 done
2020-06-15_22:12:03:121 - Simulation 3 out of 10 done
2020-06-15_22:12:03:154 - Simulation 4 out of 10 done
2020-06-15_22:12:03:188 - Simulation 5 out of 10 done
2020-06-15_22:12:03:222 - Simulation 6 out of 10 done
2020-06-15_22:12:03:257 - Simulation 7 out of 10 done
2020-06-15_22:12:03:292 - Simulation 8 out of 10 done
2020-06-15_22:12:03:327 - Simulation 9 out of 10 done
2020-06-15_22:12:03:361 - Simulation 10 out of 10 done
2020-06-15_22:12:03:361 - > 1.0ii1.6ij
2020-06-15_22:12:03:396 - Simulation 1 out of 10 done
2020-06-15_22:12:03:431 - Simulation 2 out of 10 done
2020-06-15_22:12:03:466 - Simulation 3 out of 10 done
2020-06-15_22:12:03:503 - Simulation 4 out of 10 done
2020-06-15_22:12:03:538 - Simulation 5 out of 10 done
2020-06-15_22:12:03:573 - Simulation 6 out of 10 done
2020-06-15_22:12:03:609 - Simulation 7 out of 10 done
2020-06-15_22:12:03:645 - Simulation 8 out of 10 done
2020-06-15_22:12:03:681 - Simulation 9 out of 10 done
2020-06-15_22:12:03:716 - Simulation 10 out of 10 done
2020-06-15_22:12:03:717 - # sacchcere_genetic_multiplex
2020-06-15_22:12:03:812 - Network read
2020-06-15_22:12:03:812 - inter_layer_ep : 0.009358
2020-06-15_22:12:03:812 - intra_layer_eps:
2020-06-15_22:12:03:812 - 0.027652
2020-06-15_22:12:03:812 - 0.038978
2020-06-15_22:12:03:812 - 0.075113
2020-06-15_22:12:03:812 - 0.033094
2020-06-15_22:12:03:812 - 0.013251
2020-06-15_22:12:03:812 - > 1.2ii1.0ij
2020-06-15_22:12:04:350 - Simulation 1 out of 10 done
2020-06-15_22:12:04:846 - Simulation 2 out of 10 done
2020-06-15_22:12:05:350 - Simulation 3 out of 10 done
2020-06-15_22:12:05:860 - Simulation 4 out of 10 done
2020-06-15_22:12:06:327 - Simulation 5 out of 10 done
2020-06-15_22:12:06:799 - Simulation 6 out of 10 done
2020-06-15_22:12:07:272 - Simulation 7 out of 10 done
2020-06-15_22:12:07:760 - Simulation 8 out of 10 done
2020-06-15_22:12:08:265 - Simulation 9 out of 10 done
2020-06-15_22:12:08:745 - Simulation 10 out of 10 done
2020-06-15_22:12:08:745 - > 1.4ii1.0ij
2020-06-15_22:12:09:466 - Simulation 1 out of 10 done
2020-06-15_22:12:10:215 - Simulation 2 out of 10 done
2020-06-15_22:12:10:948 - Simulation 3 out of 10 done
2020-06-15_22:12:11:647 - Simulation 4 out of 10 done
2020-06-15_22:12:12:360 - Simulation 5 out of 10 done
2020-06-15_22:12:13:054 - Simulation 6 out of 10 done
2020-06-15_22:12:13:774 - Simulation 7 out of 10 done
2020-06-15_22:12:14:490 - Simulation 8 out of 10 done
2020-06-15_22:12:15:189 - Simulation 9 out of 10 done
2020-06-15_22:12:15:886 - Simulation 10 out of 10 done
2020-06-15_22:12:15:886 - > 1.6ii1.0ij
2020-06-15_22:12:17:086 - Simulation 1 out of 10 done
2020-06-15_22:12:18:325 - Simulation 2 out of 10 done
2020-06-15_22:12:19:633 - Simulation 3 out of 10 done
2020-06-15_22:12:20:984 - Simulation 4 out of 10 done
2020-06-15_22:12:22:206 - Simulation 5 out of 10 done
2020-06-15_22:12:23:371 - Simulation 6 out of 10 done
2020-06-15_22:12:24:584 - Simulation 7 out of 10 done
2020-06-15_22:12:25:764 - Simulation 8 out of 10 done
2020-06-15_22:12:26:979 - Simulation 9 out of 10 done
2020-06-15_22:12:28:176 - Simulation 10 out of 10 done
2020-06-15_22:12:28:176 - > 1.0ii1.2ij
2020-06-15_22:12:28:552 - Simulation 1 out of 10 done
2020-06-15_22:12:28:929 - Simulation 2 out of 10 done
2020-06-15_22:12:29:315 - Simulation 3 out of 10 done
2020-06-15_22:12:29:718 - Simulation 4 out of 10 done
2020-06-15_22:12:30:102 - Simulation 5 out of 10 done
2020-06-15_22:12:30:485 - Simulation 6 out of 10 done
2020-06-15_22:12:30:864 - Simulation 7 out of 10 done
2020-06-15_22:12:31:257 - Simulation 8 out of 10 done
2020-06-15_22:12:31:650 - Simulation 9 out of 10 done
2020-06-15_22:12:32:047 - Simulation 10 out of 10 done
2020-06-15_22:12:32:047 - > 1.0ii1.4ij
2020-06-15_22:12:32:436 - Simulation 1 out of 10 done
2020-06-15_22:12:32:830 - Simulation 2 out of 10 done
2020-06-15_22:12:33:225 - Simulation 3 out of 10 done
2020-06-15_22:12:33:620 - Simulation 4 out of 10 done
2020-06-15_22:12:34:011 - Simulation 5 out of 10 done
2020-06-15_22:12:34:394 - Simulation 6 out of 10 done
2020-06-15_22:12:34:788 - Simulation 7 out of 10 done
2020-06-15_22:12:35:179 - Simulation 8 out of 10 done
2020-06-15_22:12:35:569 - Simulation 9 out of 10 done
2020-06-15_22:12:35:958 - Simulation 10 out of 10 done
2020-06-15_22:12:35:958 - > 1.0ii1.6ij
2020-06-15_22:12:36:350 - Simulation 1 out of 10 done
2020-06-15_22:12:36:740 - Simulation 2 out of 10 done
2020-06-15_22:12:37:125 - Simulation 3 out of 10 done
2020-06-15_22:12:37:513 - Simulation 4 out of 10 done
2020-06-15_22:12:37:910 - Simulation 5 out of 10 done
2020-06-15_22:12:38:315 - Simulation 6 out of 10 done
2020-06-15_22:12:38:727 - Simulation 7 out of 10 done
2020-06-15_22:12:39:139 - Simulation 8 out of 10 done
2020-06-15_22:12:39:557 - Simulation 9 out of 10 done
2020-06-15_22:12:39:971 - Simulation 10 out of 10 done
