2020-06-13_14:31:22:921 - # SLN_2_0.3_0.3_0.3
2020-06-13_14:31:23:164 - Network read
2020-06-13_14:31:23:164 - inter_layer_ep : 0.015206
2020-06-13_14:31:23:164 - intra_layer_eps:
2020-06-13_14:31:23:164 - 0.130400
2020-06-13_14:31:23:164 - 0.100416
2020-06-13_14:31:23:164 - 0.113161
2020-06-13_14:31:23:164 - 0.065595
2020-06-13_14:31:23:164 - > 1.2ii1.0ij
2020-06-13_14:31:26:906 - Simulation 1 out of 5 done
2020-06-13_14:31:30:652 - Simulation 2 out of 5 done
2020-06-13_14:31:34:392 - Simulation 3 out of 5 done
2020-06-13_14:31:38:163 - Simulation 4 out of 5 done
2020-06-13_14:31:41:952 - Simulation 5 out of 5 done
2020-06-13_14:31:41:952 - > 1.4ii1.0ij
2020-06-13_14:31:45:946 - Simulation 1 out of 5 done
2020-06-13_14:31:49:834 - Simulation 2 out of 5 done
2020-06-13_14:31:53:735 - Simulation 3 out of 5 done
2020-06-13_14:31:57:642 - Simulation 4 out of 5 done
2020-06-13_14:32:01:571 - Simulation 5 out of 5 done
2020-06-13_14:32:01:571 - > 1.6ii1.0ij
2020-06-13_14:32:05:743 - Simulation 1 out of 5 done
2020-06-13_14:32:09:915 - Simulation 2 out of 5 done
2020-06-13_14:32:14:099 - Simulation 3 out of 5 done
2020-06-13_14:32:18:292 - Simulation 4 out of 5 done
2020-06-13_14:32:22:468 - Simulation 5 out of 5 done
2020-06-13_14:32:22:468 - > 1.0ii1.2ij
2020-06-13_14:32:26:193 - Simulation 1 out of 5 done
2020-06-13_14:32:30:004 - Simulation 2 out of 5 done
2020-06-13_14:32:33:765 - Simulation 3 out of 5 done
2020-06-13_14:32:37:536 - Simulation 4 out of 5 done
2020-06-13_14:32:41:322 - Simulation 5 out of 5 done
2020-06-13_14:32:41:331 - # SLN_2_0.8_0.8_0.8
2020-06-13_14:32:41:499 - Network read
2020-06-13_14:32:41:499 - inter_layer_ep : 0.004848
2020-06-13_14:32:41:499 - intra_layer_eps:
2020-06-13_14:32:41:499 - 0.130400
2020-06-13_14:32:41:499 - 0.100416
2020-06-13_14:32:41:499 - 0.113161
2020-06-13_14:32:41:499 - 0.065595
2020-06-13_14:32:41:499 - > 1.2ii1.0ij
2020-06-13_14:32:45:316 - Simulation 1 out of 5 done
2020-06-13_14:32:49:074 - Simulation 2 out of 5 done
2020-06-13_14:32:52:835 - Simulation 3 out of 5 done
2020-06-13_14:32:56:636 - Simulation 4 out of 5 done
2020-06-13_14:33:00:471 - Simulation 5 out of 5 done
2020-06-13_14:33:00:471 - > 1.4ii1.0ij
2020-06-13_14:33:04:384 - Simulation 1 out of 5 done
2020-06-13_14:33:08:174 - Simulation 2 out of 5 done
2020-06-13_14:33:11:881 - Simulation 3 out of 5 done
2020-06-13_14:33:15:593 - Simulation 4 out of 5 done
2020-06-13_14:33:19:322 - Simulation 5 out of 5 done
2020-06-13_14:33:19:322 - > 1.6ii1.0ij
2020-06-13_14:33:23:098 - Simulation 1 out of 5 done
2020-06-13_14:33:26:878 - Simulation 2 out of 5 done
2020-06-13_14:33:30:690 - Simulation 3 out of 5 done
2020-06-13_14:33:34:560 - Simulation 4 out of 5 done
2020-06-13_14:33:38:469 - Simulation 5 out of 5 done
2020-06-13_14:33:38:469 - > 1.0ii1.2ij
2020-06-13_14:33:42:343 - Simulation 1 out of 5 done
2020-06-13_14:33:46:203 - Simulation 2 out of 5 done
2020-06-13_14:33:50:073 - Simulation 3 out of 5 done
2020-06-13_14:33:53:932 - Simulation 4 out of 5 done
2020-06-13_14:33:57:783 - Simulation 5 out of 5 done
2020-06-13_14:33:57:796 - # DLN_2_0.8_0.3_0.8
2020-06-13_14:33:58:165 - Network read
2020-06-13_14:33:58:165 - inter_layer_ep : 0.003601
2020-06-13_14:33:58:165 - intra_layer_eps:
2020-06-13_14:33:58:165 - 0.012099
2020-06-13_14:33:58:165 - 0.007326
2020-06-13_14:33:58:165 - 0.130400
2020-06-13_14:33:58:165 - > 1.2ii1.0ij
2020-06-13_14:34:23:540 - Simulation 1 out of 5 done
2020-06-13_14:34:48:584 - Simulation 2 out of 5 done
2020-06-13_14:35:13:765 - Simulation 3 out of 5 done
2020-06-13_14:35:38:831 - Simulation 4 out of 5 done
2020-06-13_14:36:03:753 - Simulation 5 out of 5 done
2020-06-13_14:36:03:753 - > 1.4ii1.0ij
2020-06-13_14:36:28:778 - Simulation 1 out of 5 done
2020-06-13_14:36:54:150 - Simulation 2 out of 5 done
2020-06-13_14:37:19:281 - Simulation 3 out of 5 done
2020-06-13_14:37:44:746 - Simulation 4 out of 5 done
2020-06-13_14:38:10:007 - Simulation 5 out of 5 done
2020-06-13_14:38:10:007 - > 1.6ii1.0ij
2020-06-13_14:38:35:432 - Simulation 1 out of 5 done
2020-06-13_14:39:00:592 - Simulation 2 out of 5 done
2020-06-13_14:39:25:632 - Simulation 3 out of 5 done
2020-06-13_14:39:50:543 - Simulation 4 out of 5 done
2020-06-13_14:40:15:691 - Simulation 5 out of 5 done
2020-06-13_14:40:15:691 - > 1.0ii1.2ij
2020-06-13_14:40:41:058 - Simulation 1 out of 5 done
2020-06-13_14:41:06:229 - Simulation 2 out of 5 done
2020-06-13_14:41:31:367 - Simulation 3 out of 5 done
2020-06-13_14:41:56:547 - Simulation 4 out of 5 done
2020-06-13_14:42:21:900 - Simulation 5 out of 5 done
2020-06-13_14:42:21:919 - # DLN_2_0.8_0.8_0.3
2020-06-13_14:42:22:406 - Network read
2020-06-13_14:42:22:406 - inter_layer_ep : 0.007574
2020-06-13_14:42:22:406 - intra_layer_eps:
2020-06-13_14:42:22:406 - 0.012099
2020-06-13_14:42:22:406 - 0.007326
2020-06-13_14:42:22:406 - 0.130400
2020-06-13_14:42:22:406 - > 1.2ii1.0ij
2020-06-13_14:42:47:724 - Simulation 1 out of 5 done
2020-06-13_14:43:13:112 - Simulation 2 out of 5 done
2020-06-13_14:43:38:486 - Simulation 3 out of 5 done
2020-06-13_14:44:03:781 - Simulation 4 out of 5 done
2020-06-13_14:44:29:201 - Simulation 5 out of 5 done
2020-06-13_14:44:29:201 - > 1.4ii1.0ij
2020-06-13_14:44:54:380 - Simulation 1 out of 5 done
2020-06-13_14:45:19:590 - Simulation 2 out of 5 done
2020-06-13_14:45:45:052 - Simulation 3 out of 5 done
2020-06-13_14:46:10:862 - Simulation 4 out of 5 done
2020-06-13_14:46:36:717 - Simulation 5 out of 5 done
2020-06-13_14:46:36:717 - > 1.6ii1.0ij
2020-06-13_14:47:02:505 - Simulation 1 out of 5 done
2020-06-13_14:47:28:377 - Simulation 2 out of 5 done
2020-06-13_14:47:54:452 - Simulation 3 out of 5 done
2020-06-13_14:48:21:699 - Simulation 4 out of 5 done
2020-06-13_14:48:48:759 - Simulation 5 out of 5 done
2020-06-13_14:48:48:759 - > 1.0ii1.2ij
2020-06-13_14:49:15:115 - Simulation 1 out of 5 done
2020-06-13_14:49:41:419 - Simulation 2 out of 5 done
2020-06-13_14:50:07:572 - Simulation 3 out of 5 done
2020-06-13_14:50:33:724 - Simulation 4 out of 5 done
2020-06-13_14:51:00:305 - Simulation 5 out of 5 done
2020-06-13_14:51:00:328 - # SLN_2_0.8_0.3_0.3
2020-06-13_14:51:00:592 - Network read
2020-06-13_14:51:00:592 - inter_layer_ep : 0.020184
2020-06-13_14:51:00:592 - intra_layer_eps:
2020-06-13_14:51:00:592 - 0.130400
2020-06-13_14:51:00:592 - 0.100416
2020-06-13_14:51:00:592 - 0.113161
2020-06-13_14:51:00:592 - 0.065595
2020-06-13_14:51:00:592 - > 1.2ii1.0ij
2020-06-13_14:51:04:863 - Simulation 1 out of 5 done
2020-06-13_14:51:09:040 - Simulation 2 out of 5 done
2020-06-13_14:51:13:223 - Simulation 3 out of 5 done
2020-06-13_14:51:17:450 - Simulation 4 out of 5 done
2020-06-13_14:51:21:798 - Simulation 5 out of 5 done
2020-06-13_14:51:21:798 - > 1.4ii1.0ij
2020-06-13_14:51:26:340 - Simulation 1 out of 5 done
2020-06-13_14:51:30:993 - Simulation 2 out of 5 done
2020-06-13_14:51:36:005 - Simulation 3 out of 5 done
2020-06-13_14:51:40:669 - Simulation 4 out of 5 done
2020-06-13_14:51:45:297 - Simulation 5 out of 5 done
2020-06-13_14:51:45:297 - > 1.6ii1.0ij
2020-06-13_14:51:50:575 - Simulation 1 out of 5 done
2020-06-13_14:51:55:628 - Simulation 2 out of 5 done
2020-06-13_14:52:00:646 - Simulation 3 out of 5 done
2020-06-13_14:52:05:722 - Simulation 4 out of 5 done
2020-06-13_14:52:10:646 - Simulation 5 out of 5 done
2020-06-13_14:52:10:646 - > 1.0ii1.2ij
2020-06-13_14:52:15:227 - Simulation 1 out of 5 done
2020-06-13_14:52:19:794 - Simulation 2 out of 5 done
2020-06-13_14:52:24:326 - Simulation 3 out of 5 done
2020-06-13_14:52:28:965 - Simulation 4 out of 5 done
2020-06-13_14:52:33:537 - Simulation 5 out of 5 done
2020-06-13_14:52:33:549 - # SLN_2_0.3_0.8_0.8
2020-06-13_14:52:33:857 - Network read
2020-06-13_14:52:33:857 - inter_layer_ep : 0.003246
2020-06-13_14:52:33:857 - intra_layer_eps:
2020-06-13_14:52:33:857 - 0.130400
2020-06-13_14:52:33:857 - 0.100416
2020-06-13_14:52:33:857 - 0.113161
2020-06-13_14:52:33:857 - 0.065595
2020-06-13_14:52:33:857 - > 1.2ii1.0ij
2020-06-13_14:52:38:659 - Simulation 1 out of 5 done
2020-06-13_14:52:43:282 - Simulation 2 out of 5 done
2020-06-13_14:52:47:857 - Simulation 3 out of 5 done
2020-06-13_14:52:52:320 - Simulation 4 out of 5 done
2020-06-13_14:52:56:695 - Simulation 5 out of 5 done
2020-06-13_14:52:56:695 - > 1.4ii1.0ij
2020-06-13_14:53:01:430 - Simulation 1 out of 5 done
2020-06-13_14:53:05:984 - Simulation 2 out of 5 done
2020-06-13_14:53:10:556 - Simulation 3 out of 5 done
2020-06-13_14:53:15:118 - Simulation 4 out of 5 done
2020-06-13_14:53:19:742 - Simulation 5 out of 5 done
2020-06-13_14:53:19:742 - > 1.6ii1.0ij
2020-06-13_14:53:24:355 - Simulation 1 out of 5 done
2020-06-13_14:53:28:971 - Simulation 2 out of 5 done
2020-06-13_14:53:33:631 - Simulation 3 out of 5 done
2020-06-13_14:53:38:222 - Simulation 4 out of 5 done
2020-06-13_14:53:42:814 - Simulation 5 out of 5 done
2020-06-13_14:53:42:814 - > 1.0ii1.2ij
2020-06-13_14:53:47:320 - Simulation 1 out of 5 done
2020-06-13_14:53:51:779 - Simulation 2 out of 5 done
2020-06-13_14:53:56:296 - Simulation 3 out of 5 done
2020-06-13_14:54:00:799 - Simulation 4 out of 5 done
2020-06-13_14:54:05:259 - Simulation 5 out of 5 done
2020-06-13_14:54:05:269 - # DLN_2_0.3_0.8_0.3
2020-06-13_14:54:05:867 - Network read
2020-06-13_14:54:05:867 - inter_layer_ep : 0.007356
2020-06-13_14:54:05:867 - intra_layer_eps:
2020-06-13_14:54:05:867 - 0.012099
2020-06-13_14:54:05:867 - 0.007326
2020-06-13_14:54:05:867 - 0.130400
2020-06-13_14:54:05:867 - > 1.2ii1.0ij
2020-06-13_14:54:33:900 - Simulation 1 out of 5 done
2020-06-13_14:55:01:483 - Simulation 2 out of 5 done
2020-06-13_14:55:29:206 - Simulation 3 out of 5 done
2020-06-13_14:55:55:732 - Simulation 4 out of 5 done
2020-06-13_14:56:22:218 - Simulation 5 out of 5 done
2020-06-13_14:56:22:218 - > 1.4ii1.0ij
2020-06-13_14:56:49:631 - Simulation 1 out of 5 done
2020-06-13_14:57:17:052 - Simulation 2 out of 5 done
2020-06-13_14:57:44:318 - Simulation 3 out of 5 done
2020-06-13_14:58:11:228 - Simulation 4 out of 5 done
2020-06-13_14:58:37:772 - Simulation 5 out of 5 done
2020-06-13_14:58:37:772 - > 1.6ii1.0ij
2020-06-13_14:59:05:061 - Simulation 1 out of 5 done
2020-06-13_14:59:32:228 - Simulation 2 out of 5 done
2020-06-13_14:59:58:309 - Simulation 3 out of 5 done
2020-06-13_15:00:24:333 - Simulation 4 out of 5 done
2020-06-13_15:00:50:621 - Simulation 5 out of 5 done
2020-06-13_15:00:50:621 - > 1.0ii1.2ij
2020-06-13_15:01:16:902 - Simulation 1 out of 5 done
2020-06-13_15:01:43:330 - Simulation 2 out of 5 done
2020-06-13_15:02:09:804 - Simulation 3 out of 5 done
2020-06-13_15:02:36:310 - Simulation 4 out of 5 done
2020-06-13_15:03:02:811 - Simulation 5 out of 5 done
2020-06-13_15:03:02:824 - # DLN_2_0.3_0.3_0.8
2020-06-13_15:03:03:363 - Network read
2020-06-13_15:03:03:363 - inter_layer_ep : 0.002545
2020-06-13_15:03:03:363 - intra_layer_eps:
2020-06-13_15:03:03:363 - 0.012099
2020-06-13_15:03:03:363 - 0.007326
2020-06-13_15:03:03:363 - 0.130400
2020-06-13_15:03:03:363 - > 1.2ii1.0ij
2020-06-13_15:03:30:501 - Simulation 1 out of 5 done
2020-06-13_15:04:01:204 - Simulation 2 out of 5 done
2020-06-13_15:04:31:605 - Simulation 3 out of 5 done
2020-06-13_15:05:00:119 - Simulation 4 out of 5 done
2020-06-13_15:05:27:618 - Simulation 5 out of 5 done
2020-06-13_15:05:27:618 - > 1.4ii1.0ij
2020-06-13_15:05:54:935 - Simulation 1 out of 5 done
2020-06-13_15:06:22:159 - Simulation 2 out of 5 done
2020-06-13_15:06:49:266 - Simulation 3 out of 5 done
2020-06-13_15:07:16:535 - Simulation 4 out of 5 done
2020-06-13_15:07:43:605 - Simulation 5 out of 5 done
2020-06-13_15:07:43:605 - > 1.6ii1.0ij
2020-06-13_15:08:10:862 - Simulation 1 out of 5 done
2020-06-13_15:08:38:185 - Simulation 2 out of 5 done
2020-06-13_15:09:05:438 - Simulation 3 out of 5 done
2020-06-13_15:09:32:908 - Simulation 4 out of 5 done
2020-06-13_15:10:00:483 - Simulation 5 out of 5 done
2020-06-13_15:10:00:483 - > 1.0ii1.2ij
2020-06-13_15:10:27:451 - Simulation 1 out of 5 done
2020-06-13_15:10:54:351 - Simulation 2 out of 5 done
2020-06-13_15:11:21:155 - Simulation 3 out of 5 done
2020-06-13_15:11:49:041 - Simulation 4 out of 5 done
2020-06-13_15:12:15:309 - Simulation 5 out of 5 done
2020-06-13_15:12:15:328 - # SLN_2_0.3_0.8_0.3
2020-06-13_15:12:15:617 - Network read
2020-06-13_15:12:15:617 - inter_layer_ep : 0.014876
2020-06-13_15:12:15:617 - intra_layer_eps:
2020-06-13_15:12:15:617 - 0.130400
2020-06-13_15:12:15:617 - 0.100416
2020-06-13_15:12:15:617 - 0.113161
2020-06-13_15:12:15:617 - 0.065595
2020-06-13_15:12:15:617 - > 1.2ii1.0ij
2020-06-13_15:12:19:808 - Simulation 1 out of 5 done
2020-06-13_15:12:23:930 - Simulation 2 out of 5 done
2020-06-13_15:12:28:080 - Simulation 3 out of 5 done
2020-06-13_15:12:32:252 - Simulation 4 out of 5 done
2020-06-13_15:12:36:442 - Simulation 5 out of 5 done
2020-06-13_15:12:36:442 - > 1.4ii1.0ij
2020-06-13_15:12:40:721 - Simulation 1 out of 5 done
2020-06-13_15:12:45:010 - Simulation 2 out of 5 done
2020-06-13_15:12:49:302 - Simulation 3 out of 5 done
2020-06-13_15:12:53:590 - Simulation 4 out of 5 done
2020-06-13_15:12:57:984 - Simulation 5 out of 5 done
2020-06-13_15:12:57:984 - > 1.6ii1.0ij
2020-06-13_15:13:02:922 - Simulation 1 out of 5 done
2020-06-13_15:13:07:693 - Simulation 2 out of 5 done
2020-06-13_15:13:12:394 - Simulation 3 out of 5 done
2020-06-13_15:13:17:199 - Simulation 4 out of 5 done
2020-06-13_15:13:22:099 - Simulation 5 out of 5 done
2020-06-13_15:13:22:099 - > 1.0ii1.2ij
2020-06-13_15:13:26:613 - Simulation 1 out of 5 done
2020-06-13_15:13:31:287 - Simulation 2 out of 5 done
2020-06-13_15:13:35:816 - Simulation 3 out of 5 done
2020-06-13_15:13:40:319 - Simulation 4 out of 5 done
2020-06-13_15:13:44:897 - Simulation 5 out of 5 done
2020-06-13_15:13:44:912 - # SLN_2_0.8_0.3_0.8
2020-06-13_15:13:45:167 - Network read
2020-06-13_15:13:45:167 - inter_layer_ep : 0.005386
2020-06-13_15:13:45:167 - intra_layer_eps:
2020-06-13_15:13:45:167 - 0.130400
2020-06-13_15:13:45:167 - 0.100416
2020-06-13_15:13:45:167 - 0.113161
2020-06-13_15:13:45:167 - 0.065595
2020-06-13_15:13:45:167 - > 1.2ii1.0ij
2020-06-13_15:13:49:705 - Simulation 1 out of 5 done
2020-06-13_15:13:54:267 - Simulation 2 out of 5 done
2020-06-13_15:13:58:884 - Simulation 3 out of 5 done
2020-06-13_15:14:03:458 - Simulation 4 out of 5 done
2020-06-13_15:14:07:980 - Simulation 5 out of 5 done
2020-06-13_15:14:07:980 - > 1.4ii1.0ij
2020-06-13_15:14:12:508 - Simulation 1 out of 5 done
2020-06-13_15:14:17:057 - Simulation 2 out of 5 done
2020-06-13_15:14:21:617 - Simulation 3 out of 5 done
2020-06-13_15:14:26:169 - Simulation 4 out of 5 done
2020-06-13_15:14:30:721 - Simulation 5 out of 5 done
2020-06-13_15:14:30:721 - > 1.6ii1.0ij
2020-06-13_15:14:35:304 - Simulation 1 out of 5 done
2020-06-13_15:14:39:857 - Simulation 2 out of 5 done
2020-06-13_15:14:44:402 - Simulation 3 out of 5 done
2020-06-13_15:14:48:973 - Simulation 4 out of 5 done
2020-06-13_15:14:53:578 - Simulation 5 out of 5 done
2020-06-13_15:14:53:578 - > 1.0ii1.2ij
2020-06-13_15:14:58:034 - Simulation 1 out of 5 done
2020-06-13_15:15:02:496 - Simulation 2 out of 5 done
2020-06-13_15:15:07:004 - Simulation 3 out of 5 done
2020-06-13_15:15:11:536 - Simulation 4 out of 5 done
2020-06-13_15:15:16:063 - Simulation 5 out of 5 done
2020-06-13_15:15:16:076 - # DLN_2_0.3_0.8_0.8
2020-06-13_15:15:16:629 - Network read
2020-06-13_15:15:16:629 - inter_layer_ep : 0.002501
2020-06-13_15:15:16:629 - intra_layer_eps:
2020-06-13_15:15:16:629 - 0.012099
2020-06-13_15:15:16:629 - 0.007326
2020-06-13_15:15:16:629 - 0.130400
2020-06-13_15:15:16:629 - > 1.2ii1.0ij
2020-06-13_15:15:44:837 - Simulation 1 out of 5 done
2020-06-13_15:16:12:966 - Simulation 2 out of 5 done
2020-06-13_15:16:40:749 - Simulation 3 out of 5 done
2020-06-13_15:17:08:318 - Simulation 4 out of 5 done
2020-06-13_15:17:35:709 - Simulation 5 out of 5 done
2020-06-13_15:17:35:709 - > 1.4ii1.0ij
2020-06-13_15:18:03:024 - Simulation 1 out of 5 done
2020-06-13_15:18:30:837 - Simulation 2 out of 5 done
2020-06-13_15:18:58:230 - Simulation 3 out of 5 done
2020-06-13_15:19:25:501 - Simulation 4 out of 5 done
2020-06-13_15:19:52:446 - Simulation 5 out of 5 done
2020-06-13_15:19:52:446 - > 1.6ii1.0ij
2020-06-13_15:20:19:588 - Simulation 1 out of 5 done
2020-06-13_15:20:46:697 - Simulation 2 out of 5 done
2020-06-13_15:21:12:669 - Simulation 3 out of 5 done
2020-06-13_15:21:38:744 - Simulation 4 out of 5 done
2020-06-13_15:22:05:412 - Simulation 5 out of 5 done
2020-06-13_15:22:05:412 - > 1.0ii1.2ij
2020-06-13_15:22:32:305 - Simulation 1 out of 5 done
2020-06-13_15:22:59:197 - Simulation 2 out of 5 done
2020-06-13_15:23:25:940 - Simulation 3 out of 5 done
2020-06-13_15:23:53:087 - Simulation 4 out of 5 done
2020-06-13_15:24:20:317 - Simulation 5 out of 5 done
2020-06-13_15:24:20:334 - # DLN_2_0.8_0.8_0.8
2020-06-13_15:24:20:752 - Network read
2020-06-13_15:24:20:752 - inter_layer_ep : 0.003555
2020-06-13_15:24:20:752 - intra_layer_eps:
2020-06-13_15:24:20:752 - 0.012099
2020-06-13_15:24:20:752 - 0.007326
2020-06-13_15:24:20:752 - 0.130400
2020-06-13_15:24:20:752 - > 1.2ii1.0ij
2020-06-13_15:24:47:555 - Simulation 1 out of 5 done
2020-06-13_15:25:14:652 - Simulation 2 out of 5 done
2020-06-13_15:25:41:385 - Simulation 3 out of 5 done
2020-06-13_15:26:09:249 - Simulation 4 out of 5 done
2020-06-13_15:26:36:888 - Simulation 5 out of 5 done
2020-06-13_15:26:36:888 - > 1.4ii1.0ij
2020-06-13_15:27:04:246 - Simulation 1 out of 5 done
2020-06-13_15:27:31:330 - Simulation 2 out of 5 done
2020-06-13_15:27:58:488 - Simulation 3 out of 5 done
2020-06-13_15:28:25:524 - Simulation 4 out of 5 done
2020-06-13_15:28:52:523 - Simulation 5 out of 5 done
2020-06-13_15:28:52:523 - > 1.6ii1.0ij
2020-06-13_15:29:19:842 - Simulation 1 out of 5 done
2020-06-13_15:29:47:359 - Simulation 2 out of 5 done
2020-06-13_15:30:14:893 - Simulation 3 out of 5 done
2020-06-13_15:30:41:863 - Simulation 4 out of 5 done
2020-06-13_15:31:08:854 - Simulation 5 out of 5 done
2020-06-13_15:31:08:854 - > 1.0ii1.2ij
2020-06-13_15:31:35:959 - Simulation 1 out of 5 done
2020-06-13_15:32:02:935 - Simulation 2 out of 5 done
2020-06-13_15:32:29:726 - Simulation 3 out of 5 done
2020-06-13_15:32:57:971 - Simulation 4 out of 5 done
2020-06-13_15:33:26:344 - Simulation 5 out of 5 done
2020-06-13_15:33:26:363 - # SLN_2_0.8_0.8_0.3
2020-06-13_15:33:26:633 - Network read
2020-06-13_15:33:26:633 - inter_layer_ep : 0.019573
2020-06-13_15:33:26:633 - intra_layer_eps:
2020-06-13_15:33:26:633 - 0.130400
2020-06-13_15:33:26:633 - 0.100416
2020-06-13_15:33:26:633 - 0.113161
2020-06-13_15:33:26:633 - 0.065595
2020-06-13_15:33:26:633 - > 1.2ii1.0ij
2020-06-13_15:33:30:954 - Simulation 1 out of 5 done
2020-06-13_15:33:35:421 - Simulation 2 out of 5 done
2020-06-13_15:33:39:679 - Simulation 3 out of 5 done
2020-06-13_15:33:43:937 - Simulation 4 out of 5 done
2020-06-13_15:33:48:236 - Simulation 5 out of 5 done
2020-06-13_15:33:48:236 - > 1.4ii1.0ij
2020-06-13_15:33:52:809 - Simulation 1 out of 5 done
2020-06-13_15:33:57:366 - Simulation 2 out of 5 done
2020-06-13_15:34:01:947 - Simulation 3 out of 5 done
2020-06-13_15:34:06:524 - Simulation 4 out of 5 done
2020-06-13_15:34:10:916 - Simulation 5 out of 5 done
2020-06-13_15:34:10:916 - > 1.6ii1.0ij
2020-06-13_15:34:15:735 - Simulation 1 out of 5 done
2020-06-13_15:34:20:391 - Simulation 2 out of 5 done
2020-06-13_15:34:25:021 - Simulation 3 out of 5 done
2020-06-13_15:34:29:657 - Simulation 4 out of 5 done
2020-06-13_15:34:34:413 - Simulation 5 out of 5 done
2020-06-13_15:34:34:413 - > 1.0ii1.2ij
2020-06-13_15:34:38:891 - Simulation 1 out of 5 done
2020-06-13_15:34:43:103 - Simulation 2 out of 5 done
2020-06-13_15:34:47:244 - Simulation 3 out of 5 done
2020-06-13_15:34:51:481 - Simulation 4 out of 5 done
2020-06-13_15:34:55:633 - Simulation 5 out of 5 done
2020-06-13_15:34:55:648 - # DLN_2_0.3_0.3_0.3
2020-06-13_15:34:56:229 - Network read
2020-06-13_15:34:56:229 - inter_layer_ep : 0.007255
2020-06-13_15:34:56:229 - intra_layer_eps:
2020-06-13_15:34:56:229 - 0.012099
2020-06-13_15:34:56:229 - 0.007326
2020-06-13_15:34:56:229 - 0.130400
2020-06-13_15:34:56:229 - > 1.2ii1.0ij
2020-06-13_15:35:22:615 - Simulation 1 out of 5 done
2020-06-13_15:35:51:801 - Simulation 2 out of 5 done
2020-06-13_15:36:18:585 - Simulation 3 out of 5 done
2020-06-13_15:36:45:128 - Simulation 4 out of 5 done
2020-06-13_15:37:13:020 - Simulation 5 out of 5 done
2020-06-13_15:37:13:020 - > 1.4ii1.0ij
2020-06-13_15:37:41:624 - Simulation 1 out of 5 done
2020-06-13_15:38:10:320 - Simulation 2 out of 5 done
2020-06-13_15:38:38:626 - Simulation 3 out of 5 done
2020-06-13_15:39:06:402 - Simulation 4 out of 5 done
2020-06-13_15:39:34:661 - Simulation 5 out of 5 done
2020-06-13_15:39:34:661 - > 1.6ii1.0ij
2020-06-13_15:40:03:062 - Simulation 1 out of 5 done
2020-06-13_15:40:31:218 - Simulation 2 out of 5 done
2020-06-13_15:40:58:914 - Simulation 3 out of 5 done
2020-06-13_15:41:26:270 - Simulation 4 out of 5 done
2020-06-13_15:41:53:969 - Simulation 5 out of 5 done
2020-06-13_15:41:53:969 - > 1.0ii1.2ij
2020-06-13_15:42:23:150 - Simulation 1 out of 5 done
2020-06-13_15:42:52:923 - Simulation 2 out of 5 done
2020-06-13_15:43:20:387 - Simulation 3 out of 5 done
2020-06-13_15:43:48:134 - Simulation 4 out of 5 done
2020-06-13_15:44:16:242 - Simulation 5 out of 5 done
2020-06-13_15:44:16:263 - # DLN_2_0.8_0.3_0.3
2020-06-13_15:44:16:840 - Network read
2020-06-13_15:44:16:840 - inter_layer_ep : 0.007484
2020-06-13_15:44:16:840 - intra_layer_eps:
2020-06-13_15:44:16:840 - 0.012099
2020-06-13_15:44:16:840 - 0.007326
2020-06-13_15:44:16:840 - 0.130400
2020-06-13_15:44:16:840 - > 1.2ii1.0ij
2020-06-13_15:44:45:944 - Simulation 1 out of 5 done
2020-06-13_15:45:15:832 - Simulation 2 out of 5 done
2020-06-13_15:45:42:987 - Simulation 3 out of 5 done
2020-06-13_15:46:09:870 - Simulation 4 out of 5 done
2020-06-13_15:46:37:727 - Simulation 5 out of 5 done
2020-06-13_15:46:37:727 - > 1.4ii1.0ij
2020-06-13_15:47:05:018 - Simulation 1 out of 5 done
2020-06-13_15:47:33:091 - Simulation 2 out of 5 done
2020-06-13_15:48:02:937 - Simulation 3 out of 5 done
2020-06-13_15:48:32:830 - Simulation 4 out of 5 done
2020-06-13_15:49:00:785 - Simulation 5 out of 5 done
2020-06-13_15:49:00:785 - > 1.6ii1.0ij
2020-06-13_15:49:28:649 - Simulation 1 out of 5 done
2020-06-13_15:49:56:173 - Simulation 2 out of 5 done
2020-06-13_15:50:23:415 - Simulation 3 out of 5 done
2020-06-13_15:50:50:701 - Simulation 4 out of 5 done
2020-06-13_15:51:20:139 - Simulation 5 out of 5 done
2020-06-13_15:51:20:139 - > 1.0ii1.2ij
2020-06-13_15:51:47:723 - Simulation 1 out of 5 done
2020-06-13_15:52:15:617 - Simulation 2 out of 5 done
2020-06-13_15:52:43:503 - Simulation 3 out of 5 done
2020-06-13_15:53:11:344 - Simulation 4 out of 5 done
2020-06-13_15:53:39:159 - Simulation 5 out of 5 done
2020-06-13_15:53:39:176 - # SLN_2_0.3_0.3_0.8
2020-06-13_15:53:39:492 - Network read
2020-06-13_15:53:39:492 - inter_layer_ep : 0.003555
2020-06-13_15:53:39:492 - intra_layer_eps:
2020-06-13_15:53:39:492 - 0.130400
2020-06-13_15:53:39:492 - 0.100416
2020-06-13_15:53:39:492 - 0.113161
2020-06-13_15:53:39:492 - 0.065595
2020-06-13_15:53:39:492 - > 1.2ii1.0ij
2020-06-13_15:53:44:035 - Simulation 1 out of 5 done
2020-06-13_15:53:48:544 - Simulation 2 out of 5 done
2020-06-13_15:53:53:045 - Simulation 3 out of 5 done
2020-06-13_15:53:57:544 - Simulation 4 out of 5 done
2020-06-13_15:54:02:017 - Simulation 5 out of 5 done
2020-06-13_15:54:02:017 - > 1.4ii1.0ij
2020-06-13_15:54:06:377 - Simulation 1 out of 5 done
2020-06-13_15:54:10:816 - Simulation 2 out of 5 done
2020-06-13_15:54:15:212 - Simulation 3 out of 5 done
2020-06-13_15:54:19:450 - Simulation 4 out of 5 done
2020-06-13_15:54:24:057 - Simulation 5 out of 5 done
2020-06-13_15:54:24:057 - > 1.6ii1.0ij
2020-06-13_15:54:28:671 - Simulation 1 out of 5 done
2020-06-13_15:54:33:240 - Simulation 2 out of 5 done
2020-06-13_15:54:38:021 - Simulation 3 out of 5 done
2020-06-13_15:54:42:898 - Simulation 4 out of 5 done
2020-06-13_15:54:47:620 - Simulation 5 out of 5 done
2020-06-13_15:54:47:620 - > 1.0ii1.2ij
2020-06-13_15:54:52:318 - Simulation 1 out of 5 done
2020-06-13_15:54:57:082 - Simulation 2 out of 5 done
2020-06-13_15:55:01:761 - Simulation 3 out of 5 done
2020-06-13_15:55:06:339 - Simulation 4 out of 5 done
2020-06-13_15:55:10:850 - Simulation 5 out of 5 done
2020-06-13_15:55:10:861 - # drosophila_genetic_multiplex
2020-06-13_15:55:10:866 - Network read
2020-06-13_15:55:10:866 - inter_layer_ep : 0.097829
2020-06-13_15:55:10:866 - intra_layer_eps:
2020-06-13_15:55:10:866 - 0.240053
2020-06-13_15:55:10:866 - 0.099983
2020-06-13_15:55:10:866 - > 1.2ii1.0ij
2020-06-13_15:55:10:942 - Simulation 1 out of 5 done
2020-06-13_15:55:11:019 - Simulation 2 out of 5 done
2020-06-13_15:55:11:097 - Simulation 3 out of 5 done
2020-06-13_15:55:11:174 - Simulation 4 out of 5 done
2020-06-13_15:55:11:251 - Simulation 5 out of 5 done
2020-06-13_15:55:11:251 - > 1.4ii1.0ij
2020-06-13_15:55:11:329 - Simulation 1 out of 5 done
2020-06-13_15:55:11:407 - Simulation 2 out of 5 done
2020-06-13_15:55:11:485 - Simulation 3 out of 5 done
2020-06-13_15:55:11:565 - Simulation 4 out of 5 done
2020-06-13_15:55:11:643 - Simulation 5 out of 5 done
2020-06-13_15:55:11:643 - > 1.6ii1.0ij
2020-06-13_15:55:11:723 - Simulation 1 out of 5 done
2020-06-13_15:55:11:802 - Simulation 2 out of 5 done
2020-06-13_15:55:11:884 - Simulation 3 out of 5 done
2020-06-13_15:55:11:971 - Simulation 4 out of 5 done
2020-06-13_15:55:12:057 - Simulation 5 out of 5 done
2020-06-13_15:55:12:057 - > 1.0ii1.2ij
2020-06-13_15:55:12:137 - Simulation 1 out of 5 done
2020-06-13_15:55:12:217 - Simulation 2 out of 5 done
2020-06-13_15:55:12:302 - Simulation 3 out of 5 done
2020-06-13_15:55:12:388 - Simulation 4 out of 5 done
2020-06-13_15:55:12:474 - Simulation 5 out of 5 done
2020-06-13_15:55:12:474 - # NYClimateMarch2014_multiplex
2020-06-13_15:55:12:513 - Network read
2020-06-13_15:55:12:514 - inter_layer_ep : 0.005260
2020-06-13_15:55:12:514 - intra_layer_eps:
2020-06-13_15:55:12:514 - 0.008070
2020-06-13_15:55:12:514 - 0.006761
2020-06-13_15:55:12:514 - 0.048504
2020-06-13_15:55:12:514 - > 1.2ii1.0ij
2020-06-13_15:55:13:269 - Simulation 1 out of 5 done
2020-06-13_15:55:14:020 - Simulation 2 out of 5 done
2020-06-13_15:55:14:758 - Simulation 3 out of 5 done
2020-06-13_15:55:15:489 - Simulation 4 out of 5 done
2020-06-13_15:55:16:217 - Simulation 5 out of 5 done
2020-06-13_15:55:16:217 - > 1.4ii1.0ij
2020-06-13_15:55:16:944 - Simulation 1 out of 5 done
2020-06-13_15:55:17:712 - Simulation 2 out of 5 done
2020-06-13_15:55:18:503 - Simulation 3 out of 5 done
2020-06-13_15:55:19:246 - Simulation 4 out of 5 done
2020-06-13_15:55:19:973 - Simulation 5 out of 5 done
2020-06-13_15:55:19:973 - > 1.6ii1.0ij
2020-06-13_15:55:20:717 - Simulation 1 out of 5 done
2020-06-13_15:55:21:466 - Simulation 2 out of 5 done
2020-06-13_15:55:22:249 - Simulation 3 out of 5 done
2020-06-13_15:55:23:009 - Simulation 4 out of 5 done
2020-06-13_15:55:23:741 - Simulation 5 out of 5 done
2020-06-13_15:55:23:742 - > 1.0ii1.2ij
2020-06-13_15:55:24:494 - Simulation 1 out of 5 done
2020-06-13_15:55:25:242 - Simulation 2 out of 5 done
2020-06-13_15:55:25:979 - Simulation 3 out of 5 done
2020-06-13_15:55:26:702 - Simulation 4 out of 5 done
2020-06-13_15:55:27:438 - Simulation 5 out of 5 done
2020-06-13_15:55:27:441 - # homo_genetic_multiplex
2020-06-13_15:55:27:495 - Network read
2020-06-13_15:55:27:495 - inter_layer_ep : 0.018111
2020-06-13_15:55:27:495 - intra_layer_eps:
2020-06-13_15:55:27:495 - 0.022615
2020-06-13_15:55:27:495 - 0.025292
2020-06-13_15:55:27:495 - 0.065388
2020-06-13_15:55:27:495 - > 1.2ii1.0ij
2020-06-13_15:55:28:146 - Simulation 1 out of 5 done
2020-06-13_15:55:28:786 - Simulation 2 out of 5 done
2020-06-13_15:55:29:439 - Simulation 3 out of 5 done
2020-06-13_15:55:30:095 - Simulation 4 out of 5 done
2020-06-13_15:55:30:755 - Simulation 5 out of 5 done
2020-06-13_15:55:30:755 - > 1.4ii1.0ij
2020-06-13_15:55:31:434 - Simulation 1 out of 5 done
2020-06-13_15:55:32:100 - Simulation 2 out of 5 done
2020-06-13_15:55:32:757 - Simulation 3 out of 5 done
2020-06-13_15:55:33:445 - Simulation 4 out of 5 done
2020-06-13_15:55:34:131 - Simulation 5 out of 5 done
2020-06-13_15:55:34:131 - > 1.6ii1.0ij
2020-06-13_15:55:34:853 - Simulation 1 out of 5 done
2020-06-13_15:55:35:593 - Simulation 2 out of 5 done
2020-06-13_15:55:36:319 - Simulation 3 out of 5 done
2020-06-13_15:55:37:096 - Simulation 4 out of 5 done
2020-06-13_15:55:37:836 - Simulation 5 out of 5 done
2020-06-13_15:55:37:836 - > 1.0ii1.2ij
2020-06-13_15:55:38:498 - Simulation 1 out of 5 done
2020-06-13_15:55:39:144 - Simulation 2 out of 5 done
2020-06-13_15:55:39:766 - Simulation 3 out of 5 done
2020-06-13_15:55:40:387 - Simulation 4 out of 5 done
2020-06-13_15:55:41:018 - Simulation 5 out of 5 done
2020-06-13_15:55:41:020 - # MoscowAthletics2013_multiplex
2020-06-13_15:55:41:060 - Network read
2020-06-13_15:55:41:060 - inter_layer_ep : 0.006386
2020-06-13_15:55:41:060 - intra_layer_eps:
2020-06-13_15:55:41:060 - 0.008946
2020-06-13_15:55:41:060 - 0.007499
2020-06-13_15:55:41:060 - 0.021235
2020-06-13_15:55:41:060 - > 1.2ii1.0ij
2020-06-13_15:55:41:837 - Simulation 1 out of 5 done
2020-06-13_15:55:42:664 - Simulation 2 out of 5 done
2020-06-13_15:55:43:461 - Simulation 3 out of 5 done
2020-06-13_15:55:44:276 - Simulation 4 out of 5 done
2020-06-13_15:55:45:071 - Simulation 5 out of 5 done
2020-06-13_15:55:45:071 - > 1.4ii1.0ij
2020-06-13_15:55:45:920 - Simulation 1 out of 5 done
2020-06-13_15:55:46:745 - Simulation 2 out of 5 done
2020-06-13_15:55:47:617 - Simulation 3 out of 5 done
2020-06-13_15:55:48:409 - Simulation 4 out of 5 done
2020-06-13_15:55:49:244 - Simulation 5 out of 5 done
2020-06-13_15:55:49:245 - > 1.6ii1.0ij
2020-06-13_15:55:50:113 - Simulation 1 out of 5 done
2020-06-13_15:55:50:935 - Simulation 2 out of 5 done
2020-06-13_15:55:51:782 - Simulation 3 out of 5 done
2020-06-13_15:55:52:603 - Simulation 4 out of 5 done
2020-06-13_15:55:53:483 - Simulation 5 out of 5 done
2020-06-13_15:55:53:483 - > 1.0ii1.2ij
2020-06-13_15:55:54:323 - Simulation 1 out of 5 done
2020-06-13_15:55:55:192 - Simulation 2 out of 5 done
2020-06-13_15:55:55:916 - Simulation 3 out of 5 done
2020-06-13_15:55:56:637 - Simulation 4 out of 5 done
2020-06-13_15:55:57:356 - Simulation 5 out of 5 done
2020-06-13_15:55:57:364 - # sacchpomb_genetic_multiplex
2020-06-13_15:55:57:374 - Network read
2020-06-13_15:55:57:374 - inter_layer_ep : 0.025196
2020-06-13_15:55:57:374 - intra_layer_eps:
2020-06-13_15:55:57:374 - 0.316243
2020-06-13_15:55:57:374 - 0.097931
2020-06-13_15:55:57:374 - 0.030510
2020-06-13_15:55:57:374 - > 1.2ii1.0ij
2020-06-13_15:55:57:417 - Simulation 1 out of 5 done
2020-06-13_15:55:57:462 - Simulation 2 out of 5 done
2020-06-13_15:55:57:504 - Simulation 3 out of 5 done
2020-06-13_15:55:57:545 - Simulation 4 out of 5 done
2020-06-13_15:55:57:585 - Simulation 5 out of 5 done
2020-06-13_15:55:57:585 - > 1.4ii1.0ij
2020-06-13_15:55:57:636 - Simulation 1 out of 5 done
2020-06-13_15:55:57:687 - Simulation 2 out of 5 done
2020-06-13_15:55:57:736 - Simulation 3 out of 5 done
2020-06-13_15:55:57:786 - Simulation 4 out of 5 done
2020-06-13_15:55:57:837 - Simulation 5 out of 5 done
2020-06-13_15:55:57:837 - > 1.6ii1.0ij
2020-06-13_15:55:57:903 - Simulation 1 out of 5 done
2020-06-13_15:55:57:977 - Simulation 2 out of 5 done
2020-06-13_15:55:58:046 - Simulation 3 out of 5 done
2020-06-13_15:55:58:113 - Simulation 4 out of 5 done
2020-06-13_15:55:58:189 - Simulation 5 out of 5 done
2020-06-13_15:55:58:189 - > 1.0ii1.2ij
2020-06-13_15:55:58:233 - Simulation 1 out of 5 done
2020-06-13_15:55:58:274 - Simulation 2 out of 5 done
2020-06-13_15:55:58:317 - Simulation 3 out of 5 done
2020-06-13_15:55:58:357 - Simulation 4 out of 5 done
2020-06-13_15:55:58:403 - Simulation 5 out of 5 done
2020-06-13_15:55:58:403 - # sacchcere_genetic_multiplex
2020-06-13_15:55:58:586 - Network read
2020-06-13_15:55:58:586 - inter_layer_ep : 0.009358
2020-06-13_15:55:58:586 - intra_layer_eps:
2020-06-13_15:55:58:586 - 0.027652
2020-06-13_15:55:58:586 - 0.038978
2020-06-13_15:55:58:586 - 0.075113
2020-06-13_15:55:58:586 - 0.033094
2020-06-13_15:55:58:586 - 0.013251
2020-06-13_15:55:58:586 - > 1.2ii1.0ij
2020-06-13_15:55:59:141 - Simulation 1 out of 5 done
2020-06-13_15:55:59:687 - Simulation 2 out of 5 done
2020-06-13_15:56:00:233 - Simulation 3 out of 5 done
2020-06-13_15:56:00:824 - Simulation 4 out of 5 done
2020-06-13_15:56:01:396 - Simulation 5 out of 5 done
2020-06-13_15:56:01:396 - > 1.4ii1.0ij
2020-06-13_15:56:02:257 - Simulation 1 out of 5 done
2020-06-13_15:56:03:073 - Simulation 2 out of 5 done
2020-06-13_15:56:03:891 - Simulation 3 out of 5 done
2020-06-13_15:56:04:832 - Simulation 4 out of 5 done
2020-06-13_15:56:05:801 - Simulation 5 out of 5 done
2020-06-13_15:56:05:801 - > 1.6ii1.0ij
2020-06-13_15:56:07:481 - Simulation 1 out of 5 done
2020-06-13_15:56:09:250 - Simulation 2 out of 5 done
2020-06-13_15:56:10:935 - Simulation 3 out of 5 done
2020-06-13_15:56:12:687 - Simulation 4 out of 5 done
2020-06-13_15:56:14:418 - Simulation 5 out of 5 done
2020-06-13_15:56:14:418 - > 1.0ii1.2ij
2020-06-13_15:56:14:916 - Simulation 1 out of 5 done
2020-06-13_15:56:15:410 - Simulation 2 out of 5 done
2020-06-13_15:56:15:912 - Simulation 3 out of 5 done
2020-06-13_15:56:16:420 - Simulation 4 out of 5 done
2020-06-13_15:56:16:944 - Simulation 5 out of 5 done
