2020-06-03_21:41:03:244 - # DLN_2_0.3_0.3_0.3
2020-06-03_21:41:05:605 - Network read
2020-06-03_21:44:32:935 - Simulation 1 out of 20 done
2020-06-03_21:47:59:586 - Simulation 2 out of 20 done
2020-06-03_21:51:25:648 - Simulation 3 out of 20 done
2020-06-03_21:54:51:422 - Simulation 4 out of 20 done
2020-06-03_21:58:19:131 - Simulation 5 out of 20 done
2020-06-03_22:01:50:765 - Simulation 6 out of 20 done
2020-06-03_22:05:17:860 - Simulation 7 out of 20 done
2020-06-03_22:08:44:192 - Simulation 8 out of 20 done
2020-06-03_22:12:09:676 - Simulation 9 out of 20 done
2020-06-03_22:15:35:982 - Simulation 10 out of 20 done
2020-06-03_22:19:01:186 - Simulation 11 out of 20 done
2020-06-03_22:22:26:266 - Simulation 12 out of 20 done
2020-06-03_22:25:52:045 - Simulation 13 out of 20 done
2020-06-03_22:29:18:063 - Simulation 14 out of 20 done
2020-06-03_22:32:44:494 - Simulation 15 out of 20 done
2020-06-03_22:36:09:356 - Simulation 16 out of 20 done
2020-06-03_22:39:34:423 - Simulation 17 out of 20 done
2020-06-03_22:42:59:473 - Simulation 18 out of 20 done
2020-06-03_22:46:24:551 - Simulation 19 out of 20 done
2020-06-03_22:49:49:266 - Simulation 20 out of 20 done
2020-06-03_22:49:49:298 - # SLN_2_0.8_0.8_0.8
2020-06-03_22:49:50:196 - Network read
2020-06-03_22:50:21:570 - Simulation 1 out of 20 done
2020-06-03_22:50:52:890 - Simulation 2 out of 20 done
2020-06-03_22:51:24:678 - Simulation 3 out of 20 done
2020-06-03_22:51:55:893 - Simulation 4 out of 20 done
2020-06-03_22:52:27:454 - Simulation 5 out of 20 done
2020-06-03_22:52:59:210 - Simulation 6 out of 20 done
2020-06-03_22:53:30:634 - Simulation 7 out of 20 done
2020-06-03_22:54:02:593 - Simulation 8 out of 20 done
2020-06-03_22:54:34:137 - Simulation 9 out of 20 done
2020-06-03_22:55:05:549 - Simulation 10 out of 20 done
2020-06-03_22:55:36:997 - Simulation 11 out of 20 done
2020-06-03_22:56:08:493 - Simulation 12 out of 20 done
2020-06-03_22:56:40:006 - Simulation 13 out of 20 done
2020-06-03_22:57:11:396 - Simulation 14 out of 20 done
2020-06-03_22:57:42:768 - Simulation 15 out of 20 done
2020-06-03_22:58:14:473 - Simulation 16 out of 20 done
2020-06-03_22:58:46:166 - Simulation 17 out of 20 done
2020-06-03_22:59:17:696 - Simulation 18 out of 20 done
2020-06-03_22:59:49:003 - Simulation 19 out of 20 done
2020-06-03_23:00:20:446 - Simulation 20 out of 20 done
2020-06-03_23:00:20:465 - # SLN_2_0.3_0.3_0.3
2020-06-03_23:00:21:635 - Network read
2020-06-03_23:00:53:716 - Simulation 1 out of 20 done
2020-06-03_23:01:25:694 - Simulation 2 out of 20 done
2020-06-03_23:01:58:016 - Simulation 3 out of 20 done
2020-06-03_23:02:30:312 - Simulation 4 out of 20 done
2020-06-03_23:03:02:450 - Simulation 5 out of 20 done
2020-06-03_23:03:34:195 - Simulation 6 out of 20 done
2020-06-03_23:04:06:412 - Simulation 7 out of 20 done
2020-06-03_23:04:38:431 - Simulation 8 out of 20 done
2020-06-03_23:05:10:167 - Simulation 9 out of 20 done
2020-06-03_23:05:42:245 - Simulation 10 out of 20 done
2020-06-03_23:06:14:115 - Simulation 11 out of 20 done
2020-06-03_23:06:45:942 - Simulation 12 out of 20 done
2020-06-03_23:07:17:781 - Simulation 13 out of 20 done
2020-06-03_23:07:49:795 - Simulation 14 out of 20 done
2020-06-03_23:08:21:874 - Simulation 15 out of 20 done
2020-06-03_23:08:53:882 - Simulation 16 out of 20 done
2020-06-03_23:09:25:734 - Simulation 17 out of 20 done
2020-06-03_23:09:57:374 - Simulation 18 out of 20 done
2020-06-03_23:10:29:395 - Simulation 19 out of 20 done
2020-06-03_23:11:01:460 - Simulation 20 out of 20 done
2020-06-03_23:11:01:479 - # SLN_2_0.8_0.3_0.8
2020-06-03_23:11:02:389 - Network read
2020-06-03_23:11:33:922 - Simulation 1 out of 20 done
2020-06-03_23:12:05:632 - Simulation 2 out of 20 done
2020-06-03_23:12:37:083 - Simulation 3 out of 20 done
2020-06-03_23:13:08:560 - Simulation 4 out of 20 done
2020-06-03_23:13:40:117 - Simulation 5 out of 20 done
2020-06-03_23:14:11:629 - Simulation 6 out of 20 done
2020-06-03_23:14:43:213 - Simulation 7 out of 20 done
2020-06-03_23:15:14:717 - Simulation 8 out of 20 done
2020-06-03_23:15:46:284 - Simulation 9 out of 20 done
2020-06-03_23:16:17:752 - Simulation 10 out of 20 done
2020-06-03_23:16:49:130 - Simulation 11 out of 20 done
2020-06-03_23:17:20:944 - Simulation 12 out of 20 done
2020-06-03_23:17:52:513 - Simulation 13 out of 20 done
2020-06-03_23:18:24:107 - Simulation 14 out of 20 done
2020-06-03_23:18:55:640 - Simulation 15 out of 20 done
2020-06-03_23:19:26:952 - Simulation 16 out of 20 done
2020-06-03_23:19:58:503 - Simulation 17 out of 20 done
2020-06-03_23:20:30:057 - Simulation 18 out of 20 done
2020-06-03_23:21:01:644 - Simulation 19 out of 20 done
2020-06-03_23:21:33:715 - Simulation 20 out of 20 done
2020-06-03_23:21:33:735 - # DLN_2_0.8_0.3_0.3
2020-06-03_23:21:35:793 - Network read
2020-06-03_23:25:00:967 - Simulation 1 out of 20 done
2020-06-03_23:28:26:227 - Simulation 2 out of 20 done
2020-06-03_23:31:55:351 - Simulation 3 out of 20 done
2020-06-03_23:35:20:475 - Simulation 4 out of 20 done
2020-06-03_23:38:47:934 - Simulation 5 out of 20 done
2020-06-03_23:42:17:637 - Simulation 6 out of 20 done
2020-06-03_23:45:41:504 - Simulation 7 out of 20 done
2020-06-03_23:49:05:962 - Simulation 8 out of 20 done
2020-06-03_23:52:30:449 - Simulation 9 out of 20 done
2020-06-03_23:55:55:037 - Simulation 10 out of 20 done
2020-06-03_23:59:20:040 - Simulation 11 out of 20 done
2020-06-04_00:02:44:591 - Simulation 12 out of 20 done
2020-06-04_00:06:08:942 - Simulation 13 out of 20 done
2020-06-04_00:09:32:685 - Simulation 14 out of 20 done
2020-06-04_00:12:57:155 - Simulation 15 out of 20 done
2020-06-04_00:16:21:381 - Simulation 16 out of 20 done
2020-06-04_00:19:46:131 - Simulation 17 out of 20 done
2020-06-04_00:23:10:231 - Simulation 18 out of 20 done
2020-06-04_00:26:34:921 - Simulation 19 out of 20 done
2020-06-04_00:29:59:947 - Simulation 20 out of 20 done
2020-06-04_00:29:59:979 - # DLN_2_0.3_0.8_0.8
2020-06-04_00:30:02:300 - Network read
2020-06-04_00:33:26:799 - Simulation 1 out of 20 done
2020-06-04_00:36:51:974 - Simulation 2 out of 20 done
2020-06-04_00:40:16:871 - Simulation 3 out of 20 done
2020-06-04_00:43:41:272 - Simulation 4 out of 20 done
2020-06-04_00:47:06:291 - Simulation 5 out of 20 done
2020-06-04_00:50:30:479 - Simulation 6 out of 20 done
2020-06-04_00:53:57:658 - Simulation 7 out of 20 done
2020-06-04_00:57:22:498 - Simulation 8 out of 20 done
2020-06-04_01:00:47:294 - Simulation 9 out of 20 done
2020-06-04_01:04:11:888 - Simulation 10 out of 20 done
2020-06-04_01:07:36:722 - Simulation 11 out of 20 done
2020-06-04_01:11:01:463 - Simulation 12 out of 20 done
2020-06-04_01:14:26:918 - Simulation 13 out of 20 done
2020-06-04_01:17:51:467 - Simulation 14 out of 20 done
2020-06-04_01:21:16:454 - Simulation 15 out of 20 done
2020-06-04_01:24:41:473 - Simulation 16 out of 20 done
2020-06-04_01:28:06:775 - Simulation 17 out of 20 done
2020-06-04_01:31:31:739 - Simulation 18 out of 20 done
2020-06-04_01:34:56:505 - Simulation 19 out of 20 done
2020-06-04_01:38:21:847 - Simulation 20 out of 20 done
2020-06-04_01:38:21:880 - # SLN_2_0.3_0.8_0.3
2020-06-04_01:38:23:046 - Network read
2020-06-04_01:38:55:026 - Simulation 1 out of 20 done
2020-06-04_01:39:26:981 - Simulation 2 out of 20 done
2020-06-04_01:39:58:847 - Simulation 3 out of 20 done
2020-06-04_01:40:30:733 - Simulation 4 out of 20 done
2020-06-04_01:41:02:661 - Simulation 5 out of 20 done
2020-06-04_01:41:34:709 - Simulation 6 out of 20 done
2020-06-04_01:42:06:669 - Simulation 7 out of 20 done
2020-06-04_01:42:38:606 - Simulation 8 out of 20 done
2020-06-04_01:43:10:455 - Simulation 9 out of 20 done
2020-06-04_01:43:42:390 - Simulation 10 out of 20 done
2020-06-04_01:44:14:286 - Simulation 11 out of 20 done
2020-06-04_01:44:46:105 - Simulation 12 out of 20 done
2020-06-04_01:45:17:870 - Simulation 13 out of 20 done
2020-06-04_01:45:49:423 - Simulation 14 out of 20 done
2020-06-04_01:46:21:257 - Simulation 15 out of 20 done
2020-06-04_01:46:53:032 - Simulation 16 out of 20 done
2020-06-04_01:47:24:618 - Simulation 17 out of 20 done
2020-06-04_01:47:56:489 - Simulation 18 out of 20 done
2020-06-04_01:48:28:307 - Simulation 19 out of 20 done
2020-06-04_01:49:00:648 - Simulation 20 out of 20 done
2020-06-04_01:49:00:668 - # SLN_2_0.3_0.8_0.8
2020-06-04_01:49:01:861 - Network read
2020-06-04_01:49:33:831 - Simulation 1 out of 20 done
2020-06-04_01:50:05:667 - Simulation 2 out of 20 done
2020-06-04_01:50:37:495 - Simulation 3 out of 20 done
2020-06-04_01:51:09:292 - Simulation 4 out of 20 done
2020-06-04_01:51:41:386 - Simulation 5 out of 20 done
2020-06-04_01:52:13:076 - Simulation 6 out of 20 done
2020-06-04_01:52:44:803 - Simulation 7 out of 20 done
2020-06-04_01:53:16:499 - Simulation 8 out of 20 done
2020-06-04_01:53:48:343 - Simulation 9 out of 20 done
2020-06-04_01:54:19:962 - Simulation 10 out of 20 done
2020-06-04_01:54:51:713 - Simulation 11 out of 20 done
2020-06-04_01:55:23:399 - Simulation 12 out of 20 done
2020-06-04_01:55:55:068 - Simulation 13 out of 20 done
2020-06-04_01:56:26:738 - Simulation 14 out of 20 done
2020-06-04_01:56:58:696 - Simulation 15 out of 20 done
2020-06-04_01:57:30:326 - Simulation 16 out of 20 done
2020-06-04_01:58:02:004 - Simulation 17 out of 20 done
2020-06-04_01:58:33:739 - Simulation 18 out of 20 done
2020-06-04_01:59:05:391 - Simulation 19 out of 20 done
2020-06-04_01:59:37:182 - Simulation 20 out of 20 done
2020-06-04_01:59:37:202 - # SLN_2_0.3_0.3_0.8
2020-06-04_01:59:38:359 - Network read
2020-06-04_02:00:10:096 - Simulation 1 out of 20 done
2020-06-04_02:00:41:815 - Simulation 2 out of 20 done
2020-06-04_02:01:13:491 - Simulation 3 out of 20 done
2020-06-04_02:01:45:193 - Simulation 4 out of 20 done
2020-06-04_02:02:16:835 - Simulation 5 out of 20 done
2020-06-04_02:02:48:451 - Simulation 6 out of 20 done
2020-06-04_02:03:20:215 - Simulation 7 out of 20 done
2020-06-04_02:03:51:829 - Simulation 8 out of 20 done
2020-06-04_02:04:23:474 - Simulation 9 out of 20 done
2020-06-04_02:04:55:002 - Simulation 10 out of 20 done
2020-06-04_02:05:26:733 - Simulation 11 out of 20 done
2020-06-04_02:05:58:333 - Simulation 12 out of 20 done
2020-06-04_02:06:29:854 - Simulation 13 out of 20 done
2020-06-04_02:07:01:506 - Simulation 14 out of 20 done
2020-06-04_02:07:32:987 - Simulation 15 out of 20 done
2020-06-04_02:08:04:548 - Simulation 16 out of 20 done
2020-06-04_02:08:36:242 - Simulation 17 out of 20 done
2020-06-04_02:09:07:994 - Simulation 18 out of 20 done
2020-06-04_02:09:39:716 - Simulation 19 out of 20 done
2020-06-04_02:10:11:413 - Simulation 20 out of 20 done
2020-06-04_02:10:11:433 - # SLN_2_0.8_0.8_0.3
2020-06-04_02:10:12:359 - Network read
2020-06-04_02:10:43:913 - Simulation 1 out of 20 done
2020-06-04_02:11:15:451 - Simulation 2 out of 20 done
2020-06-04_02:11:47:110 - Simulation 3 out of 20 done
2020-06-04_02:12:18:843 - Simulation 4 out of 20 done
2020-06-04_02:12:50:451 - Simulation 5 out of 20 done
2020-06-04_02:13:21:965 - Simulation 6 out of 20 done
2020-06-04_02:13:53:690 - Simulation 7 out of 20 done
2020-06-04_02:14:25:396 - Simulation 8 out of 20 done
2020-06-04_02:14:57:035 - Simulation 9 out of 20 done
2020-06-04_02:15:28:762 - Simulation 10 out of 20 done
2020-06-04_02:16:00:396 - Simulation 11 out of 20 done
2020-06-04_02:16:32:025 - Simulation 12 out of 20 done
2020-06-04_02:17:03:712 - Simulation 13 out of 20 done
2020-06-04_02:17:35:433 - Simulation 14 out of 20 done
2020-06-04_02:18:07:091 - Simulation 15 out of 20 done
2020-06-04_02:18:38:719 - Simulation 16 out of 20 done
2020-06-04_02:19:10:394 - Simulation 17 out of 20 done
2020-06-04_02:19:41:939 - Simulation 18 out of 20 done
2020-06-04_02:20:13:662 - Simulation 19 out of 20 done
2020-06-04_02:20:45:307 - Simulation 20 out of 20 done
2020-06-04_02:20:45:327 - # DLN_2_0.3_0.8_0.3
2020-06-04_02:20:47:663 - Network read
2020-06-04_02:24:11:849 - Simulation 1 out of 20 done
2020-06-04_02:27:36:180 - Simulation 2 out of 20 done
2020-06-04_02:31:00:159 - Simulation 3 out of 20 done
2020-06-04_02:34:24:050 - Simulation 4 out of 20 done
2020-06-04_02:37:48:152 - Simulation 5 out of 20 done
2020-06-04_02:41:12:091 - Simulation 6 out of 20 done
2020-06-04_02:44:36:137 - Simulation 7 out of 20 done
2020-06-04_02:48:00:044 - Simulation 8 out of 20 done
2020-06-04_02:51:24:382 - Simulation 9 out of 20 done
2020-06-04_02:54:48:267 - Simulation 10 out of 20 done
2020-06-04_02:58:12:333 - Simulation 11 out of 20 done
2020-06-04_03:01:36:252 - Simulation 12 out of 20 done
2020-06-04_03:05:00:804 - Simulation 13 out of 20 done
2020-06-04_03:08:24:632 - Simulation 14 out of 20 done
2020-06-04_03:11:48:614 - Simulation 15 out of 20 done
2020-06-04_03:15:12:840 - Simulation 16 out of 20 done
2020-06-04_03:18:37:192 - Simulation 17 out of 20 done
2020-06-04_03:22:01:436 - Simulation 18 out of 20 done
2020-06-04_03:25:25:595 - Simulation 19 out of 20 done
2020-06-04_03:28:49:755 - Simulation 20 out of 20 done
2020-06-04_03:28:49:788 - # DLN_2_0.3_0.3_0.8
2020-06-04_03:28:52:131 - Network read
2020-06-04_03:32:18:122 - Simulation 1 out of 20 done
2020-06-04_03:35:41:879 - Simulation 2 out of 20 done
2020-06-04_03:39:06:054 - Simulation 3 out of 20 done
2020-06-04_03:42:30:263 - Simulation 4 out of 20 done
2020-06-04_03:45:54:697 - Simulation 5 out of 20 done
2020-06-04_03:49:19:470 - Simulation 6 out of 20 done
2020-06-04_03:52:52:184 - Simulation 7 out of 20 done
2020-06-04_03:56:25:521 - Simulation 8 out of 20 done
2020-06-04_04:00:01:612 - Simulation 9 out of 20 done
2020-06-04_04:03:25:973 - Simulation 10 out of 20 done
2020-06-04_04:06:49:913 - Simulation 11 out of 20 done
2020-06-04_04:10:13:667 - Simulation 12 out of 20 done
2020-06-04_04:13:39:645 - Simulation 13 out of 20 done
2020-06-04_04:17:13:009 - Simulation 14 out of 20 done
2020-06-04_04:20:37:029 - Simulation 15 out of 20 done
2020-06-04_04:24:01:344 - Simulation 16 out of 20 done
2020-06-04_04:27:25:360 - Simulation 17 out of 20 done
2020-06-04_04:30:48:862 - Simulation 18 out of 20 done
2020-06-04_04:34:12:522 - Simulation 19 out of 20 done
2020-06-04_04:37:36:630 - Simulation 20 out of 20 done
2020-06-04_04:37:36:664 - # DLN_2_0.8_0.8_0.8
2020-06-04_04:37:38:685 - Network read
2020-06-04_04:41:02:600 - Simulation 1 out of 20 done
2020-06-04_04:44:26:952 - Simulation 2 out of 20 done
2020-06-04_04:47:51:366 - Simulation 3 out of 20 done
2020-06-04_04:51:15:871 - Simulation 4 out of 20 done
2020-06-04_04:54:40:497 - Simulation 5 out of 20 done
2020-06-04_04:58:03:502 - Simulation 6 out of 20 done
2020-06-04_05:01:28:298 - Simulation 7 out of 20 done
2020-06-04_05:05:03:933 - Simulation 8 out of 20 done
2020-06-04_05:08:36:593 - Simulation 9 out of 20 done
2020-06-04_05:11:59:989 - Simulation 10 out of 20 done
2020-06-04_05:15:24:276 - Simulation 11 out of 20 done
2020-06-04_05:18:48:902 - Simulation 12 out of 20 done
2020-06-04_05:22:12:817 - Simulation 13 out of 20 done
2020-06-04_05:25:36:563 - Simulation 14 out of 20 done
2020-06-04_05:29:00:356 - Simulation 15 out of 20 done
2020-06-04_05:32:24:690 - Simulation 16 out of 20 done
2020-06-04_05:35:48:868 - Simulation 17 out of 20 done
2020-06-04_05:39:12:888 - Simulation 18 out of 20 done
2020-06-04_05:42:36:757 - Simulation 19 out of 20 done
2020-06-04_05:46:00:353 - Simulation 20 out of 20 done
2020-06-04_05:46:00:386 - # SLN_2_0.8_0.3_0.3
2020-06-04_05:46:01:299 - Network read
2020-06-04_05:46:32:845 - Simulation 1 out of 20 done
2020-06-04_05:47:04:426 - Simulation 2 out of 20 done
2020-06-04_05:47:36:813 - Simulation 3 out of 20 done
2020-06-04_05:48:09:198 - Simulation 4 out of 20 done
2020-06-04_05:48:41:288 - Simulation 5 out of 20 done
2020-06-04_05:49:16:434 - Simulation 6 out of 20 done
2020-06-04_05:49:49:243 - Simulation 7 out of 20 done
2020-06-04_05:50:20:815 - Simulation 8 out of 20 done
2020-06-04_05:50:52:477 - Simulation 9 out of 20 done
2020-06-04_05:51:23:968 - Simulation 10 out of 20 done
2020-06-04_05:51:55:951 - Simulation 11 out of 20 done
2020-06-04_05:52:27:417 - Simulation 12 out of 20 done
2020-06-04_05:52:58:955 - Simulation 13 out of 20 done
2020-06-04_05:53:30:428 - Simulation 14 out of 20 done
2020-06-04_05:54:01:955 - Simulation 15 out of 20 done
2020-06-04_05:54:33:271 - Simulation 16 out of 20 done
2020-06-04_05:55:04:602 - Simulation 17 out of 20 done
2020-06-04_05:55:35:917 - Simulation 18 out of 20 done
2020-06-04_05:56:07:348 - Simulation 19 out of 20 done
2020-06-04_05:56:38:764 - Simulation 20 out of 20 done
2020-06-04_05:56:38:784 - # DLN_2_0.8_0.8_0.3
2020-06-04_05:56:40:765 - Network read
2020-06-04_06:00:04:628 - Simulation 1 out of 20 done
2020-06-04_06:03:30:573 - Simulation 2 out of 20 done
2020-06-04_06:06:54:656 - Simulation 3 out of 20 done
2020-06-04_06:10:19:422 - Simulation 4 out of 20 done
2020-06-04_06:13:43:419 - Simulation 5 out of 20 done
2020-06-04_06:17:07:614 - Simulation 6 out of 20 done
2020-06-04_06:20:31:172 - Simulation 7 out of 20 done
2020-06-04_06:23:54:686 - Simulation 8 out of 20 done
2020-06-04_06:27:18:768 - Simulation 9 out of 20 done
2020-06-04_06:30:42:342 - Simulation 10 out of 20 done
2020-06-04_06:34:05:917 - Simulation 11 out of 20 done
2020-06-04_06:37:33:753 - Simulation 12 out of 20 done
2020-06-04_06:41:00:080 - Simulation 13 out of 20 done
2020-06-04_06:44:24:708 - Simulation 14 out of 20 done
2020-06-04_06:47:48:933 - Simulation 15 out of 20 done
2020-06-04_06:51:13:415 - Simulation 16 out of 20 done
2020-06-04_06:54:38:059 - Simulation 17 out of 20 done
2020-06-04_06:58:01:859 - Simulation 18 out of 20 done
2020-06-04_07:01:26:396 - Simulation 19 out of 20 done
2020-06-04_07:04:50:662 - Simulation 20 out of 20 done
2020-06-04_07:04:50:694 - # DLN_2_0.8_0.3_0.8
2020-06-04_07:04:52:699 - Network read
2020-06-04_07:08:17:104 - Simulation 1 out of 20 done
2020-06-04_07:11:41:682 - Simulation 2 out of 20 done
2020-06-04_07:15:05:676 - Simulation 3 out of 20 done
2020-06-04_07:18:29:699 - Simulation 4 out of 20 done
2020-06-04_07:21:54:362 - Simulation 5 out of 20 done
2020-06-04_07:25:18:609 - Simulation 6 out of 20 done
2020-06-04_07:28:42:944 - Simulation 7 out of 20 done
2020-06-04_07:32:07:674 - Simulation 8 out of 20 done
2020-06-04_07:35:32:216 - Simulation 9 out of 20 done
2020-06-04_07:38:57:014 - Simulation 10 out of 20 done
2020-06-04_07:42:21:522 - Simulation 11 out of 20 done
2020-06-04_07:45:45:662 - Simulation 12 out of 20 done
2020-06-04_07:49:09:728 - Simulation 13 out of 20 done
2020-06-04_07:52:34:332 - Simulation 14 out of 20 done
2020-06-04_07:55:58:490 - Simulation 15 out of 20 done
2020-06-04_07:59:24:459 - Simulation 16 out of 20 done
2020-06-04_08:02:49:161 - Simulation 17 out of 20 done
2020-06-04_08:06:13:988 - Simulation 18 out of 20 done
2020-06-04_08:09:38:266 - Simulation 19 out of 20 done
2020-06-04_08:13:07:076 - Simulation 20 out of 20 done
2020-06-04_08:13:07:109 - # drosophila_genetic_multiplex
2020-06-04_08:13:07:134 - Network read
2020-06-04_08:13:07:641 - Simulation 1 out of 20 done
2020-06-04_08:13:08:150 - Simulation 2 out of 20 done
2020-06-04_08:13:08:658 - Simulation 3 out of 20 done
2020-06-04_08:13:09:171 - Simulation 4 out of 20 done
2020-06-04_08:13:09:679 - Simulation 5 out of 20 done
2020-06-04_08:13:10:189 - Simulation 6 out of 20 done
2020-06-04_08:13:10:698 - Simulation 7 out of 20 done
2020-06-04_08:13:11:210 - Simulation 8 out of 20 done
2020-06-04_08:13:11:718 - Simulation 9 out of 20 done
2020-06-04_08:13:12:228 - Simulation 10 out of 20 done
2020-06-04_08:13:12:740 - Simulation 11 out of 20 done
2020-06-04_08:13:13:253 - Simulation 12 out of 20 done
2020-06-04_08:13:13:766 - Simulation 13 out of 20 done
2020-06-04_08:13:14:280 - Simulation 14 out of 20 done
2020-06-04_08:13:14:788 - Simulation 15 out of 20 done
2020-06-04_08:13:15:298 - Simulation 16 out of 20 done
2020-06-04_08:13:15:805 - Simulation 17 out of 20 done
2020-06-04_08:13:16:327 - Simulation 18 out of 20 done
2020-06-04_08:13:16:828 - Simulation 19 out of 20 done
2020-06-04_08:13:17:333 - Simulation 20 out of 20 done
2020-06-04_08:13:17:335 - # sacchpomb_genetic_multiplex
2020-06-04_08:13:17:388 - Network read
2020-06-04_08:13:17:651 - Simulation 1 out of 20 done
2020-06-04_08:13:17:902 - Simulation 2 out of 20 done
2020-06-04_08:13:18:156 - Simulation 3 out of 20 done
2020-06-04_08:13:18:409 - Simulation 4 out of 20 done
2020-06-04_08:13:18:668 - Simulation 5 out of 20 done
2020-06-04_08:13:18:926 - Simulation 6 out of 20 done
2020-06-04_08:13:19:177 - Simulation 7 out of 20 done
2020-06-04_08:13:19:428 - Simulation 8 out of 20 done
2020-06-04_08:13:19:684 - Simulation 9 out of 20 done
2020-06-04_08:13:19:934 - Simulation 10 out of 20 done
2020-06-04_08:13:20:194 - Simulation 11 out of 20 done
2020-06-04_08:13:20:448 - Simulation 12 out of 20 done
2020-06-04_08:13:20:703 - Simulation 13 out of 20 done
2020-06-04_08:13:20:959 - Simulation 14 out of 20 done
2020-06-04_08:13:21:218 - Simulation 15 out of 20 done
2020-06-04_08:13:21:470 - Simulation 16 out of 20 done
2020-06-04_08:13:21:731 - Simulation 17 out of 20 done
2020-06-04_08:13:21:980 - Simulation 18 out of 20 done
2020-06-04_08:13:22:234 - Simulation 19 out of 20 done
2020-06-04_08:13:22:487 - Simulation 20 out of 20 done
2020-06-04_08:13:22:488 - # NYClimateMarch2014_multiplex
2020-06-04_08:13:22:650 - Network read
2020-06-04_08:13:27:527 - Simulation 1 out of 20 done
2020-06-04_08:13:32:388 - Simulation 2 out of 20 done
2020-06-04_08:13:37:294 - Simulation 3 out of 20 done
2020-06-04_08:13:42:199 - Simulation 4 out of 20 done
2020-06-04_08:13:47:058 - Simulation 5 out of 20 done
2020-06-04_08:13:51:907 - Simulation 6 out of 20 done
2020-06-04_08:13:56:752 - Simulation 7 out of 20 done
2020-06-04_08:14:01:629 - Simulation 8 out of 20 done
2020-06-04_08:14:06:494 - Simulation 9 out of 20 done
2020-06-04_08:14:11:341 - Simulation 10 out of 20 done
2020-06-04_08:14:16:202 - Simulation 11 out of 20 done
2020-06-04_08:14:21:072 - Simulation 12 out of 20 done
2020-06-04_08:14:25:938 - Simulation 13 out of 20 done
2020-06-04_08:14:30:777 - Simulation 14 out of 20 done
2020-06-04_08:14:35:638 - Simulation 15 out of 20 done
2020-06-04_08:14:40:528 - Simulation 16 out of 20 done
2020-06-04_08:14:45:348 - Simulation 17 out of 20 done
2020-06-04_08:14:50:279 - Simulation 18 out of 20 done
2020-06-04_08:14:55:179 - Simulation 19 out of 20 done
2020-06-04_08:15:00:047 - Simulation 20 out of 20 done
2020-06-04_08:15:00:054 - # homo_genetic_multiplex
2020-06-04_08:15:00:432 - Network read
2020-06-04_08:15:04:607 - Simulation 1 out of 20 done
2020-06-04_08:15:08:729 - Simulation 2 out of 20 done
2020-06-04_08:15:12:839 - Simulation 3 out of 20 done
2020-06-04_08:15:16:979 - Simulation 4 out of 20 done
2020-06-04_08:15:21:078 - Simulation 5 out of 20 done
2020-06-04_08:15:25:192 - Simulation 6 out of 20 done
2020-06-04_08:15:29:340 - Simulation 7 out of 20 done
2020-06-04_08:15:33:484 - Simulation 8 out of 20 done
2020-06-04_08:15:37:660 - Simulation 9 out of 20 done
2020-06-04_08:15:41:751 - Simulation 10 out of 20 done
2020-06-04_08:15:45:877 - Simulation 11 out of 20 done
2020-06-04_08:15:50:007 - Simulation 12 out of 20 done
2020-06-04_08:15:54:127 - Simulation 13 out of 20 done
2020-06-04_08:15:58:263 - Simulation 14 out of 20 done
2020-06-04_08:16:02:410 - Simulation 15 out of 20 done
2020-06-04_08:16:06:557 - Simulation 16 out of 20 done
2020-06-04_08:16:10:702 - Simulation 17 out of 20 done
2020-06-04_08:16:14:916 - Simulation 18 out of 20 done
2020-06-04_08:16:19:040 - Simulation 19 out of 20 done
2020-06-04_08:16:23:170 - Simulation 20 out of 20 done
2020-06-04_08:16:23:176 - # MoscowAthletics2013_multiplex
2020-06-04_08:16:23:308 - Network read
2020-06-04_08:16:28:419 - Simulation 1 out of 20 done
2020-06-04_08:16:33:538 - Simulation 2 out of 20 done
2020-06-04_08:16:38:665 - Simulation 3 out of 20 done
2020-06-04_08:16:43:799 - Simulation 4 out of 20 done
2020-06-04_08:16:48:911 - Simulation 5 out of 20 done
2020-06-04_08:16:54:050 - Simulation 6 out of 20 done
2020-06-04_08:16:59:182 - Simulation 7 out of 20 done
2020-06-04_08:17:04:281 - Simulation 8 out of 20 done
2020-06-04_08:17:09:392 - Simulation 9 out of 20 done
2020-06-04_08:17:14:463 - Simulation 10 out of 20 done
2020-06-04_08:17:19:646 - Simulation 11 out of 20 done
2020-06-04_08:17:24:849 - Simulation 12 out of 20 done
2020-06-04_08:17:29:983 - Simulation 13 out of 20 done
2020-06-04_08:17:35:164 - Simulation 14 out of 20 done
2020-06-04_08:17:40:315 - Simulation 15 out of 20 done
2020-06-04_08:17:45:478 - Simulation 16 out of 20 done
2020-06-04_08:17:50:586 - Simulation 17 out of 20 done
2020-06-04_08:17:55:769 - Simulation 18 out of 20 done
2020-06-04_08:18:00:919 - Simulation 19 out of 20 done
2020-06-04_08:18:06:014 - Simulation 20 out of 20 done
2020-06-04_08:18:06:022 - # sacchcere_genetic_multiplex
2020-06-04_08:18:06:718 - Network read
2020-06-04_08:18:09:909 - Simulation 1 out of 20 done
2020-06-04_08:18:13:146 - Simulation 2 out of 20 done
2020-06-04_08:18:16:360 - Simulation 3 out of 20 done
2020-06-04_08:18:19:565 - Simulation 4 out of 20 done
2020-06-04_08:18:22:712 - Simulation 5 out of 20 done
2020-06-04_08:18:25:879 - Simulation 6 out of 20 done
2020-06-04_08:18:29:265 - Simulation 7 out of 20 done
2020-06-04_08:18:32:874 - Simulation 8 out of 20 done
2020-06-04_08:18:36:055 - Simulation 9 out of 20 done
2020-06-04_08:18:39:307 - Simulation 10 out of 20 done
2020-06-04_08:18:42:531 - Simulation 11 out of 20 done
2020-06-04_08:18:45:767 - Simulation 12 out of 20 done
2020-06-04_08:18:48:996 - Simulation 13 out of 20 done
2020-06-04_08:18:52:226 - Simulation 14 out of 20 done
2020-06-04_08:18:55:388 - Simulation 15 out of 20 done
2020-06-04_08:18:58:627 - Simulation 16 out of 20 done
2020-06-04_08:19:01:817 - Simulation 17 out of 20 done
2020-06-04_08:19:05:005 - Simulation 18 out of 20 done
2020-06-04_08:19:08:240 - Simulation 19 out of 20 done
2020-06-04_08:19:11:420 - Simulation 20 out of 20 done
