2020-06-21_21:16:23:767 - # DLN_2_0.3_0.8_0.8
2020-06-21_21:16:24:355 - Network read
2020-06-21_21:16:24:355 - inter_layer_ep : 0.002495
2020-06-21_21:16:24:355 - intra_layer_eps:
2020-06-21_21:16:24:355 - 0.011954
2020-06-21_21:16:24:355 - 0.007273
2020-06-21_21:16:24:355 - 0.115358
2020-06-21_21:16:24:355 - > 1.0ii1.6ij
2020-06-21_21:16:49:396 - Simulation 1 out of 20 done
2020-06-21_21:17:14:487 - Simulation 2 out of 20 done
2020-06-21_21:17:39:546 - Simulation 3 out of 20 done
2020-06-21_21:18:03:442 - Simulation 4 out of 20 done
2020-06-21_21:18:27:161 - Simulation 5 out of 20 done
2020-06-21_21:18:50:876 - Simulation 6 out of 20 done
2020-06-21_21:19:14:583 - Simulation 7 out of 20 done
2020-06-21_21:19:38:399 - Simulation 8 out of 20 done
2020-06-21_21:20:02:093 - Simulation 9 out of 20 done
2020-06-21_21:20:25:751 - Simulation 10 out of 20 done
2020-06-21_21:20:49:397 - Simulation 11 out of 20 done
2020-06-21_21:21:13:056 - Simulation 12 out of 20 done
2020-06-21_21:21:36:708 - Simulation 13 out of 20 done
2020-06-21_21:22:00:429 - Simulation 14 out of 20 done
2020-06-21_21:22:25:313 - Simulation 15 out of 20 done
2020-06-21_21:22:50:265 - Simulation 16 out of 20 done
2020-06-21_21:23:15:474 - Simulation 17 out of 20 done
2020-06-21_21:23:40:377 - Simulation 18 out of 20 done
2020-06-21_21:24:05:362 - Simulation 19 out of 20 done
2020-06-21_21:24:30:067 - Simulation 20 out of 20 done
