2020-06-13_18:49:45:451 - # SLN_2_0.3_0.3_0.3
2020-06-13_18:49:45:676 - Network read
2020-06-13_18:49:45:676 - inter_layer_ep : 0.015206
2020-06-13_18:49:45:676 - intra_layer_eps:
2020-06-13_18:49:45:676 - 0.130400
2020-06-13_18:49:45:677 - 0.100416
2020-06-13_18:49:45:677 - 0.113161
2020-06-13_18:49:45:677 - 0.065595
2020-06-13_18:49:45:677 - > 1.2ii1.0ij
2020-06-13_18:49:49:391 - Simulation 1 out of 5 done
2020-06-13_18:49:53:120 - Simulation 2 out of 5 done
2020-06-13_18:49:56:848 - Simulation 3 out of 5 done
2020-06-13_18:50:00:585 - Simulation 4 out of 5 done
2020-06-13_18:50:04:321 - Simulation 5 out of 5 done
2020-06-13_18:50:04:321 - > 1.4ii1.0ij
2020-06-13_18:50:08:131 - Simulation 1 out of 5 done
2020-06-13_18:50:11:910 - Simulation 2 out of 5 done
2020-06-13_18:50:15:691 - Simulation 3 out of 5 done
2020-06-13_18:50:19:465 - Simulation 4 out of 5 done
2020-06-13_18:50:23:254 - Simulation 5 out of 5 done
2020-06-13_18:50:23:254 - > 1.6ii1.0ij
2020-06-13_18:50:27:421 - Simulation 1 out of 5 done
2020-06-13_18:50:31:580 - Simulation 2 out of 5 done
2020-06-13_18:50:35:798 - Simulation 3 out of 5 done
2020-06-13_18:50:40:020 - Simulation 4 out of 5 done
2020-06-13_18:50:44:146 - Simulation 5 out of 5 done
2020-06-13_18:50:44:146 - > 1.0ii1.2ij
2020-06-13_18:50:47:960 - Simulation 1 out of 5 done
2020-06-13_18:50:51:859 - Simulation 2 out of 5 done
2020-06-13_18:50:55:674 - Simulation 3 out of 5 done
2020-06-13_18:50:59:472 - Simulation 4 out of 5 done
2020-06-13_18:51:03:239 - Simulation 5 out of 5 done
2020-06-13_18:51:03:239 - > 1.0ii1.4ij
2020-06-13_18:51:07:026 - Simulation 1 out of 10 done
2020-06-13_18:51:10:812 - Simulation 2 out of 10 done
2020-06-13_18:51:14:611 - Simulation 3 out of 10 done
2020-06-13_18:51:18:399 - Simulation 4 out of 10 done
2020-06-13_18:51:22:162 - Simulation 5 out of 10 done
2020-06-13_18:51:25:919 - Simulation 6 out of 10 done
2020-06-13_18:51:29:681 - Simulation 7 out of 10 done
2020-06-13_18:51:33:438 - Simulation 8 out of 10 done
2020-06-13_18:51:37:195 - Simulation 9 out of 10 done
2020-06-13_18:51:40:948 - Simulation 10 out of 10 done
2020-06-13_18:51:40:948 - > 1.0ii1.6ij
2020-06-13_18:51:44:717 - Simulation 1 out of 10 done
2020-06-13_18:51:48:488 - Simulation 2 out of 10 done
2020-06-13_18:51:52:256 - Simulation 3 out of 10 done
2020-06-13_18:51:56:023 - Simulation 4 out of 10 done
2020-06-13_18:51:59:793 - Simulation 5 out of 10 done
2020-06-13_18:52:03:565 - Simulation 6 out of 10 done
2020-06-13_18:52:07:337 - Simulation 7 out of 10 done
2020-06-13_18:52:11:113 - Simulation 8 out of 10 done
2020-06-13_18:52:14:885 - Simulation 9 out of 10 done
2020-06-13_18:52:18:658 - Simulation 10 out of 10 done
2020-06-13_18:52:18:665 - # SLN_2_0.8_0.8_0.8
2020-06-13_18:52:18:831 - Network read
2020-06-13_18:52:18:831 - inter_layer_ep : 0.004848
2020-06-13_18:52:18:831 - intra_layer_eps:
2020-06-13_18:52:18:831 - 0.130400
2020-06-13_18:52:18:831 - 0.100416
2020-06-13_18:52:18:831 - 0.113161
2020-06-13_18:52:18:831 - 0.065595
2020-06-13_18:52:18:831 - > 1.2ii1.0ij
2020-06-13_18:52:22:556 - Simulation 1 out of 5 done
2020-06-13_18:52:26:283 - Simulation 2 out of 5 done
2020-06-13_18:52:30:008 - Simulation 3 out of 5 done
2020-06-13_18:52:33:732 - Simulation 4 out of 5 done
2020-06-13_18:52:37:457 - Simulation 5 out of 5 done
2020-06-13_18:52:37:457 - > 1.4ii1.0ij
2020-06-13_18:52:41:195 - Simulation 1 out of 5 done
2020-06-13_18:52:44:932 - Simulation 2 out of 5 done
2020-06-13_18:52:48:671 - Simulation 3 out of 5 done
2020-06-13_18:52:52:410 - Simulation 4 out of 5 done
2020-06-13_18:52:56:147 - Simulation 5 out of 5 done
2020-06-13_18:52:56:147 - > 1.6ii1.0ij
2020-06-13_18:52:59:928 - Simulation 1 out of 5 done
2020-06-13_18:53:03:704 - Simulation 2 out of 5 done
2020-06-13_18:53:07:489 - Simulation 3 out of 5 done
2020-06-13_18:53:11:269 - Simulation 4 out of 5 done
2020-06-13_18:53:15:049 - Simulation 5 out of 5 done
2020-06-13_18:53:15:049 - > 1.0ii1.2ij
2020-06-13_18:53:18:758 - Simulation 1 out of 5 done
2020-06-13_18:53:22:471 - Simulation 2 out of 5 done
2020-06-13_18:53:26:184 - Simulation 3 out of 5 done
2020-06-13_18:53:29:895 - Simulation 4 out of 5 done
2020-06-13_18:53:33:602 - Simulation 5 out of 5 done
2020-06-13_18:53:33:602 - > 1.0ii1.4ij
2020-06-13_18:53:37:313 - Simulation 1 out of 10 done
2020-06-13_18:53:41:023 - Simulation 2 out of 10 done
2020-06-13_18:53:44:733 - Simulation 3 out of 10 done
2020-06-13_18:53:48:445 - Simulation 4 out of 10 done
2020-06-13_18:53:52:155 - Simulation 5 out of 10 done
2020-06-13_18:53:55:867 - Simulation 6 out of 10 done
2020-06-13_18:53:59:580 - Simulation 7 out of 10 done
2020-06-13_18:54:03:293 - Simulation 8 out of 10 done
2020-06-13_18:54:07:010 - Simulation 9 out of 10 done
2020-06-13_18:54:10:721 - Simulation 10 out of 10 done
2020-06-13_18:54:10:721 - > 1.0ii1.6ij
2020-06-13_18:54:14:433 - Simulation 1 out of 10 done
2020-06-13_18:54:18:149 - Simulation 2 out of 10 done
2020-06-13_18:54:21:860 - Simulation 3 out of 10 done
2020-06-13_18:54:25:573 - Simulation 4 out of 10 done
2020-06-13_18:54:29:287 - Simulation 5 out of 10 done
2020-06-13_18:54:33:000 - Simulation 6 out of 10 done
2020-06-13_18:54:36:714 - Simulation 7 out of 10 done
2020-06-13_18:54:40:427 - Simulation 8 out of 10 done
2020-06-13_18:54:44:141 - Simulation 9 out of 10 done
2020-06-13_18:54:47:854 - Simulation 10 out of 10 done
2020-06-13_18:54:47:864 - # DLN_2_0.8_0.3_0.8
2020-06-13_18:54:48:195 - Network read
2020-06-13_18:54:48:195 - inter_layer_ep : 0.003601
2020-06-13_18:54:48:195 - intra_layer_eps:
2020-06-13_18:54:48:195 - 0.012099
2020-06-13_18:54:48:195 - 0.007326
2020-06-13_18:54:48:195 - 0.130400
2020-06-13_18:54:48:195 - > 1.2ii1.0ij
2020-06-13_18:55:11:831 - Simulation 1 out of 5 done
2020-06-13_18:55:35:714 - Simulation 2 out of 5 done
2020-06-13_18:55:59:518 - Simulation 3 out of 5 done
2020-06-13_18:56:23:233 - Simulation 4 out of 5 done
2020-06-13_18:56:46:952 - Simulation 5 out of 5 done
2020-06-13_18:56:46:952 - > 1.4ii1.0ij
2020-06-13_18:57:10:670 - Simulation 1 out of 5 done
2020-06-13_18:57:34:392 - Simulation 2 out of 5 done
2020-06-13_18:57:58:104 - Simulation 3 out of 5 done
2020-06-13_18:58:21:821 - Simulation 4 out of 5 done
2020-06-13_18:58:45:536 - Simulation 5 out of 5 done
2020-06-13_18:58:45:536 - > 1.6ii1.0ij
2020-06-13_18:59:09:457 - Simulation 1 out of 5 done
2020-06-13_18:59:33:174 - Simulation 2 out of 5 done
2020-06-13_18:59:56:892 - Simulation 3 out of 5 done
2020-06-13_19:00:20:610 - Simulation 4 out of 5 done
2020-06-13_19:00:44:348 - Simulation 5 out of 5 done
2020-06-13_19:00:44:348 - > 1.0ii1.2ij
2020-06-13_19:01:08:013 - Simulation 1 out of 5 done
2020-06-13_19:01:31:669 - Simulation 2 out of 5 done
2020-06-13_19:01:55:320 - Simulation 3 out of 5 done
2020-06-13_19:02:18:973 - Simulation 4 out of 5 done
2020-06-13_19:02:42:634 - Simulation 5 out of 5 done
2020-06-13_19:02:42:634 - > 1.0ii1.4ij
2020-06-13_19:03:06:288 - Simulation 1 out of 10 done
2020-06-13_19:03:29:943 - Simulation 2 out of 10 done
2020-06-13_19:03:53:596 - Simulation 3 out of 10 done
2020-06-13_19:04:17:255 - Simulation 4 out of 10 done
2020-06-13_19:04:40:909 - Simulation 5 out of 10 done
2020-06-13_19:05:04:568 - Simulation 6 out of 10 done
2020-06-13_19:05:28:227 - Simulation 7 out of 10 done
2020-06-13_19:05:51:898 - Simulation 8 out of 10 done
2020-06-13_19:06:15:564 - Simulation 9 out of 10 done
2020-06-13_19:06:39:220 - Simulation 10 out of 10 done
2020-06-13_19:06:39:220 - > 1.0ii1.6ij
2020-06-13_19:07:02:885 - Simulation 1 out of 10 done
2020-06-13_19:07:26:536 - Simulation 2 out of 10 done
2020-06-13_19:07:50:190 - Simulation 3 out of 10 done
2020-06-13_19:08:13:844 - Simulation 4 out of 10 done
2020-06-13_19:08:37:492 - Simulation 5 out of 10 done
2020-06-13_19:09:01:146 - Simulation 6 out of 10 done
2020-06-13_19:09:24:797 - Simulation 7 out of 10 done
2020-06-13_19:09:48:451 - Simulation 8 out of 10 done
2020-06-13_19:10:12:107 - Simulation 9 out of 10 done
2020-06-13_19:10:35:763 - Simulation 10 out of 10 done
2020-06-13_19:10:35:778 - # DLN_2_0.8_0.8_0.3
2020-06-13_19:10:36:103 - Network read
2020-06-13_19:10:36:103 - inter_layer_ep : 0.007574
2020-06-13_19:10:36:103 - intra_layer_eps:
2020-06-13_19:10:36:103 - 0.012099
2020-06-13_19:10:36:103 - 0.007326
2020-06-13_19:10:36:103 - 0.130400
2020-06-13_19:10:36:103 - > 1.2ii1.0ij
2020-06-13_19:10:59:786 - Simulation 1 out of 5 done
2020-06-13_19:11:23:478 - Simulation 2 out of 5 done
2020-06-13_19:11:47:177 - Simulation 3 out of 5 done
2020-06-13_19:12:10:862 - Simulation 4 out of 5 done
2020-06-13_19:12:34:555 - Simulation 5 out of 5 done
2020-06-13_19:12:34:555 - > 1.4ii1.0ij
2020-06-13_19:12:58:254 - Simulation 1 out of 5 done
2020-06-13_19:13:21:945 - Simulation 2 out of 5 done
2020-06-13_19:13:45:638 - Simulation 3 out of 5 done
2020-06-13_19:14:09:518 - Simulation 4 out of 5 done
2020-06-13_19:14:33:733 - Simulation 5 out of 5 done
2020-06-13_19:14:33:733 - > 1.6ii1.0ij
2020-06-13_19:14:57:792 - Simulation 1 out of 5 done
2020-06-13_19:15:21:767 - Simulation 2 out of 5 done
2020-06-13_19:15:45:535 - Simulation 3 out of 5 done
2020-06-13_19:16:09:274 - Simulation 4 out of 5 done
2020-06-13_19:16:33:011 - Simulation 5 out of 5 done
2020-06-13_19:16:33:011 - > 1.0ii1.2ij
2020-06-13_19:16:56:683 - Simulation 1 out of 5 done
2020-06-13_19:17:20:364 - Simulation 2 out of 5 done
2020-06-13_19:17:44:150 - Simulation 3 out of 5 done
2020-06-13_19:18:07:818 - Simulation 4 out of 5 done
2020-06-13_19:18:31:487 - Simulation 5 out of 5 done
2020-06-13_19:18:31:488 - > 1.0ii1.4ij
2020-06-13_19:18:55:161 - Simulation 1 out of 10 done
2020-06-13_19:19:18:830 - Simulation 2 out of 10 done
2020-06-13_19:19:42:500 - Simulation 3 out of 10 done
2020-06-13_19:20:06:167 - Simulation 4 out of 10 done
2020-06-13_19:20:29:845 - Simulation 5 out of 10 done
2020-06-13_19:20:53:516 - Simulation 6 out of 10 done
2020-06-13_19:21:17:186 - Simulation 7 out of 10 done
2020-06-13_19:21:40:858 - Simulation 8 out of 10 done
2020-06-13_19:22:04:534 - Simulation 9 out of 10 done
2020-06-13_19:22:28:196 - Simulation 10 out of 10 done
2020-06-13_19:22:28:196 - > 1.0ii1.6ij
2020-06-13_19:22:51:866 - Simulation 1 out of 10 done
2020-06-13_19:23:15:542 - Simulation 2 out of 10 done
2020-06-13_19:23:39:217 - Simulation 3 out of 10 done
2020-06-13_19:24:03:020 - Simulation 4 out of 10 done
2020-06-13_19:24:26:699 - Simulation 5 out of 10 done
2020-06-13_19:24:50:378 - Simulation 6 out of 10 done
2020-06-13_19:25:14:058 - Simulation 7 out of 10 done
2020-06-13_19:25:37:748 - Simulation 8 out of 10 done
2020-06-13_19:26:01:520 - Simulation 9 out of 10 done
2020-06-13_19:26:25:194 - Simulation 10 out of 10 done
2020-06-13_19:26:25:208 - # SLN_2_0.8_0.3_0.3
2020-06-13_19:26:25:371 - Network read
2020-06-13_19:26:25:371 - inter_layer_ep : 0.020184
2020-06-13_19:26:25:371 - intra_layer_eps:
2020-06-13_19:26:25:371 - 0.130400
2020-06-13_19:26:25:371 - 0.100416
2020-06-13_19:26:25:371 - 0.113161
2020-06-13_19:26:25:371 - 0.065595
2020-06-13_19:26:25:371 - > 1.2ii1.0ij
2020-06-13_19:26:29:108 - Simulation 1 out of 5 done
2020-06-13_19:26:32:825 - Simulation 2 out of 5 done
2020-06-13_19:26:36:542 - Simulation 3 out of 5 done
2020-06-13_19:26:40:314 - Simulation 4 out of 5 done
2020-06-13_19:26:44:090 - Simulation 5 out of 5 done
2020-06-13_19:26:44:090 - > 1.4ii1.0ij
2020-06-13_19:26:47:909 - Simulation 1 out of 5 done
2020-06-13_19:26:51:675 - Simulation 2 out of 5 done
2020-06-13_19:26:55:436 - Simulation 3 out of 5 done
2020-06-13_19:26:59:204 - Simulation 4 out of 5 done
2020-06-13_19:27:02:968 - Simulation 5 out of 5 done
2020-06-13_19:27:02:968 - > 1.6ii1.0ij
2020-06-13_19:27:06:885 - Simulation 1 out of 5 done
2020-06-13_19:27:10:801 - Simulation 2 out of 5 done
2020-06-13_19:27:14:725 - Simulation 3 out of 5 done
2020-06-13_19:27:18:649 - Simulation 4 out of 5 done
2020-06-13_19:27:22:584 - Simulation 5 out of 5 done
2020-06-13_19:27:22:584 - > 1.0ii1.2ij
2020-06-13_19:27:26:296 - Simulation 1 out of 5 done
2020-06-13_19:27:30:008 - Simulation 2 out of 5 done
2020-06-13_19:27:33:721 - Simulation 3 out of 5 done
2020-06-13_19:27:37:435 - Simulation 4 out of 5 done
2020-06-13_19:27:41:146 - Simulation 5 out of 5 done
2020-06-13_19:27:41:146 - > 1.0ii1.4ij
2020-06-13_19:27:44:863 - Simulation 1 out of 10 done
2020-06-13_19:27:48:581 - Simulation 2 out of 10 done
2020-06-13_19:27:52:297 - Simulation 3 out of 10 done
2020-06-13_19:27:56:014 - Simulation 4 out of 10 done
2020-06-13_19:27:59:728 - Simulation 5 out of 10 done
2020-06-13_19:28:03:448 - Simulation 6 out of 10 done
2020-06-13_19:28:07:168 - Simulation 7 out of 10 done
2020-06-13_19:28:10:886 - Simulation 8 out of 10 done
2020-06-13_19:28:14:602 - Simulation 9 out of 10 done
2020-06-13_19:28:18:318 - Simulation 10 out of 10 done
2020-06-13_19:28:18:318 - > 1.0ii1.6ij
2020-06-13_19:28:22:042 - Simulation 1 out of 10 done
2020-06-13_19:28:25:769 - Simulation 2 out of 10 done
2020-06-13_19:28:29:494 - Simulation 3 out of 10 done
2020-06-13_19:28:33:222 - Simulation 4 out of 10 done
2020-06-13_19:28:36:948 - Simulation 5 out of 10 done
2020-06-13_19:28:40:672 - Simulation 6 out of 10 done
2020-06-13_19:28:44:399 - Simulation 7 out of 10 done
2020-06-13_19:28:48:128 - Simulation 8 out of 10 done
2020-06-13_19:28:51:851 - Simulation 9 out of 10 done
2020-06-13_19:28:55:577 - Simulation 10 out of 10 done
2020-06-13_19:28:55:583 - # SLN_2_0.3_0.8_0.8
2020-06-13_19:28:55:790 - Network read
2020-06-13_19:28:55:790 - inter_layer_ep : 0.003246
2020-06-13_19:28:55:790 - intra_layer_eps:
2020-06-13_19:28:55:790 - 0.130400
2020-06-13_19:28:55:790 - 0.100416
2020-06-13_19:28:55:790 - 0.113161
2020-06-13_19:28:55:790 - 0.065595
2020-06-13_19:28:55:790 - > 1.2ii1.0ij
2020-06-13_19:28:59:494 - Simulation 1 out of 5 done
2020-06-13_19:29:03:203 - Simulation 2 out of 5 done
2020-06-13_19:29:06:911 - Simulation 3 out of 5 done
2020-06-13_19:29:10:616 - Simulation 4 out of 5 done
2020-06-13_19:29:14:322 - Simulation 5 out of 5 done
2020-06-13_19:29:14:322 - > 1.4ii1.0ij
2020-06-13_19:29:18:042 - Simulation 1 out of 5 done
2020-06-13_19:29:21:759 - Simulation 2 out of 5 done
2020-06-13_19:29:25:479 - Simulation 3 out of 5 done
2020-06-13_19:29:29:199 - Simulation 4 out of 5 done
2020-06-13_19:29:32:920 - Simulation 5 out of 5 done
2020-06-13_19:29:32:920 - > 1.6ii1.0ij
2020-06-13_19:29:36:682 - Simulation 1 out of 5 done
2020-06-13_19:29:40:444 - Simulation 2 out of 5 done
2020-06-13_19:29:44:204 - Simulation 3 out of 5 done
2020-06-13_19:29:47:965 - Simulation 4 out of 5 done
2020-06-13_19:29:51:727 - Simulation 5 out of 5 done
2020-06-13_19:29:51:727 - > 1.0ii1.2ij
2020-06-13_19:29:55:420 - Simulation 1 out of 5 done
2020-06-13_19:29:59:115 - Simulation 2 out of 5 done
2020-06-13_19:30:02:809 - Simulation 3 out of 5 done
2020-06-13_19:30:06:504 - Simulation 4 out of 5 done
2020-06-13_19:30:10:196 - Simulation 5 out of 5 done
2020-06-13_19:30:10:196 - > 1.0ii1.4ij
2020-06-13_19:30:13:885 - Simulation 1 out of 10 done
2020-06-13_19:30:17:580 - Simulation 2 out of 10 done
2020-06-13_19:30:21:273 - Simulation 3 out of 10 done
2020-06-13_19:30:24:966 - Simulation 4 out of 10 done
2020-06-13_19:30:28:665 - Simulation 5 out of 10 done
2020-06-13_19:30:32:360 - Simulation 6 out of 10 done
2020-06-13_19:30:36:057 - Simulation 7 out of 10 done
2020-06-13_19:30:39:753 - Simulation 8 out of 10 done
2020-06-13_19:30:43:448 - Simulation 9 out of 10 done
2020-06-13_19:30:47:142 - Simulation 10 out of 10 done
2020-06-13_19:30:47:142 - > 1.0ii1.6ij
2020-06-13_19:30:50:839 - Simulation 1 out of 10 done
2020-06-13_19:30:54:534 - Simulation 2 out of 10 done
2020-06-13_19:30:58:239 - Simulation 3 out of 10 done
2020-06-13_19:31:01:941 - Simulation 4 out of 10 done
2020-06-13_19:31:05:644 - Simulation 5 out of 10 done
2020-06-13_19:31:09:339 - Simulation 6 out of 10 done
2020-06-13_19:31:13:036 - Simulation 7 out of 10 done
2020-06-13_19:31:16:730 - Simulation 8 out of 10 done
2020-06-13_19:31:20:426 - Simulation 9 out of 10 done
2020-06-13_19:31:24:123 - Simulation 10 out of 10 done
2020-06-13_19:31:24:129 - # DLN_2_0.3_0.8_0.3
2020-06-13_19:31:24:504 - Network read
2020-06-13_19:31:24:504 - inter_layer_ep : 0.007356
2020-06-13_19:31:24:504 - intra_layer_eps:
2020-06-13_19:31:24:504 - 0.012099
2020-06-13_19:31:24:504 - 0.007326
2020-06-13_19:31:24:504 - 0.130400
2020-06-13_19:31:24:504 - > 1.2ii1.0ij
2020-06-13_19:31:48:191 - Simulation 1 out of 5 done
2020-06-13_19:32:11:903 - Simulation 2 out of 5 done
2020-06-13_19:32:35:601 - Simulation 3 out of 5 done
2020-06-13_19:32:59:303 - Simulation 4 out of 5 done
2020-06-13_19:33:23:088 - Simulation 5 out of 5 done
2020-06-13_19:33:23:088 - > 1.4ii1.0ij
2020-06-13_19:33:46:889 - Simulation 1 out of 5 done
2020-06-13_19:34:10:612 - Simulation 2 out of 5 done
2020-06-13_19:34:34:333 - Simulation 3 out of 5 done
2020-06-13_19:34:58:053 - Simulation 4 out of 5 done
2020-06-13_19:35:21:777 - Simulation 5 out of 5 done
2020-06-13_19:35:21:777 - > 1.6ii1.0ij
2020-06-13_19:35:45:573 - Simulation 1 out of 5 done
2020-06-13_19:36:09:362 - Simulation 2 out of 5 done
2020-06-13_19:36:33:145 - Simulation 3 out of 5 done
2020-06-13_19:36:56:933 - Simulation 4 out of 5 done
2020-06-13_19:37:20:707 - Simulation 5 out of 5 done
2020-06-13_19:37:20:707 - > 1.0ii1.2ij
2020-06-13_19:37:44:404 - Simulation 1 out of 5 done
2020-06-13_19:38:08:096 - Simulation 2 out of 5 done
2020-06-13_19:38:32:215 - Simulation 3 out of 5 done
2020-06-13_19:38:55:915 - Simulation 4 out of 5 done
2020-06-13_19:39:19:609 - Simulation 5 out of 5 done
2020-06-13_19:39:19:609 - > 1.0ii1.4ij
2020-06-13_19:39:43:309 - Simulation 1 out of 10 done
2020-06-13_19:40:07:002 - Simulation 2 out of 10 done
2020-06-13_19:40:30:700 - Simulation 3 out of 10 done
2020-06-13_19:40:54:395 - Simulation 4 out of 10 done
2020-06-13_19:41:18:085 - Simulation 5 out of 10 done
2020-06-13_19:41:41:774 - Simulation 6 out of 10 done
2020-06-13_19:42:05:458 - Simulation 7 out of 10 done
2020-06-13_19:42:29:139 - Simulation 8 out of 10 done
2020-06-13_19:42:52:821 - Simulation 9 out of 10 done
2020-06-13_19:43:16:509 - Simulation 10 out of 10 done
2020-06-13_19:43:16:509 - > 1.0ii1.6ij
2020-06-13_19:43:40:203 - Simulation 1 out of 10 done
2020-06-13_19:44:03:901 - Simulation 2 out of 10 done
2020-06-13_19:44:27:601 - Simulation 3 out of 10 done
2020-06-13_19:44:51:290 - Simulation 4 out of 10 done
2020-06-13_19:45:14:987 - Simulation 5 out of 10 done
2020-06-13_19:45:38:682 - Simulation 6 out of 10 done
2020-06-13_19:46:02:380 - Simulation 7 out of 10 done
2020-06-13_19:46:26:073 - Simulation 8 out of 10 done
2020-06-13_19:46:49:770 - Simulation 9 out of 10 done
2020-06-13_19:47:13:463 - Simulation 10 out of 10 done
2020-06-13_19:47:13:476 - # DLN_2_0.3_0.3_0.8
2020-06-13_19:47:13:848 - Network read
2020-06-13_19:47:13:848 - inter_layer_ep : 0.002545
2020-06-13_19:47:13:848 - intra_layer_eps:
2020-06-13_19:47:13:848 - 0.012099
2020-06-13_19:47:13:848 - 0.007326
2020-06-13_19:47:13:848 - 0.130400
2020-06-13_19:47:13:848 - > 1.2ii1.0ij
2020-06-13_19:47:37:521 - Simulation 1 out of 5 done
2020-06-13_19:48:01:186 - Simulation 2 out of 5 done
2020-06-13_19:48:25:157 - Simulation 3 out of 5 done
2020-06-13_19:48:49:398 - Simulation 4 out of 5 done
2020-06-13_19:49:13:282 - Simulation 5 out of 5 done
2020-06-13_19:49:13:282 - > 1.4ii1.0ij
2020-06-13_19:49:37:317 - Simulation 1 out of 5 done
2020-06-13_19:50:01:372 - Simulation 2 out of 5 done
2020-06-13_19:50:25:340 - Simulation 3 out of 5 done
2020-06-13_19:50:49:386 - Simulation 4 out of 5 done
2020-06-13_19:51:13:145 - Simulation 5 out of 5 done
2020-06-13_19:51:13:145 - > 1.6ii1.0ij
2020-06-13_19:51:36:914 - Simulation 1 out of 5 done
2020-06-13_19:52:00:658 - Simulation 2 out of 5 done
2020-06-13_19:52:24:403 - Simulation 3 out of 5 done
2020-06-13_19:52:48:128 - Simulation 4 out of 5 done
2020-06-13_19:53:11:896 - Simulation 5 out of 5 done
2020-06-13_19:53:11:896 - > 1.0ii1.2ij
2020-06-13_19:53:35:576 - Simulation 1 out of 5 done
2020-06-13_19:53:59:250 - Simulation 2 out of 5 done
2020-06-13_19:54:22:937 - Simulation 3 out of 5 done
2020-06-13_19:54:46:635 - Simulation 4 out of 5 done
2020-06-13_19:55:10:341 - Simulation 5 out of 5 done
2020-06-13_19:55:10:341 - > 1.0ii1.4ij
2020-06-13_19:55:34:028 - Simulation 1 out of 10 done
2020-06-13_19:55:57:732 - Simulation 2 out of 10 done
2020-06-13_19:56:21:415 - Simulation 3 out of 10 done
2020-06-13_19:56:45:116 - Simulation 4 out of 10 done
2020-06-13_19:57:08:800 - Simulation 5 out of 10 done
2020-06-13_19:57:32:488 - Simulation 6 out of 10 done
2020-06-13_19:57:56:175 - Simulation 7 out of 10 done
2020-06-13_19:58:19:857 - Simulation 8 out of 10 done
2020-06-13_19:58:43:538 - Simulation 9 out of 10 done
2020-06-13_19:59:07:226 - Simulation 10 out of 10 done
2020-06-13_19:59:07:226 - > 1.0ii1.6ij
2020-06-13_19:59:30:905 - Simulation 1 out of 10 done
2020-06-13_19:59:54:571 - Simulation 2 out of 10 done
2020-06-13_20:00:18:396 - Simulation 3 out of 10 done
2020-06-13_20:00:42:078 - Simulation 4 out of 10 done
2020-06-13_20:01:05:758 - Simulation 5 out of 10 done
2020-06-13_20:01:29:435 - Simulation 6 out of 10 done
2020-06-13_20:01:53:115 - Simulation 7 out of 10 done
2020-06-13_20:02:16:797 - Simulation 8 out of 10 done
2020-06-13_20:02:40:475 - Simulation 9 out of 10 done
2020-06-13_20:03:04:155 - Simulation 10 out of 10 done
2020-06-13_20:03:04:169 - # SLN_2_0.3_0.8_0.3
2020-06-13_20:03:04:379 - Network read
2020-06-13_20:03:04:379 - inter_layer_ep : 0.014876
2020-06-13_20:03:04:379 - intra_layer_eps:
2020-06-13_20:03:04:379 - 0.130400
2020-06-13_20:03:04:379 - 0.100416
2020-06-13_20:03:04:379 - 0.113161
2020-06-13_20:03:04:379 - 0.065595
2020-06-13_20:03:04:379 - > 1.2ii1.0ij
2020-06-13_20:03:08:125 - Simulation 1 out of 5 done
2020-06-13_20:03:11:859 - Simulation 2 out of 5 done
2020-06-13_20:03:15:590 - Simulation 3 out of 5 done
2020-06-13_20:03:19:321 - Simulation 4 out of 5 done
2020-06-13_20:03:23:051 - Simulation 5 out of 5 done
2020-06-13_20:03:23:051 - > 1.4ii1.0ij
2020-06-13_20:03:26:827 - Simulation 1 out of 5 done
2020-06-13_20:03:30:596 - Simulation 2 out of 5 done
2020-06-13_20:03:34:368 - Simulation 3 out of 5 done
2020-06-13_20:03:38:135 - Simulation 4 out of 5 done
2020-06-13_20:03:41:906 - Simulation 5 out of 5 done
2020-06-13_20:03:41:906 - > 1.6ii1.0ij
2020-06-13_20:03:45:852 - Simulation 1 out of 5 done
2020-06-13_20:03:49:806 - Simulation 2 out of 5 done
2020-06-13_20:03:53:758 - Simulation 3 out of 5 done
2020-06-13_20:03:57:706 - Simulation 4 out of 5 done
2020-06-13_20:04:01:691 - Simulation 5 out of 5 done
2020-06-13_20:04:01:691 - > 1.0ii1.2ij
2020-06-13_20:04:05:405 - Simulation 1 out of 5 done
2020-06-13_20:04:09:124 - Simulation 2 out of 5 done
2020-06-13_20:04:12:839 - Simulation 3 out of 5 done
2020-06-13_20:04:16:555 - Simulation 4 out of 5 done
2020-06-13_20:04:20:271 - Simulation 5 out of 5 done
2020-06-13_20:04:20:271 - > 1.0ii1.4ij
2020-06-13_20:04:23:994 - Simulation 1 out of 10 done
2020-06-13_20:04:27:720 - Simulation 2 out of 10 done
2020-06-13_20:04:31:440 - Simulation 3 out of 10 done
2020-06-13_20:04:35:163 - Simulation 4 out of 10 done
2020-06-13_20:04:38:887 - Simulation 5 out of 10 done
2020-06-13_20:04:42:609 - Simulation 6 out of 10 done
2020-06-13_20:04:46:333 - Simulation 7 out of 10 done
2020-06-13_20:04:50:055 - Simulation 8 out of 10 done
2020-06-13_20:04:53:777 - Simulation 9 out of 10 done
2020-06-13_20:04:57:499 - Simulation 10 out of 10 done
2020-06-13_20:04:57:499 - > 1.0ii1.6ij
2020-06-13_20:05:01:233 - Simulation 1 out of 10 done
2020-06-13_20:05:04:971 - Simulation 2 out of 10 done
2020-06-13_20:05:08:705 - Simulation 3 out of 10 done
2020-06-13_20:05:12:450 - Simulation 4 out of 10 done
2020-06-13_20:05:16:189 - Simulation 5 out of 10 done
2020-06-13_20:05:19:921 - Simulation 6 out of 10 done
2020-06-13_20:05:23:658 - Simulation 7 out of 10 done
2020-06-13_20:05:27:395 - Simulation 8 out of 10 done
2020-06-13_20:05:31:164 - Simulation 9 out of 10 done
2020-06-13_20:05:34:975 - Simulation 10 out of 10 done
2020-06-13_20:05:34:984 - # SLN_2_0.8_0.3_0.8
2020-06-13_20:05:35:176 - Network read
2020-06-13_20:05:35:176 - inter_layer_ep : 0.005386
2020-06-13_20:05:35:176 - intra_layer_eps:
2020-06-13_20:05:35:176 - 0.130400
2020-06-13_20:05:35:176 - 0.100416
2020-06-13_20:05:35:176 - 0.113161
2020-06-13_20:05:35:176 - 0.065595
2020-06-13_20:05:35:176 - > 1.2ii1.0ij
2020-06-13_20:05:38:893 - Simulation 1 out of 5 done
2020-06-13_20:05:42:593 - Simulation 2 out of 5 done
2020-06-13_20:05:46:295 - Simulation 3 out of 5 done
2020-06-13_20:05:49:985 - Simulation 4 out of 5 done
2020-06-13_20:05:53:676 - Simulation 5 out of 5 done
2020-06-13_20:05:53:676 - > 1.4ii1.0ij
2020-06-13_20:05:57:384 - Simulation 1 out of 5 done
2020-06-13_20:06:01:091 - Simulation 2 out of 5 done
2020-06-13_20:06:04:799 - Simulation 3 out of 5 done
2020-06-13_20:06:08:510 - Simulation 4 out of 5 done
2020-06-13_20:06:12:220 - Simulation 5 out of 5 done
2020-06-13_20:06:12:220 - > 1.6ii1.0ij
2020-06-13_20:06:15:974 - Simulation 1 out of 5 done
2020-06-13_20:06:19:713 - Simulation 2 out of 5 done
2020-06-13_20:06:23:465 - Simulation 3 out of 5 done
2020-06-13_20:06:27:211 - Simulation 4 out of 5 done
2020-06-13_20:06:30:954 - Simulation 5 out of 5 done
2020-06-13_20:06:30:954 - > 1.0ii1.2ij
2020-06-13_20:06:34:641 - Simulation 1 out of 5 done
2020-06-13_20:06:38:332 - Simulation 2 out of 5 done
2020-06-13_20:06:42:021 - Simulation 3 out of 5 done
2020-06-13_20:06:45:709 - Simulation 4 out of 5 done
2020-06-13_20:06:49:393 - Simulation 5 out of 5 done
2020-06-13_20:06:49:393 - > 1.0ii1.4ij
2020-06-13_20:06:53:076 - Simulation 1 out of 10 done
2020-06-13_20:06:56:762 - Simulation 2 out of 10 done
2020-06-13_20:07:00:450 - Simulation 3 out of 10 done
2020-06-13_20:07:04:146 - Simulation 4 out of 10 done
2020-06-13_20:07:07:833 - Simulation 5 out of 10 done
2020-06-13_20:07:11:535 - Simulation 6 out of 10 done
2020-06-13_20:07:15:342 - Simulation 7 out of 10 done
2020-06-13_20:07:19:213 - Simulation 8 out of 10 done
2020-06-13_20:07:23:080 - Simulation 9 out of 10 done
2020-06-13_20:07:26:956 - Simulation 10 out of 10 done
2020-06-13_20:07:26:956 - > 1.0ii1.6ij
2020-06-13_20:07:30:757 - Simulation 1 out of 10 done
2020-06-13_20:07:34:527 - Simulation 2 out of 10 done
2020-06-13_20:07:38:349 - Simulation 3 out of 10 done
2020-06-13_20:07:42:108 - Simulation 4 out of 10 done
2020-06-13_20:07:45:832 - Simulation 5 out of 10 done
2020-06-13_20:07:49:628 - Simulation 6 out of 10 done
2020-06-13_20:07:53:422 - Simulation 7 out of 10 done
2020-06-13_20:07:57:273 - Simulation 8 out of 10 done
2020-06-13_20:08:01:090 - Simulation 9 out of 10 done
2020-06-13_20:08:04:915 - Simulation 10 out of 10 done
2020-06-13_20:08:04:935 - # DLN_2_0.3_0.8_0.8
2020-06-13_20:08:05:372 - Network read
2020-06-13_20:08:05:372 - inter_layer_ep : 0.002501
2020-06-13_20:08:05:372 - intra_layer_eps:
2020-06-13_20:08:05:372 - 0.012099
2020-06-13_20:08:05:372 - 0.007326
2020-06-13_20:08:05:372 - 0.130400
2020-06-13_20:08:05:372 - > 1.2ii1.0ij
2020-06-13_20:08:29:455 - Simulation 1 out of 5 done
2020-06-13_20:08:53:409 - Simulation 2 out of 5 done
2020-06-13_20:09:17:132 - Simulation 3 out of 5 done
2020-06-13_20:09:40:858 - Simulation 4 out of 5 done
2020-06-13_20:10:04:570 - Simulation 5 out of 5 done
2020-06-13_20:10:04:570 - > 1.4ii1.0ij
2020-06-13_20:10:28:267 - Simulation 1 out of 5 done
2020-06-13_20:10:51:958 - Simulation 2 out of 5 done
2020-06-13_20:11:15:666 - Simulation 3 out of 5 done
2020-06-13_20:11:39:339 - Simulation 4 out of 5 done
2020-06-13_20:12:03:004 - Simulation 5 out of 5 done
2020-06-13_20:12:03:004 - > 1.6ii1.0ij
2020-06-13_20:12:26:726 - Simulation 1 out of 5 done
2020-06-13_20:12:50:433 - Simulation 2 out of 5 done
2020-06-13_20:13:14:131 - Simulation 3 out of 5 done
2020-06-13_20:13:37:839 - Simulation 4 out of 5 done
2020-06-13_20:14:02:089 - Simulation 5 out of 5 done
2020-06-13_20:14:02:089 - > 1.0ii1.2ij
2020-06-13_20:14:25:964 - Simulation 1 out of 5 done
2020-06-13_20:14:49:694 - Simulation 2 out of 5 done
2020-06-13_20:15:13:355 - Simulation 3 out of 5 done
2020-06-13_20:15:37:882 - Simulation 4 out of 5 done
2020-06-13_20:16:01:856 - Simulation 5 out of 5 done
2020-06-13_20:16:01:856 - > 1.0ii1.4ij
2020-06-13_20:16:25:542 - Simulation 1 out of 10 done
2020-06-13_20:16:49:228 - Simulation 2 out of 10 done
2020-06-13_20:17:12:926 - Simulation 3 out of 10 done
2020-06-13_20:17:36:616 - Simulation 4 out of 10 done
2020-06-13_20:18:00:315 - Simulation 5 out of 10 done
2020-06-13_20:18:23:995 - Simulation 6 out of 10 done
2020-06-13_20:18:47:676 - Simulation 7 out of 10 done
2020-06-13_20:19:11:367 - Simulation 8 out of 10 done
2020-06-13_20:19:35:048 - Simulation 9 out of 10 done
2020-06-13_20:19:58:731 - Simulation 10 out of 10 done
2020-06-13_20:19:58:731 - > 1.0ii1.6ij
2020-06-13_20:20:22:419 - Simulation 1 out of 10 done
2020-06-13_20:20:46:101 - Simulation 2 out of 10 done
2020-06-13_20:21:09:789 - Simulation 3 out of 10 done
2020-06-13_20:21:33:468 - Simulation 4 out of 10 done
2020-06-13_20:21:57:152 - Simulation 5 out of 10 done
2020-06-13_20:22:20:828 - Simulation 6 out of 10 done
2020-06-13_20:22:44:503 - Simulation 7 out of 10 done
2020-06-13_20:23:08:175 - Simulation 8 out of 10 done
2020-06-13_20:23:31:852 - Simulation 9 out of 10 done
2020-06-13_20:23:55:523 - Simulation 10 out of 10 done
2020-06-13_20:23:55:537 - # DLN_2_0.8_0.8_0.8
2020-06-13_20:23:55:862 - Network read
2020-06-13_20:23:55:862 - inter_layer_ep : 0.003555
2020-06-13_20:23:55:862 - intra_layer_eps:
2020-06-13_20:23:55:862 - 0.012099
2020-06-13_20:23:55:862 - 0.007326
2020-06-13_20:23:55:862 - 0.130400
2020-06-13_20:23:55:862 - > 1.2ii1.0ij
2020-06-13_20:24:19:571 - Simulation 1 out of 5 done
2020-06-13_20:24:43:277 - Simulation 2 out of 5 done
2020-06-13_20:25:06:977 - Simulation 3 out of 5 done
2020-06-13_20:25:30:691 - Simulation 4 out of 5 done
2020-06-13_20:25:54:398 - Simulation 5 out of 5 done
2020-06-13_20:25:54:398 - > 1.4ii1.0ij
2020-06-13_20:26:18:099 - Simulation 1 out of 5 done
2020-06-13_20:26:41:818 - Simulation 2 out of 5 done
2020-06-13_20:27:05:522 - Simulation 3 out of 5 done
2020-06-13_20:27:29:223 - Simulation 4 out of 5 done
2020-06-13_20:27:52:925 - Simulation 5 out of 5 done
2020-06-13_20:27:52:925 - > 1.6ii1.0ij
2020-06-13_20:28:16:653 - Simulation 1 out of 5 done
2020-06-13_20:28:40:378 - Simulation 2 out of 5 done
2020-06-13_20:29:04:101 - Simulation 3 out of 5 done
2020-06-13_20:29:27:835 - Simulation 4 out of 5 done
2020-06-13_20:29:51:557 - Simulation 5 out of 5 done
2020-06-13_20:29:51:557 - > 1.0ii1.2ij
2020-06-13_20:30:15:240 - Simulation 1 out of 5 done
2020-06-13_20:30:38:923 - Simulation 2 out of 5 done
2020-06-13_20:31:02:602 - Simulation 3 out of 5 done
2020-06-13_20:31:26:283 - Simulation 4 out of 5 done
2020-06-13_20:31:49:966 - Simulation 5 out of 5 done
2020-06-13_20:31:49:966 - > 1.0ii1.4ij
2020-06-13_20:32:13:653 - Simulation 1 out of 10 done
2020-06-13_20:32:37:337 - Simulation 2 out of 10 done
2020-06-13_20:33:01:017 - Simulation 3 out of 10 done
2020-06-13_20:33:24:704 - Simulation 4 out of 10 done
2020-06-13_20:33:48:385 - Simulation 5 out of 10 done
2020-06-13_20:34:12:070 - Simulation 6 out of 10 done
2020-06-13_20:34:35:752 - Simulation 7 out of 10 done
2020-06-13_20:34:59:434 - Simulation 8 out of 10 done
2020-06-13_20:35:23:120 - Simulation 9 out of 10 done
2020-06-13_20:35:46:809 - Simulation 10 out of 10 done
2020-06-13_20:35:46:809 - > 1.0ii1.6ij
2020-06-13_20:36:10:498 - Simulation 1 out of 10 done
2020-06-13_20:36:34:172 - Simulation 2 out of 10 done
2020-06-13_20:36:57:854 - Simulation 3 out of 10 done
2020-06-13_20:37:21:543 - Simulation 4 out of 10 done
2020-06-13_20:37:45:232 - Simulation 5 out of 10 done
2020-06-13_20:38:08:917 - Simulation 6 out of 10 done
2020-06-13_20:38:32:598 - Simulation 7 out of 10 done
2020-06-13_20:38:56:277 - Simulation 8 out of 10 done
2020-06-13_20:39:19:951 - Simulation 9 out of 10 done
2020-06-13_20:39:43:632 - Simulation 10 out of 10 done
2020-06-13_20:39:43:646 - # SLN_2_0.8_0.8_0.3
2020-06-13_20:39:43:815 - Network read
2020-06-13_20:39:43:815 - inter_layer_ep : 0.019573
2020-06-13_20:39:43:815 - intra_layer_eps:
2020-06-13_20:39:43:815 - 0.130400
2020-06-13_20:39:43:815 - 0.100416
2020-06-13_20:39:43:815 - 0.113161
2020-06-13_20:39:43:815 - 0.065595
2020-06-13_20:39:43:815 - > 1.2ii1.0ij
2020-06-13_20:39:47:560 - Simulation 1 out of 5 done
2020-06-13_20:39:51:284 - Simulation 2 out of 5 done
2020-06-13_20:39:55:005 - Simulation 3 out of 5 done
2020-06-13_20:39:58:731 - Simulation 4 out of 5 done
2020-06-13_20:40:02:457 - Simulation 5 out of 5 done
2020-06-13_20:40:02:457 - > 1.4ii1.0ij
2020-06-13_20:40:06:216 - Simulation 1 out of 5 done
2020-06-13_20:40:09:976 - Simulation 2 out of 5 done
2020-06-13_20:40:13:735 - Simulation 3 out of 5 done
2020-06-13_20:40:17:491 - Simulation 4 out of 5 done
2020-06-13_20:40:21:246 - Simulation 5 out of 5 done
2020-06-13_20:40:21:246 - > 1.6ii1.0ij
2020-06-13_20:40:25:155 - Simulation 1 out of 5 done
2020-06-13_20:40:29:054 - Simulation 2 out of 5 done
2020-06-13_20:40:32:953 - Simulation 3 out of 5 done
2020-06-13_20:40:36:864 - Simulation 4 out of 5 done
2020-06-13_20:40:40:758 - Simulation 5 out of 5 done
2020-06-13_20:40:40:758 - > 1.0ii1.2ij
2020-06-13_20:40:44:465 - Simulation 1 out of 5 done
2020-06-13_20:40:48:173 - Simulation 2 out of 5 done
2020-06-13_20:40:51:882 - Simulation 3 out of 5 done
2020-06-13_20:40:55:590 - Simulation 4 out of 5 done
2020-06-13_20:40:59:299 - Simulation 5 out of 5 done
2020-06-13_20:40:59:299 - > 1.0ii1.4ij
2020-06-13_20:41:03:017 - Simulation 1 out of 10 done
2020-06-13_20:41:06:733 - Simulation 2 out of 10 done
2020-06-13_20:41:10:448 - Simulation 3 out of 10 done
2020-06-13_20:41:14:164 - Simulation 4 out of 10 done
2020-06-13_20:41:17:878 - Simulation 5 out of 10 done
2020-06-13_20:41:21:594 - Simulation 6 out of 10 done
2020-06-13_20:41:25:309 - Simulation 7 out of 10 done
2020-06-13_20:41:29:025 - Simulation 8 out of 10 done
2020-06-13_20:41:32:741 - Simulation 9 out of 10 done
2020-06-13_20:41:36:454 - Simulation 10 out of 10 done
2020-06-13_20:41:36:454 - > 1.0ii1.6ij
2020-06-13_20:41:40:177 - Simulation 1 out of 10 done
2020-06-13_20:41:43:899 - Simulation 2 out of 10 done
2020-06-13_20:41:47:622 - Simulation 3 out of 10 done
2020-06-13_20:41:51:348 - Simulation 4 out of 10 done
2020-06-13_20:41:55:071 - Simulation 5 out of 10 done
2020-06-13_20:41:58:796 - Simulation 6 out of 10 done
2020-06-13_20:42:02:521 - Simulation 7 out of 10 done
2020-06-13_20:42:06:241 - Simulation 8 out of 10 done
2020-06-13_20:42:09:971 - Simulation 9 out of 10 done
2020-06-13_20:42:13:696 - Simulation 10 out of 10 done
2020-06-13_20:42:13:705 - # DLN_2_0.3_0.3_0.3
2020-06-13_20:42:14:091 - Network read
2020-06-13_20:42:14:091 - inter_layer_ep : 0.007255
2020-06-13_20:42:14:091 - intra_layer_eps:
2020-06-13_20:42:14:091 - 0.012099
2020-06-13_20:42:14:091 - 0.007326
2020-06-13_20:42:14:091 - 0.130400
2020-06-13_20:42:14:091 - > 1.2ii1.0ij
2020-06-13_20:42:37:799 - Simulation 1 out of 5 done
2020-06-13_20:43:02:004 - Simulation 2 out of 5 done
2020-06-13_20:43:26:559 - Simulation 3 out of 5 done
2020-06-13_20:43:50:948 - Simulation 4 out of 5 done
2020-06-13_20:44:15:111 - Simulation 5 out of 5 done
2020-06-13_20:44:15:111 - > 1.4ii1.0ij
2020-06-13_20:44:38:881 - Simulation 1 out of 5 done
2020-06-13_20:45:02:635 - Simulation 2 out of 5 done
2020-06-13_20:45:26:383 - Simulation 3 out of 5 done
2020-06-13_20:45:50:170 - Simulation 4 out of 5 done
2020-06-13_20:46:13:934 - Simulation 5 out of 5 done
2020-06-13_20:46:13:934 - > 1.6ii1.0ij
2020-06-13_20:46:37:726 - Simulation 1 out of 5 done
2020-06-13_20:47:01:517 - Simulation 2 out of 5 done
2020-06-13_20:47:25:314 - Simulation 3 out of 5 done
2020-06-13_20:47:49:117 - Simulation 4 out of 5 done
2020-06-13_20:48:12:926 - Simulation 5 out of 5 done
2020-06-13_20:48:12:926 - > 1.0ii1.2ij
2020-06-13_20:48:36:637 - Simulation 1 out of 5 done
2020-06-13_20:49:00:357 - Simulation 2 out of 5 done
2020-06-13_20:49:24:095 - Simulation 3 out of 5 done
2020-06-13_20:49:47:806 - Simulation 4 out of 5 done
2020-06-13_20:50:11:513 - Simulation 5 out of 5 done
2020-06-13_20:50:11:513 - > 1.0ii1.4ij
2020-06-13_20:50:35:254 - Simulation 1 out of 10 done
2020-06-13_20:50:58:970 - Simulation 2 out of 10 done
2020-06-13_20:51:22:684 - Simulation 3 out of 10 done
2020-06-13_20:51:46:397 - Simulation 4 out of 10 done
2020-06-13_20:52:10:099 - Simulation 5 out of 10 done
2020-06-13_20:52:33:809 - Simulation 6 out of 10 done
2020-06-13_20:52:57:539 - Simulation 7 out of 10 done
2020-06-13_20:53:21:249 - Simulation 8 out of 10 done
2020-06-13_20:53:44:969 - Simulation 9 out of 10 done
2020-06-13_20:54:08:686 - Simulation 10 out of 10 done
2020-06-13_20:54:08:686 - > 1.0ii1.6ij
2020-06-13_20:54:32:400 - Simulation 1 out of 10 done
2020-06-13_20:54:56:114 - Simulation 2 out of 10 done
2020-06-13_20:55:19:833 - Simulation 3 out of 10 done
2020-06-13_20:55:43:548 - Simulation 4 out of 10 done
2020-06-13_20:56:07:265 - Simulation 5 out of 10 done
2020-06-13_20:56:30:976 - Simulation 6 out of 10 done
2020-06-13_20:56:54:692 - Simulation 7 out of 10 done
2020-06-13_20:57:18:473 - Simulation 8 out of 10 done
2020-06-13_20:57:42:986 - Simulation 9 out of 10 done
2020-06-13_20:58:07:489 - Simulation 10 out of 10 done
2020-06-13_20:58:07:500 - # DLN_2_0.8_0.3_0.3
2020-06-13_20:58:07:830 - Network read
2020-06-13_20:58:07:830 - inter_layer_ep : 0.007484
2020-06-13_20:58:07:830 - intra_layer_eps:
2020-06-13_20:58:07:830 - 0.012099
2020-06-13_20:58:07:830 - 0.007326
2020-06-13_20:58:07:830 - 0.130400
2020-06-13_20:58:07:830 - > 1.2ii1.0ij
2020-06-13_20:58:31:913 - Simulation 1 out of 5 done
2020-06-13_20:58:55:624 - Simulation 2 out of 5 done
2020-06-13_20:59:19:338 - Simulation 3 out of 5 done
2020-06-13_20:59:43:051 - Simulation 4 out of 5 done
2020-06-13_21:00:06:755 - Simulation 5 out of 5 done
2020-06-13_21:00:06:755 - > 1.4ii1.0ij
2020-06-13_21:00:30:475 - Simulation 1 out of 5 done
2020-06-13_21:00:54:191 - Simulation 2 out of 5 done
2020-06-13_21:01:17:904 - Simulation 3 out of 5 done
2020-06-13_21:01:41:619 - Simulation 4 out of 5 done
2020-06-13_21:02:05:332 - Simulation 5 out of 5 done
2020-06-13_21:02:05:333 - > 1.6ii1.0ij
2020-06-13_21:02:29:089 - Simulation 1 out of 5 done
2020-06-13_21:02:52:847 - Simulation 2 out of 5 done
2020-06-13_21:03:16:611 - Simulation 3 out of 5 done
2020-06-13_21:03:40:378 - Simulation 4 out of 5 done
2020-06-13_21:04:04:144 - Simulation 5 out of 5 done
2020-06-13_21:04:04:144 - > 1.0ii1.2ij
2020-06-13_21:04:27:844 - Simulation 1 out of 5 done
2020-06-13_21:04:51:577 - Simulation 2 out of 5 done
2020-06-13_21:05:15:483 - Simulation 3 out of 5 done
2020-06-13_21:05:40:042 - Simulation 4 out of 5 done
2020-06-13_21:06:03:902 - Simulation 5 out of 5 done
2020-06-13_21:06:03:902 - > 1.0ii1.4ij
2020-06-13_21:06:27:797 - Simulation 1 out of 10 done
2020-06-13_21:06:51:736 - Simulation 2 out of 10 done
2020-06-13_21:07:16:061 - Simulation 3 out of 10 done
2020-06-13_21:07:40:151 - Simulation 4 out of 10 done
2020-06-13_21:08:03:999 - Simulation 5 out of 10 done
2020-06-13_21:08:27:769 - Simulation 6 out of 10 done
2020-06-13_21:08:51:760 - Simulation 7 out of 10 done
2020-06-13_21:09:16:728 - Simulation 8 out of 10 done
2020-06-13_21:09:41:418 - Simulation 9 out of 10 done
2020-06-13_21:10:06:513 - Simulation 10 out of 10 done
2020-06-13_21:10:06:513 - > 1.0ii1.6ij
2020-06-13_21:10:32:261 - Simulation 1 out of 10 done
2020-06-13_21:10:57:052 - Simulation 2 out of 10 done
2020-06-13_21:11:21:431 - Simulation 3 out of 10 done
2020-06-13_21:11:45:797 - Simulation 4 out of 10 done
2020-06-13_21:12:09:915 - Simulation 5 out of 10 done
2020-06-13_21:12:34:807 - Simulation 6 out of 10 done
2020-06-13_21:12:59:577 - Simulation 7 out of 10 done
2020-06-13_21:13:24:227 - Simulation 8 out of 10 done
2020-06-13_21:13:49:024 - Simulation 9 out of 10 done
2020-06-13_21:14:14:484 - Simulation 10 out of 10 done
2020-06-13_21:14:14:497 - # SLN_2_0.3_0.3_0.8
2020-06-13_21:14:14:706 - Network read
2020-06-13_21:14:14:706 - inter_layer_ep : 0.003555
2020-06-13_21:14:14:706 - intra_layer_eps:
2020-06-13_21:14:14:706 - 0.130400
2020-06-13_21:14:14:706 - 0.100416
2020-06-13_21:14:14:706 - 0.113161
2020-06-13_21:14:14:706 - 0.065595
2020-06-13_21:14:14:706 - > 1.2ii1.0ij
2020-06-13_21:14:18:621 - Simulation 1 out of 5 done
2020-06-13_21:14:22:488 - Simulation 2 out of 5 done
2020-06-13_21:14:26:342 - Simulation 3 out of 5 done
2020-06-13_21:14:30:190 - Simulation 4 out of 5 done
2020-06-13_21:14:34:060 - Simulation 5 out of 5 done
2020-06-13_21:14:34:060 - > 1.4ii1.0ij
2020-06-13_21:14:37:966 - Simulation 1 out of 5 done
2020-06-13_21:14:42:107 - Simulation 2 out of 5 done
2020-06-13_21:14:46:180 - Simulation 3 out of 5 done
2020-06-13_21:14:50:188 - Simulation 4 out of 5 done
2020-06-13_21:14:54:101 - Simulation 5 out of 5 done
2020-06-13_21:14:54:101 - > 1.6ii1.0ij
2020-06-13_21:14:58:049 - Simulation 1 out of 5 done
2020-06-13_21:15:01:983 - Simulation 2 out of 5 done
2020-06-13_21:15:05:915 - Simulation 3 out of 5 done
2020-06-13_21:15:09:880 - Simulation 4 out of 5 done
2020-06-13_21:15:13:809 - Simulation 5 out of 5 done
2020-06-13_21:15:13:809 - > 1.0ii1.2ij
2020-06-13_21:15:17:643 - Simulation 1 out of 5 done
2020-06-13_21:15:21:471 - Simulation 2 out of 5 done
2020-06-13_21:15:25:273 - Simulation 3 out of 5 done
2020-06-13_21:15:29:080 - Simulation 4 out of 5 done
2020-06-13_21:15:33:027 - Simulation 5 out of 5 done
2020-06-13_21:15:33:027 - > 1.0ii1.4ij
2020-06-13_21:15:37:062 - Simulation 1 out of 10 done
2020-06-13_21:15:41:121 - Simulation 2 out of 10 done
2020-06-13_21:15:45:195 - Simulation 3 out of 10 done
2020-06-13_21:15:49:235 - Simulation 4 out of 10 done
2020-06-13_21:15:53:365 - Simulation 5 out of 10 done
2020-06-13_21:15:57:432 - Simulation 6 out of 10 done
2020-06-13_21:16:01:511 - Simulation 7 out of 10 done
2020-06-13_21:16:05:586 - Simulation 8 out of 10 done
2020-06-13_21:16:09:544 - Simulation 9 out of 10 done
2020-06-13_21:16:13:488 - Simulation 10 out of 10 done
2020-06-13_21:16:13:488 - > 1.0ii1.6ij
2020-06-13_21:16:17:467 - Simulation 1 out of 10 done
2020-06-13_21:16:21:450 - Simulation 2 out of 10 done
2020-06-13_21:16:25:419 - Simulation 3 out of 10 done
2020-06-13_21:16:29:490 - Simulation 4 out of 10 done
2020-06-13_21:16:33:433 - Simulation 5 out of 10 done
2020-06-13_21:16:37:414 - Simulation 6 out of 10 done
2020-06-13_21:16:41:356 - Simulation 7 out of 10 done
2020-06-13_21:16:45:248 - Simulation 8 out of 10 done
2020-06-13_21:16:49:213 - Simulation 9 out of 10 done
2020-06-13_21:16:53:189 - Simulation 10 out of 10 done
2020-06-13_21:16:53:199 - # drosophila_genetic_multiplex
2020-06-13_21:16:53:204 - Network read
2020-06-13_21:16:53:204 - inter_layer_ep : 0.097829
2020-06-13_21:16:53:204 - intra_layer_eps:
2020-06-13_21:16:53:204 - 0.240053
2020-06-13_21:16:53:204 - 0.099983
2020-06-13_21:16:53:204 - > 1.2ii1.0ij
2020-06-13_21:16:53:272 - Simulation 1 out of 5 done
2020-06-13_21:16:53:342 - Simulation 2 out of 5 done
2020-06-13_21:16:53:412 - Simulation 3 out of 5 done
2020-06-13_21:16:53:481 - Simulation 4 out of 5 done
2020-06-13_21:16:53:551 - Simulation 5 out of 5 done
2020-06-13_21:16:53:551 - > 1.4ii1.0ij
2020-06-13_21:16:53:620 - Simulation 1 out of 5 done
2020-06-13_21:16:53:689 - Simulation 2 out of 5 done
2020-06-13_21:16:53:759 - Simulation 3 out of 5 done
2020-06-13_21:16:53:829 - Simulation 4 out of 5 done
2020-06-13_21:16:53:900 - Simulation 5 out of 5 done
2020-06-13_21:16:53:900 - > 1.6ii1.0ij
2020-06-13_21:16:53:971 - Simulation 1 out of 5 done
2020-06-13_21:16:54:042 - Simulation 2 out of 5 done
2020-06-13_21:16:54:115 - Simulation 3 out of 5 done
2020-06-13_21:16:54:188 - Simulation 4 out of 5 done
2020-06-13_21:16:54:260 - Simulation 5 out of 5 done
2020-06-13_21:16:54:260 - > 1.0ii1.2ij
2020-06-13_21:16:54:331 - Simulation 1 out of 5 done
2020-06-13_21:16:54:401 - Simulation 2 out of 5 done
2020-06-13_21:16:54:473 - Simulation 3 out of 5 done
2020-06-13_21:16:54:544 - Simulation 4 out of 5 done
2020-06-13_21:16:54:616 - Simulation 5 out of 5 done
2020-06-13_21:16:54:616 - > 1.0ii1.4ij
2020-06-13_21:16:54:687 - Simulation 1 out of 10 done
2020-06-13_21:16:54:759 - Simulation 2 out of 10 done
2020-06-13_21:16:54:830 - Simulation 3 out of 10 done
2020-06-13_21:16:54:903 - Simulation 4 out of 10 done
2020-06-13_21:16:54:975 - Simulation 5 out of 10 done
2020-06-13_21:16:55:047 - Simulation 6 out of 10 done
2020-06-13_21:16:55:117 - Simulation 7 out of 10 done
2020-06-13_21:16:55:188 - Simulation 8 out of 10 done
2020-06-13_21:16:55:259 - Simulation 9 out of 10 done
2020-06-13_21:16:55:330 - Simulation 10 out of 10 done
2020-06-13_21:16:55:330 - > 1.0ii1.6ij
2020-06-13_21:16:55:400 - Simulation 1 out of 10 done
2020-06-13_21:16:55:470 - Simulation 2 out of 10 done
2020-06-13_21:16:55:540 - Simulation 3 out of 10 done
2020-06-13_21:16:55:609 - Simulation 4 out of 10 done
2020-06-13_21:16:55:679 - Simulation 5 out of 10 done
2020-06-13_21:16:55:748 - Simulation 6 out of 10 done
2020-06-13_21:16:55:817 - Simulation 7 out of 10 done
2020-06-13_21:16:55:887 - Simulation 8 out of 10 done
2020-06-13_21:16:55:956 - Simulation 9 out of 10 done
2020-06-13_21:16:56:025 - Simulation 10 out of 10 done
2020-06-13_21:16:56:025 - # NYClimateMarch2014_multiplex
2020-06-13_21:16:56:053 - Network read
2020-06-13_21:16:56:053 - inter_layer_ep : 0.005260
2020-06-13_21:16:56:053 - intra_layer_eps:
2020-06-13_21:16:56:053 - 0.008070
2020-06-13_21:16:56:053 - 0.006761
2020-06-13_21:16:56:053 - 0.048504
2020-06-13_21:16:56:053 - > 1.2ii1.0ij
2020-06-13_21:16:56:683 - Simulation 1 out of 5 done
2020-06-13_21:16:57:325 - Simulation 2 out of 5 done
2020-06-13_21:16:57:966 - Simulation 3 out of 5 done
2020-06-13_21:16:58:597 - Simulation 4 out of 5 done
2020-06-13_21:16:59:227 - Simulation 5 out of 5 done
2020-06-13_21:16:59:227 - > 1.4ii1.0ij
2020-06-13_21:16:59:860 - Simulation 1 out of 5 done
2020-06-13_21:17:00:496 - Simulation 2 out of 5 done
2020-06-13_21:17:01:126 - Simulation 3 out of 5 done
2020-06-13_21:17:01:752 - Simulation 4 out of 5 done
2020-06-13_21:17:02:370 - Simulation 5 out of 5 done
2020-06-13_21:17:02:370 - > 1.6ii1.0ij
2020-06-13_21:17:02:993 - Simulation 1 out of 5 done
2020-06-13_21:17:03:616 - Simulation 2 out of 5 done
2020-06-13_21:17:04:240 - Simulation 3 out of 5 done
2020-06-13_21:17:04:863 - Simulation 4 out of 5 done
2020-06-13_21:17:05:488 - Simulation 5 out of 5 done
2020-06-13_21:17:05:488 - > 1.0ii1.2ij
2020-06-13_21:17:06:119 - Simulation 1 out of 5 done
2020-06-13_21:17:06:749 - Simulation 2 out of 5 done
2020-06-13_21:17:07:371 - Simulation 3 out of 5 done
2020-06-13_21:17:07:997 - Simulation 4 out of 5 done
2020-06-13_21:17:08:627 - Simulation 5 out of 5 done
2020-06-13_21:17:08:627 - > 1.0ii1.4ij
2020-06-13_21:17:09:258 - Simulation 1 out of 10 done
2020-06-13_21:17:09:890 - Simulation 2 out of 10 done
2020-06-13_21:17:10:517 - Simulation 3 out of 10 done
2020-06-13_21:17:11:143 - Simulation 4 out of 10 done
2020-06-13_21:17:11:780 - Simulation 5 out of 10 done
2020-06-13_21:17:12:433 - Simulation 6 out of 10 done
2020-06-13_21:17:13:076 - Simulation 7 out of 10 done
2020-06-13_21:17:13:714 - Simulation 8 out of 10 done
2020-06-13_21:17:14:355 - Simulation 9 out of 10 done
2020-06-13_21:17:14:997 - Simulation 10 out of 10 done
2020-06-13_21:17:14:997 - > 1.0ii1.6ij
2020-06-13_21:17:15:629 - Simulation 1 out of 10 done
2020-06-13_21:17:16:260 - Simulation 2 out of 10 done
2020-06-13_21:17:16:907 - Simulation 3 out of 10 done
2020-06-13_21:17:17:579 - Simulation 4 out of 10 done
2020-06-13_21:17:18:264 - Simulation 5 out of 10 done
2020-06-13_21:17:18:960 - Simulation 6 out of 10 done
2020-06-13_21:17:19:654 - Simulation 7 out of 10 done
2020-06-13_21:17:20:345 - Simulation 8 out of 10 done
2020-06-13_21:17:21:008 - Simulation 9 out of 10 done
2020-06-13_21:17:21:643 - Simulation 10 out of 10 done
2020-06-13_21:17:21:646 - # homo_genetic_multiplex
2020-06-13_21:17:21:684 - Network read
2020-06-13_21:17:21:684 - inter_layer_ep : 0.018111
2020-06-13_21:17:21:685 - intra_layer_eps:
2020-06-13_21:17:21:685 - 0.022615
2020-06-13_21:17:21:685 - 0.025292
2020-06-13_21:17:21:685 - 0.065388
2020-06-13_21:17:21:685 - > 1.2ii1.0ij
2020-06-13_21:17:22:239 - Simulation 1 out of 5 done
2020-06-13_21:17:22:813 - Simulation 2 out of 5 done
2020-06-13_21:17:23:379 - Simulation 3 out of 5 done
2020-06-13_21:17:23:932 - Simulation 4 out of 5 done
2020-06-13_21:17:24:483 - Simulation 5 out of 5 done
2020-06-13_21:17:24:483 - > 1.4ii1.0ij
2020-06-13_21:17:25:100 - Simulation 1 out of 5 done
2020-06-13_21:17:25:710 - Simulation 2 out of 5 done
2020-06-13_21:17:26:279 - Simulation 3 out of 5 done
2020-06-13_21:17:26:851 - Simulation 4 out of 5 done
2020-06-13_21:17:27:422 - Simulation 5 out of 5 done
2020-06-13_21:17:27:422 - > 1.6ii1.0ij
2020-06-13_21:17:28:021 - Simulation 1 out of 5 done
2020-06-13_21:17:28:655 - Simulation 2 out of 5 done
2020-06-13_21:17:29:290 - Simulation 3 out of 5 done
2020-06-13_21:17:29:946 - Simulation 4 out of 5 done
2020-06-13_21:17:30:558 - Simulation 5 out of 5 done
2020-06-13_21:17:30:558 - > 1.0ii1.2ij
2020-06-13_21:17:31:102 - Simulation 1 out of 5 done
2020-06-13_21:17:31:662 - Simulation 2 out of 5 done
2020-06-13_21:17:32:238 - Simulation 3 out of 5 done
2020-06-13_21:17:32:806 - Simulation 4 out of 5 done
2020-06-13_21:17:33:378 - Simulation 5 out of 5 done
2020-06-13_21:17:33:378 - > 1.0ii1.4ij
2020-06-13_21:17:33:962 - Simulation 1 out of 10 done
2020-06-13_21:17:34:543 - Simulation 2 out of 10 done
2020-06-13_21:17:35:100 - Simulation 3 out of 10 done
2020-06-13_21:17:35:679 - Simulation 4 out of 10 done
2020-06-13_21:17:36:262 - Simulation 5 out of 10 done
2020-06-13_21:17:36:849 - Simulation 6 out of 10 done
2020-06-13_21:17:37:428 - Simulation 7 out of 10 done
2020-06-13_21:17:38:006 - Simulation 8 out of 10 done
2020-06-13_21:17:38:588 - Simulation 9 out of 10 done
2020-06-13_21:17:39:156 - Simulation 10 out of 10 done
2020-06-13_21:17:39:156 - > 1.0ii1.6ij
2020-06-13_21:17:39:724 - Simulation 1 out of 10 done
2020-06-13_21:17:40:279 - Simulation 2 out of 10 done
2020-06-13_21:17:40:857 - Simulation 3 out of 10 done
2020-06-13_21:17:41:438 - Simulation 4 out of 10 done
2020-06-13_21:17:42:029 - Simulation 5 out of 10 done
2020-06-13_21:17:42:579 - Simulation 6 out of 10 done
2020-06-13_21:17:43:126 - Simulation 7 out of 10 done
2020-06-13_21:17:43:666 - Simulation 8 out of 10 done
2020-06-13_21:17:44:203 - Simulation 9 out of 10 done
2020-06-13_21:17:44:738 - Simulation 10 out of 10 done
2020-06-13_21:17:44:740 - # MoscowAthletics2013_multiplex
2020-06-13_21:17:44:762 - Network read
2020-06-13_21:17:44:762 - inter_layer_ep : 0.006386
2020-06-13_21:17:44:762 - intra_layer_eps:
2020-06-13_21:17:44:762 - 0.008946
2020-06-13_21:17:44:762 - 0.007499
2020-06-13_21:17:44:762 - 0.021235
2020-06-13_21:17:44:762 - > 1.2ii1.0ij
2020-06-13_21:17:45:424 - Simulation 1 out of 5 done
2020-06-13_21:17:46:079 - Simulation 2 out of 5 done
2020-06-13_21:17:46:751 - Simulation 3 out of 5 done
2020-06-13_21:17:47:439 - Simulation 4 out of 5 done
2020-06-13_21:17:48:116 - Simulation 5 out of 5 done
2020-06-13_21:17:48:116 - > 1.4ii1.0ij
2020-06-13_21:17:48:787 - Simulation 1 out of 5 done
2020-06-13_21:17:49:458 - Simulation 2 out of 5 done
2020-06-13_21:17:50:128 - Simulation 3 out of 5 done
2020-06-13_21:17:50:814 - Simulation 4 out of 5 done
2020-06-13_21:17:51:517 - Simulation 5 out of 5 done
2020-06-13_21:17:51:517 - > 1.6ii1.0ij
2020-06-13_21:17:52:203 - Simulation 1 out of 5 done
2020-06-13_21:17:52:877 - Simulation 2 out of 5 done
2020-06-13_21:17:53:529 - Simulation 3 out of 5 done
2020-06-13_21:17:54:196 - Simulation 4 out of 5 done
2020-06-13_21:17:54:859 - Simulation 5 out of 5 done
2020-06-13_21:17:54:859 - > 1.0ii1.2ij
2020-06-13_21:17:55:552 - Simulation 1 out of 5 done
2020-06-13_21:17:56:231 - Simulation 2 out of 5 done
2020-06-13_21:17:56:924 - Simulation 3 out of 5 done
2020-06-13_21:17:57:608 - Simulation 4 out of 5 done
2020-06-13_21:17:58:278 - Simulation 5 out of 5 done
2020-06-13_21:17:58:278 - > 1.0ii1.4ij
2020-06-13_21:17:58:947 - Simulation 1 out of 10 done
2020-06-13_21:17:59:622 - Simulation 2 out of 10 done
2020-06-13_21:18:00:288 - Simulation 3 out of 10 done
2020-06-13_21:18:00:951 - Simulation 4 out of 10 done
2020-06-13_21:18:01:610 - Simulation 5 out of 10 done
2020-06-13_21:18:02:265 - Simulation 6 out of 10 done
2020-06-13_21:18:02:917 - Simulation 7 out of 10 done
2020-06-13_21:18:03:578 - Simulation 8 out of 10 done
2020-06-13_21:18:04:241 - Simulation 9 out of 10 done
2020-06-13_21:18:04:903 - Simulation 10 out of 10 done
2020-06-13_21:18:04:903 - > 1.0ii1.6ij
2020-06-13_21:18:05:564 - Simulation 1 out of 10 done
2020-06-13_21:18:06:224 - Simulation 2 out of 10 done
2020-06-13_21:18:06:879 - Simulation 3 out of 10 done
2020-06-13_21:18:07:533 - Simulation 4 out of 10 done
2020-06-13_21:18:08:196 - Simulation 5 out of 10 done
2020-06-13_21:18:08:881 - Simulation 6 out of 10 done
2020-06-13_21:18:09:563 - Simulation 7 out of 10 done
2020-06-13_21:18:10:243 - Simulation 8 out of 10 done
2020-06-13_21:18:10:935 - Simulation 9 out of 10 done
2020-06-13_21:18:11:629 - Simulation 10 out of 10 done
2020-06-13_21:18:11:632 - # sacchpomb_genetic_multiplex
2020-06-13_21:18:11:640 - Network read
2020-06-13_21:18:11:640 - inter_layer_ep : 0.025196
2020-06-13_21:18:11:640 - intra_layer_eps:
2020-06-13_21:18:11:640 - 0.316243
2020-06-13_21:18:11:640 - 0.097931
2020-06-13_21:18:11:640 - 0.030510
2020-06-13_21:18:11:640 - > 1.2ii1.0ij
2020-06-13_21:18:11:682 - Simulation 1 out of 5 done
2020-06-13_21:18:11:724 - Simulation 2 out of 5 done
2020-06-13_21:18:11:766 - Simulation 3 out of 5 done
2020-06-13_21:18:11:807 - Simulation 4 out of 5 done
2020-06-13_21:18:11:847 - Simulation 5 out of 5 done
2020-06-13_21:18:11:847 - > 1.4ii1.0ij
2020-06-13_21:18:11:899 - Simulation 1 out of 5 done
2020-06-13_21:18:11:949 - Simulation 2 out of 5 done
2020-06-13_21:18:11:998 - Simulation 3 out of 5 done
2020-06-13_21:18:12:048 - Simulation 4 out of 5 done
2020-06-13_21:18:12:098 - Simulation 5 out of 5 done
2020-06-13_21:18:12:098 - > 1.6ii1.0ij
2020-06-13_21:18:12:163 - Simulation 1 out of 5 done
2020-06-13_21:18:12:225 - Simulation 2 out of 5 done
2020-06-13_21:18:12:287 - Simulation 3 out of 5 done
2020-06-13_21:18:12:350 - Simulation 4 out of 5 done
2020-06-13_21:18:12:414 - Simulation 5 out of 5 done
2020-06-13_21:18:12:414 - > 1.0ii1.2ij
2020-06-13_21:18:12:449 - Simulation 1 out of 5 done
2020-06-13_21:18:12:483 - Simulation 2 out of 5 done
2020-06-13_21:18:12:516 - Simulation 3 out of 5 done
2020-06-13_21:18:12:550 - Simulation 4 out of 5 done
2020-06-13_21:18:12:584 - Simulation 5 out of 5 done
2020-06-13_21:18:12:584 - > 1.0ii1.4ij
2020-06-13_21:18:12:619 - Simulation 1 out of 10 done
2020-06-13_21:18:12:652 - Simulation 2 out of 10 done
2020-06-13_21:18:12:685 - Simulation 3 out of 10 done
2020-06-13_21:18:12:719 - Simulation 4 out of 10 done
2020-06-13_21:18:12:753 - Simulation 5 out of 10 done
2020-06-13_21:18:12:786 - Simulation 6 out of 10 done
2020-06-13_21:18:12:820 - Simulation 7 out of 10 done
2020-06-13_21:18:12:853 - Simulation 8 out of 10 done
2020-06-13_21:18:12:887 - Simulation 9 out of 10 done
2020-06-13_21:18:12:921 - Simulation 10 out of 10 done
2020-06-13_21:18:12:921 - > 1.0ii1.6ij
2020-06-13_21:18:12:956 - Simulation 1 out of 10 done
2020-06-13_21:18:12:990 - Simulation 2 out of 10 done
2020-06-13_21:18:13:023 - Simulation 3 out of 10 done
2020-06-13_21:18:13:057 - Simulation 4 out of 10 done
2020-06-13_21:18:13:090 - Simulation 5 out of 10 done
2020-06-13_21:18:13:124 - Simulation 6 out of 10 done
2020-06-13_21:18:13:157 - Simulation 7 out of 10 done
2020-06-13_21:18:13:190 - Simulation 8 out of 10 done
2020-06-13_21:18:13:224 - Simulation 9 out of 10 done
2020-06-13_21:18:13:258 - Simulation 10 out of 10 done
2020-06-13_21:18:13:258 - # sacchcere_genetic_multiplex
2020-06-13_21:18:13:347 - Network read
2020-06-13_21:18:13:347 - inter_layer_ep : 0.009358
2020-06-13_21:18:13:347 - intra_layer_eps:
2020-06-13_21:18:13:347 - 0.027652
2020-06-13_21:18:13:347 - 0.038978
2020-06-13_21:18:13:347 - 0.075113
2020-06-13_21:18:13:347 - 0.033094
2020-06-13_21:18:13:347 - 0.013251
2020-06-13_21:18:13:347 - > 1.2ii1.0ij
2020-06-13_21:18:13:854 - Simulation 1 out of 5 done
2020-06-13_21:18:14:356 - Simulation 2 out of 5 done
2020-06-13_21:18:14:850 - Simulation 3 out of 5 done
2020-06-13_21:18:15:322 - Simulation 4 out of 5 done
2020-06-13_21:18:15:782 - Simulation 5 out of 5 done
2020-06-13_21:18:15:782 - > 1.4ii1.0ij
2020-06-13_21:18:16:512 - Simulation 1 out of 5 done
2020-06-13_21:18:17:226 - Simulation 2 out of 5 done
2020-06-13_21:18:17:910 - Simulation 3 out of 5 done
2020-06-13_21:18:18:606 - Simulation 4 out of 5 done
2020-06-13_21:18:19:324 - Simulation 5 out of 5 done
2020-06-13_21:18:19:324 - > 1.6ii1.0ij
2020-06-13_21:18:20:571 - Simulation 1 out of 5 done
2020-06-13_21:18:21:854 - Simulation 2 out of 5 done
2020-06-13_21:18:23:113 - Simulation 3 out of 5 done
2020-06-13_21:18:24:310 - Simulation 4 out of 5 done
2020-06-13_21:18:25:695 - Simulation 5 out of 5 done
2020-06-13_21:18:25:695 - > 1.0ii1.2ij
2020-06-13_21:18:26:106 - Simulation 1 out of 5 done
2020-06-13_21:18:26:513 - Simulation 2 out of 5 done
2020-06-13_21:18:26:921 - Simulation 3 out of 5 done
2020-06-13_21:18:27:340 - Simulation 4 out of 5 done
2020-06-13_21:18:27:741 - Simulation 5 out of 5 done
2020-06-13_21:18:27:741 - > 1.0ii1.4ij
2020-06-13_21:18:28:141 - Simulation 1 out of 10 done
2020-06-13_21:18:28:551 - Simulation 2 out of 10 done
2020-06-13_21:18:28:960 - Simulation 3 out of 10 done
2020-06-13_21:18:29:369 - Simulation 4 out of 10 done
2020-06-13_21:18:29:772 - Simulation 5 out of 10 done
2020-06-13_21:18:30:160 - Simulation 6 out of 10 done
2020-06-13_21:18:30:553 - Simulation 7 out of 10 done
2020-06-13_21:18:30:974 - Simulation 8 out of 10 done
2020-06-13_21:18:31:391 - Simulation 9 out of 10 done
2020-06-13_21:18:31:782 - Simulation 10 out of 10 done
2020-06-13_21:18:31:782 - > 1.0ii1.6ij
2020-06-13_21:18:32:194 - Simulation 1 out of 10 done
2020-06-13_21:18:32:610 - Simulation 2 out of 10 done
2020-06-13_21:18:33:020 - Simulation 3 out of 10 done
2020-06-13_21:18:33:416 - Simulation 4 out of 10 done
2020-06-13_21:18:33:802 - Simulation 5 out of 10 done
2020-06-13_21:18:34:188 - Simulation 6 out of 10 done
2020-06-13_21:18:34:570 - Simulation 7 out of 10 done
2020-06-13_21:18:34:956 - Simulation 8 out of 10 done
2020-06-13_21:18:35:345 - Simulation 9 out of 10 done
2020-06-13_21:18:35:737 - Simulation 10 out of 10 done
