2020-06-04_10:04:59:511 - # DLN_2_0.3_0.3_0.3
2020-06-04_10:05:01:878 - Network read
2020-06-04_10:08:29:021 - Simulation 1 out of 5 done
2020-06-04_10:11:56:891 - Simulation 2 out of 5 done
2020-06-04_10:15:24:724 - Simulation 3 out of 5 done
2020-06-04_10:18:52:712 - Simulation 4 out of 5 done
2020-06-04_10:22:20:374 - Simulation 5 out of 5 done
2020-06-04_10:22:20:410 - # SLN_2_0.8_0.8_0.8
2020-06-04_10:22:21:337 - Network read
2020-06-04_10:22:53:087 - Simulation 1 out of 5 done
2020-06-04_10:23:25:257 - Simulation 2 out of 5 done
2020-06-04_10:23:57:231 - Simulation 3 out of 5 done
2020-06-04_10:24:28:949 - Simulation 4 out of 5 done
2020-06-04_10:25:00:835 - Simulation 5 out of 5 done
2020-06-04_10:25:00:855 - # SLN_2_0.3_0.3_0.3
2020-06-04_10:25:02:056 - Network read
2020-06-04_10:25:34:192 - Simulation 1 out of 5 done
2020-06-04_10:26:06:554 - Simulation 2 out of 5 done
2020-06-04_10:26:38:853 - Simulation 3 out of 5 done
2020-06-04_10:27:11:220 - Simulation 4 out of 5 done
2020-06-04_10:27:43:377 - Simulation 5 out of 5 done
2020-06-04_10:27:43:398 - # SLN_2_0.8_0.3_0.8
2020-06-04_10:27:44:338 - Network read
2020-06-04_10:28:16:119 - Simulation 1 out of 5 done
2020-06-04_10:28:47:783 - Simulation 2 out of 5 done
2020-06-04_10:29:19:600 - Simulation 3 out of 5 done
2020-06-04_10:29:51:392 - Simulation 4 out of 5 done
2020-06-04_10:30:23:185 - Simulation 5 out of 5 done
2020-06-04_10:30:23:205 - # DLN_2_0.8_0.3_0.3
2020-06-04_10:30:25:234 - Network read
2020-06-04_10:33:51:883 - Simulation 1 out of 5 done
2020-06-04_10:37:17:833 - Simulation 2 out of 5 done
2020-06-04_10:40:44:135 - Simulation 3 out of 5 done
2020-06-04_10:44:10:322 - Simulation 4 out of 5 done
2020-06-04_10:47:36:930 - Simulation 5 out of 5 done
2020-06-04_10:47:36:964 - # DLN_2_0.3_0.8_0.8
2020-06-04_10:47:39:316 - Network read
2020-06-04_10:51:05:588 - Simulation 1 out of 5 done
2020-06-04_10:54:31:225 - Simulation 2 out of 5 done
2020-06-04_10:57:56:655 - Simulation 3 out of 5 done
2020-06-04_11:01:22:453 - Simulation 4 out of 5 done
2020-06-04_11:04:47:655 - Simulation 5 out of 5 done
2020-06-04_11:04:47:689 - # SLN_2_0.3_0.8_0.3
2020-06-04_11:04:48:874 - Network read
2020-06-04_11:05:20:622 - Simulation 1 out of 5 done
2020-06-04_11:05:52:434 - Simulation 2 out of 5 done
2020-06-04_11:06:24:275 - Simulation 3 out of 5 done
2020-06-04_11:06:56:197 - Simulation 4 out of 5 done
2020-06-04_11:07:28:039 - Simulation 5 out of 5 done
2020-06-04_11:07:28:060 - # SLN_2_0.3_0.8_0.8
2020-06-04_11:07:29:257 - Network read
2020-06-04_11:08:01:004 - Simulation 1 out of 5 done
2020-06-04_11:08:32:612 - Simulation 2 out of 5 done
2020-06-04_11:09:04:389 - Simulation 3 out of 5 done
2020-06-04_11:09:36:093 - Simulation 4 out of 5 done
2020-06-04_11:10:07:931 - Simulation 5 out of 5 done
2020-06-04_11:10:07:952 - # SLN_2_0.3_0.3_0.8
2020-06-04_11:10:09:169 - Network read
2020-06-04_11:10:41:186 - Simulation 1 out of 5 done
2020-06-04_11:11:13:121 - Simulation 2 out of 5 done
2020-06-04_11:11:45:025 - Simulation 3 out of 5 done
2020-06-04_11:12:17:063 - Simulation 4 out of 5 done
2020-06-04_11:12:48:824 - Simulation 5 out of 5 done
2020-06-04_11:12:48:844 - # SLN_2_0.8_0.8_0.3
2020-06-04_11:12:49:764 - Network read
2020-06-04_11:13:21:516 - Simulation 1 out of 5 done
2020-06-04_11:13:53:214 - Simulation 2 out of 5 done
2020-06-04_11:14:24:875 - Simulation 3 out of 5 done
2020-06-04_11:14:56:729 - Simulation 4 out of 5 done
2020-06-04_11:15:28:334 - Simulation 5 out of 5 done
2020-06-04_11:15:28:355 - # DLN_2_0.3_0.8_0.3
2020-06-04_11:15:30:682 - Network read
2020-06-04_11:18:56:033 - Simulation 1 out of 5 done
2020-06-04_11:22:20:731 - Simulation 2 out of 5 done
2020-06-04_11:25:45:434 - Simulation 3 out of 5 done
2020-06-04_11:29:10:029 - Simulation 4 out of 5 done
2020-06-04_11:32:36:094 - Simulation 5 out of 5 done
2020-06-04_11:32:36:128 - # DLN_2_0.3_0.3_0.8
2020-06-04_11:32:38:483 - Network read
2020-06-04_11:36:03:210 - Simulation 1 out of 5 done
2020-06-04_11:39:28:630 - Simulation 2 out of 5 done
2020-06-04_11:42:53:704 - Simulation 3 out of 5 done
2020-06-04_11:46:18:789 - Simulation 4 out of 5 done
2020-06-04_11:49:43:267 - Simulation 5 out of 5 done
2020-06-04_11:49:43:302 - # DLN_2_0.8_0.8_0.8
2020-06-04_11:49:45:300 - Network read
2020-06-04_11:53:13:296 - Simulation 1 out of 5 done
2020-06-04_11:56:38:447 - Simulation 2 out of 5 done
2020-06-04_12:00:03:611 - Simulation 3 out of 5 done
2020-06-04_12:03:28:683 - Simulation 4 out of 5 done
2020-06-04_12:06:53:189 - Simulation 5 out of 5 done
2020-06-04_12:06:53:223 - # SLN_2_0.8_0.3_0.3
2020-06-04_12:06:54:144 - Network read
2020-06-04_12:07:25:782 - Simulation 1 out of 5 done
2020-06-04_12:07:57:416 - Simulation 2 out of 5 done
2020-06-04_12:08:29:107 - Simulation 3 out of 5 done
2020-06-04_12:09:00:666 - Simulation 4 out of 5 done
2020-06-04_12:09:32:830 - Simulation 5 out of 5 done
2020-06-04_12:09:32:850 - # DLN_2_0.8_0.8_0.3
2020-06-04_12:09:34:865 - Network read
2020-06-04_12:12:59:419 - Simulation 1 out of 5 done
2020-06-04_12:16:24:855 - Simulation 2 out of 5 done
2020-06-04_12:19:49:641 - Simulation 3 out of 5 done
2020-06-04_12:23:14:472 - Simulation 4 out of 5 done
2020-06-04_12:26:40:110 - Simulation 5 out of 5 done
2020-06-04_12:26:40:144 - # DLN_2_0.8_0.3_0.8
2020-06-04_12:26:42:138 - Network read
2020-06-04_12:30:08:022 - Simulation 1 out of 5 done
2020-06-04_12:33:32:047 - Simulation 2 out of 5 done
2020-06-04_12:36:56:616 - Simulation 3 out of 5 done
2020-06-04_12:40:21:821 - Simulation 4 out of 5 done
2020-06-04_12:43:59:504 - Simulation 5 out of 5 done
2020-06-04_12:43:59:538 - # drosophila_genetic_multiplex
2020-06-04_12:43:59:563 - Network read
2020-06-04_12:44:00:072 - Simulation 1 out of 5 done
2020-06-04_12:44:00:580 - Simulation 2 out of 5 done
2020-06-04_12:44:01:089 - Simulation 3 out of 5 done
2020-06-04_12:44:01:597 - Simulation 4 out of 5 done
2020-06-04_12:44:02:108 - Simulation 5 out of 5 done
2020-06-04_12:44:02:109 - # sacchpomb_genetic_multiplex
2020-06-04_12:44:02:164 - Network read
2020-06-04_12:44:02:425 - Simulation 1 out of 5 done
2020-06-04_12:44:02:685 - Simulation 2 out of 5 done
2020-06-04_12:44:03:009 - Simulation 3 out of 5 done
2020-06-04_12:44:03:342 - Simulation 4 out of 5 done
2020-06-04_12:44:03:600 - Simulation 5 out of 5 done
2020-06-04_12:44:03:601 - # NYClimateMarch2014_multiplex
2020-06-04_12:44:03:800 - Network read
2020-06-04_12:44:09:392 - Simulation 1 out of 5 done
2020-06-04_12:44:14:571 - Simulation 2 out of 5 done
2020-06-04_12:44:20:311 - Simulation 3 out of 5 done
2020-06-04_12:44:25:410 - Simulation 4 out of 5 done
2020-06-04_12:44:30:974 - Simulation 5 out of 5 done
2020-06-04_12:44:30:980 - # homo_genetic_multiplex
2020-06-04_12:44:31:347 - Network read
2020-06-04_12:44:35:641 - Simulation 1 out of 5 done
2020-06-04_12:44:40:114 - Simulation 2 out of 5 done
2020-06-04_12:44:44:560 - Simulation 3 out of 5 done
2020-06-04_12:44:48:982 - Simulation 4 out of 5 done
2020-06-04_12:44:53:892 - Simulation 5 out of 5 done
2020-06-04_12:44:53:898 - # MoscowAthletics2013_multiplex
2020-06-04_12:44:54:032 - Network read
2020-06-04_12:44:59:418 - Simulation 1 out of 5 done
2020-06-04_12:45:04:735 - Simulation 2 out of 5 done
2020-06-04_12:45:10:260 - Simulation 3 out of 5 done
2020-06-04_12:45:15:361 - Simulation 4 out of 5 done
2020-06-04_12:45:20:829 - Simulation 5 out of 5 done
2020-06-04_12:45:20:836 - # sacchcere_genetic_multiplex
2020-06-04_12:45:21:524 - Network read
2020-06-04_12:45:25:398 - Simulation 1 out of 5 done
2020-06-04_12:45:28:833 - Simulation 2 out of 5 done
2020-06-04_12:45:32:477 - Simulation 3 out of 5 done
2020-06-04_12:45:36:135 - Simulation 4 out of 5 done
2020-06-04_12:45:39:710 - Simulation 5 out of 5 done
