2020-06-13_12:37:12:998 - # SLN_2_0.3_0.3_0.3
2020-06-13_12:37:13:231 - Network read
2020-06-13_12:37:13:231 - inter_layer_ep : 0.015206
2020-06-13_12:37:13:231 - intra_layer_eps:
2020-06-13_12:37:13:231 - 0.130400
2020-06-13_12:37:13:231 - 0.100416
2020-06-13_12:37:13:231 - 0.113161
2020-06-13_12:37:13:231 - 0.065595
2020-06-13_12:37:13:231 - > 1.0ii2.0ij
2020-06-13_12:37:17:156 - Simulation 1 out of 1 done
2020-06-13_12:37:17:156 - > 2.0ii1.0ij
2020-06-13_12:37:27:790 - Simulation 1 out of 1 done
2020-06-13_12:37:27:790 - > 2.0ii2.0ij
2020-06-13_12:37:59:836 - Simulation 1 out of 1 done
2020-06-13_12:37:59:846 - # SLN_2_0.8_0.8_0.8
2020-06-13_12:38:00:014 - Network read
2020-06-13_12:38:00:014 - inter_layer_ep : 0.004848
2020-06-13_12:38:00:014 - intra_layer_eps:
2020-06-13_12:38:00:014 - 0.130400
2020-06-13_12:38:00:014 - 0.100416
2020-06-13_12:38:00:014 - 0.113161
2020-06-13_12:38:00:015 - 0.065595
2020-06-13_12:38:00:015 - > 1.0ii2.0ij
2020-06-13_12:38:03:733 - Simulation 1 out of 1 done
2020-06-13_12:38:03:733 - > 2.0ii1.0ij
2020-06-13_12:38:08:317 - Simulation 1 out of 1 done
2020-06-13_12:38:08:317 - > 2.0ii2.0ij
2020-06-13_12:38:13:476 - Simulation 1 out of 1 done
2020-06-13_12:38:13:482 - # DLN_2_0.8_0.3_0.8
2020-06-13_12:38:13:825 - Network read
2020-06-13_12:38:13:825 - inter_layer_ep : 0.003601
2020-06-13_12:38:13:825 - intra_layer_eps:
2020-06-13_12:38:13:825 - 0.012099
2020-06-13_12:38:13:825 - 0.007326
2020-06-13_12:38:13:825 - 0.130400
2020-06-13_12:38:13:825 - > 1.0ii2.0ij
2020-06-13_12:38:37:545 - Simulation 1 out of 1 done
2020-06-13_12:38:37:545 - > 2.0ii1.0ij
2020-06-13_12:39:02:104 - Simulation 1 out of 1 done
2020-06-13_12:39:02:104 - > 2.0ii2.0ij
2020-06-13_12:39:26:731 - Simulation 1 out of 1 done
2020-06-13_12:39:26:746 - # DLN_2_0.8_0.8_0.3
2020-06-13_12:39:27:086 - Network read
2020-06-13_12:39:27:086 - inter_layer_ep : 0.007574
2020-06-13_12:39:27:086 - intra_layer_eps:
2020-06-13_12:39:27:086 - 0.012099
2020-06-13_12:39:27:086 - 0.007326
2020-06-13_12:39:27:086 - 0.130400
2020-06-13_12:39:27:086 - > 1.0ii2.0ij
2020-06-13_12:39:50:811 - Simulation 1 out of 1 done
2020-06-13_12:39:50:811 - > 2.0ii1.0ij
2020-06-13_12:40:15:691 - Simulation 1 out of 1 done
2020-06-13_12:40:15:691 - > 2.0ii2.0ij
2020-06-13_12:40:41:119 - Simulation 1 out of 1 done
2020-06-13_12:40:41:130 - # SLN_2_0.8_0.3_0.3
2020-06-13_12:40:41:303 - Network read
2020-06-13_12:40:41:303 - inter_layer_ep : 0.020184
2020-06-13_12:40:41:303 - intra_layer_eps:
2020-06-13_12:40:41:303 - 0.130400
2020-06-13_12:40:41:303 - 0.100416
2020-06-13_12:40:41:303 - 0.113161
2020-06-13_12:40:41:303 - 0.065595
2020-06-13_12:40:41:303 - > 1.0ii2.0ij
2020-06-13_12:40:45:101 - Simulation 1 out of 1 done
2020-06-13_12:40:45:101 - > 2.0ii1.0ij
2020-06-13_12:40:53:531 - Simulation 1 out of 1 done
2020-06-13_12:40:53:531 - > 2.0ii2.0ij
2020-06-13_12:41:17:048 - Simulation 1 out of 1 done
2020-06-13_12:41:17:054 - # SLN_2_0.3_0.8_0.8
2020-06-13_12:41:17:264 - Network read
2020-06-13_12:41:17:264 - inter_layer_ep : 0.003246
2020-06-13_12:41:17:264 - intra_layer_eps:
2020-06-13_12:41:17:264 - 0.130400
2020-06-13_12:41:17:264 - 0.100416
2020-06-13_12:41:17:264 - 0.113161
2020-06-13_12:41:17:264 - 0.065595
2020-06-13_12:41:17:264 - > 1.0ii2.0ij
2020-06-13_12:41:20:995 - Simulation 1 out of 1 done
2020-06-13_12:41:20:995 - > 2.0ii1.0ij
2020-06-13_12:41:25:727 - Simulation 1 out of 1 done
2020-06-13_12:41:25:727 - > 2.0ii2.0ij
2020-06-13_12:41:31:076 - Simulation 1 out of 1 done
2020-06-13_12:41:31:083 - # DLN_2_0.3_0.8_0.3
2020-06-13_12:41:31:489 - Network read
2020-06-13_12:41:31:489 - inter_layer_ep : 0.007356
2020-06-13_12:41:31:489 - intra_layer_eps:
2020-06-13_12:41:31:489 - 0.012099
2020-06-13_12:41:31:489 - 0.007326
2020-06-13_12:41:31:489 - 0.130400
2020-06-13_12:41:31:489 - > 1.0ii2.0ij
2020-06-13_12:41:55:272 - Simulation 1 out of 1 done
2020-06-13_12:41:55:272 - > 2.0ii1.0ij
2020-06-13_12:42:20:419 - Simulation 1 out of 1 done
2020-06-13_12:42:20:419 - > 2.0ii2.0ij
2020-06-13_12:42:47:304 - Simulation 1 out of 1 done
2020-06-13_12:42:47:315 - # DLN_2_0.3_0.3_0.8
2020-06-13_12:42:47:709 - Network read
2020-06-13_12:42:47:709 - inter_layer_ep : 0.002545
2020-06-13_12:42:47:709 - intra_layer_eps:
2020-06-13_12:42:47:709 - 0.012099
2020-06-13_12:42:47:709 - 0.007326
2020-06-13_12:42:47:709 - 0.130400
2020-06-13_12:42:47:709 - > 1.0ii2.0ij
2020-06-13_12:43:11:461 - Simulation 1 out of 1 done
2020-06-13_12:43:11:461 - > 2.0ii1.0ij
2020-06-13_12:43:35:985 - Simulation 1 out of 1 done
2020-06-13_12:43:35:985 - > 2.0ii2.0ij
2020-06-13_12:44:00:808 - Simulation 1 out of 1 done
2020-06-13_12:44:00:820 - # SLN_2_0.3_0.8_0.3
2020-06-13_12:44:01:036 - Network read
2020-06-13_12:44:01:036 - inter_layer_ep : 0.014876
2020-06-13_12:44:01:036 - intra_layer_eps:
2020-06-13_12:44:01:036 - 0.130400
2020-06-13_12:44:01:036 - 0.100416
2020-06-13_12:44:01:036 - 0.113161
2020-06-13_12:44:01:036 - 0.065595
2020-06-13_12:44:01:036 - > 1.0ii2.0ij
2020-06-13_12:44:04:862 - Simulation 1 out of 1 done
2020-06-13_12:44:04:862 - > 2.0ii1.0ij
2020-06-13_12:44:13:894 - Simulation 1 out of 1 done
2020-06-13_12:44:13:894 - > 2.0ii2.0ij
2020-06-13_12:44:41:797 - Simulation 1 out of 1 done
2020-06-13_12:44:41:803 - # SLN_2_0.8_0.3_0.8
2020-06-13_12:44:41:976 - Network read
2020-06-13_12:44:41:976 - inter_layer_ep : 0.005386
2020-06-13_12:44:41:976 - intra_layer_eps:
2020-06-13_12:44:41:976 - 0.130400
2020-06-13_12:44:41:976 - 0.100416
2020-06-13_12:44:41:976 - 0.113161
2020-06-13_12:44:41:976 - 0.065595
2020-06-13_12:44:41:976 - > 1.0ii2.0ij
2020-06-13_12:44:45:702 - Simulation 1 out of 1 done
2020-06-13_12:44:45:702 - > 2.0ii1.0ij
2020-06-13_12:44:50:418 - Simulation 1 out of 1 done
2020-06-13_12:44:50:418 - > 2.0ii2.0ij
2020-06-13_12:44:55:841 - Simulation 1 out of 1 done
2020-06-13_12:44:55:850 - # DLN_2_0.3_0.8_0.8
2020-06-13_12:44:56:242 - Network read
2020-06-13_12:44:56:242 - inter_layer_ep : 0.002501
2020-06-13_12:44:56:242 - intra_layer_eps:
2020-06-13_12:44:56:242 - 0.012099
2020-06-13_12:44:56:242 - 0.007326
2020-06-13_12:44:56:242 - 0.130400
2020-06-13_12:44:56:242 - > 1.0ii2.0ij
2020-06-13_12:45:19:956 - Simulation 1 out of 1 done
2020-06-13_12:45:19:956 - > 2.0ii1.0ij
2020-06-13_12:45:44:502 - Simulation 1 out of 1 done
2020-06-13_12:45:44:502 - > 2.0ii2.0ij
2020-06-13_12:46:09:294 - Simulation 1 out of 1 done
2020-06-13_12:46:09:308 - # DLN_2_0.8_0.8_0.8
2020-06-13_12:46:09:643 - Network read
2020-06-13_12:46:09:643 - inter_layer_ep : 0.003555
2020-06-13_12:46:09:643 - intra_layer_eps:
2020-06-13_12:46:09:643 - 0.012099
2020-06-13_12:46:09:643 - 0.007326
2020-06-13_12:46:09:643 - 0.130400
2020-06-13_12:46:09:643 - > 1.0ii2.0ij
2020-06-13_12:46:33:368 - Simulation 1 out of 1 done
2020-06-13_12:46:33:368 - > 2.0ii1.0ij
2020-06-13_12:46:57:822 - Simulation 1 out of 1 done
2020-06-13_12:46:57:822 - > 2.0ii2.0ij
2020-06-13_12:47:22:493 - Simulation 1 out of 1 done
2020-06-13_12:47:22:508 - # SLN_2_0.8_0.8_0.3
2020-06-13_12:47:22:677 - Network read
2020-06-13_12:47:22:677 - inter_layer_ep : 0.019573
2020-06-13_12:47:22:677 - intra_layer_eps:
2020-06-13_12:47:22:677 - 0.130400
2020-06-13_12:47:22:677 - 0.100416
2020-06-13_12:47:22:677 - 0.113161
2020-06-13_12:47:22:677 - 0.065595
2020-06-13_12:47:22:677 - > 1.0ii2.0ij
2020-06-13_12:47:26:457 - Simulation 1 out of 1 done
2020-06-13_12:47:26:457 - > 2.0ii1.0ij
2020-06-13_12:47:34:352 - Simulation 1 out of 1 done
2020-06-13_12:47:34:352 - > 2.0ii2.0ij
2020-06-13_12:47:55:704 - Simulation 1 out of 1 done
2020-06-13_12:47:55:711 - # DLN_2_0.3_0.3_0.3
2020-06-13_12:47:56:123 - Network read
2020-06-13_12:47:56:123 - inter_layer_ep : 0.007255
2020-06-13_12:47:56:123 - intra_layer_eps:
2020-06-13_12:47:56:123 - 0.012099
2020-06-13_12:47:56:123 - 0.007326
2020-06-13_12:47:56:123 - 0.130400
2020-06-13_12:47:56:123 - > 1.0ii2.0ij
2020-06-13_12:48:19:897 - Simulation 1 out of 1 done
2020-06-13_12:48:19:897 - > 2.0ii1.0ij
2020-06-13_12:48:45:131 - Simulation 1 out of 1 done
2020-06-13_12:48:45:131 - > 2.0ii2.0ij
2020-06-13_12:49:11:908 - Simulation 1 out of 1 done
2020-06-13_12:49:11:919 - # DLN_2_0.8_0.3_0.3
2020-06-13_12:49:12:268 - Network read
2020-06-13_12:49:12:268 - inter_layer_ep : 0.007484
2020-06-13_12:49:12:268 - intra_layer_eps:
2020-06-13_12:49:12:268 - 0.012099
2020-06-13_12:49:12:268 - 0.007326
2020-06-13_12:49:12:268 - 0.130400
2020-06-13_12:49:12:268 - > 1.0ii2.0ij
2020-06-13_12:49:36:005 - Simulation 1 out of 1 done
2020-06-13_12:49:36:005 - > 2.0ii1.0ij
2020-06-13_12:50:00:732 - Simulation 1 out of 1 done
2020-06-13_12:50:00:732 - > 2.0ii2.0ij
2020-06-13_12:50:26:110 - Simulation 1 out of 1 done
2020-06-13_12:50:26:122 - # SLN_2_0.3_0.3_0.8
2020-06-13_12:50:26:332 - Network read
2020-06-13_12:50:26:332 - inter_layer_ep : 0.003555
2020-06-13_12:50:26:332 - intra_layer_eps:
2020-06-13_12:50:26:332 - 0.130400
2020-06-13_12:50:26:332 - 0.100416
2020-06-13_12:50:26:332 - 0.113161
2020-06-13_12:50:26:332 - 0.065595
2020-06-13_12:50:26:332 - > 1.0ii2.0ij
2020-06-13_12:50:30:081 - Simulation 1 out of 1 done
2020-06-13_12:50:30:081 - > 2.0ii1.0ij
2020-06-13_12:50:34:959 - Simulation 1 out of 1 done
2020-06-13_12:50:34:959 - > 2.0ii2.0ij
2020-06-13_12:50:40:573 - Simulation 1 out of 1 done
2020-06-13_12:50:40:580 - # drosophila_genetic_multiplex
2020-06-13_12:50:40:584 - Network read
2020-06-13_12:50:40:584 - inter_layer_ep : 0.097829
2020-06-13_12:50:40:584 - intra_layer_eps:
2020-06-13_12:50:40:584 - 0.240053
2020-06-13_12:50:40:584 - 0.099983
2020-06-13_12:50:40:584 - > 1.0ii2.0ij
2020-06-13_12:50:40:648 - Simulation 1 out of 1 done
2020-06-13_12:50:40:648 - > 2.0ii1.0ij
2020-06-13_12:50:40:715 - Simulation 1 out of 1 done
2020-06-13_12:50:40:715 - > 2.0ii2.0ij
2020-06-13_12:50:40:783 - Simulation 1 out of 1 done
2020-06-13_12:50:40:783 - # NYClimateMarch2014_multiplex
2020-06-13_12:50:40:810 - Network read
2020-06-13_12:50:40:810 - inter_layer_ep : 0.005260
2020-06-13_12:50:40:810 - intra_layer_eps:
2020-06-13_12:50:40:810 - 0.008070
2020-06-13_12:50:40:810 - 0.006761
2020-06-13_12:50:40:810 - 0.048504
2020-06-13_12:50:40:810 - > 1.0ii2.0ij
2020-06-13_12:50:41:392 - Simulation 1 out of 1 done
2020-06-13_12:50:41:392 - > 2.0ii1.0ij
2020-06-13_12:50:41:974 - Simulation 1 out of 1 done
2020-06-13_12:50:41:974 - > 2.0ii2.0ij
2020-06-13_12:50:42:556 - Simulation 1 out of 1 done
2020-06-13_12:50:42:557 - # homo_genetic_multiplex
2020-06-13_12:50:42:595 - Network read
2020-06-13_12:50:42:595 - inter_layer_ep : 0.018111
2020-06-13_12:50:42:595 - intra_layer_eps:
2020-06-13_12:50:42:595 - 0.022615
2020-06-13_12:50:42:595 - 0.025292
2020-06-13_12:50:42:595 - 0.065388
2020-06-13_12:50:42:595 - > 1.0ii2.0ij
2020-06-13_12:50:43:087 - Simulation 1 out of 1 done
2020-06-13_12:50:43:087 - > 2.0ii1.0ij
2020-06-13_12:50:43:706 - Simulation 1 out of 1 done
2020-06-13_12:50:43:706 - > 2.0ii2.0ij
2020-06-13_12:50:44:352 - Simulation 1 out of 1 done
2020-06-13_12:50:44:354 - # MoscowAthletics2013_multiplex
2020-06-13_12:50:44:377 - Network read
2020-06-13_12:50:44:377 - inter_layer_ep : 0.006386
2020-06-13_12:50:44:377 - intra_layer_eps:
2020-06-13_12:50:44:377 - 0.008946
2020-06-13_12:50:44:377 - 0.007499
2020-06-13_12:50:44:377 - 0.021235
2020-06-13_12:50:44:377 - > 1.0ii2.0ij
2020-06-13_12:50:44:987 - Simulation 1 out of 1 done
2020-06-13_12:50:44:987 - > 2.0ii1.0ij
2020-06-13_12:50:45:597 - Simulation 1 out of 1 done
2020-06-13_12:50:45:597 - > 2.0ii2.0ij
2020-06-13_12:50:46:208 - Simulation 1 out of 1 done
2020-06-13_12:50:46:210 - # sacchpomb_genetic_multiplex
2020-06-13_12:50:46:218 - Network read
2020-06-13_12:50:46:218 - inter_layer_ep : 0.025196
2020-06-13_12:50:46:218 - intra_layer_eps:
2020-06-13_12:50:46:218 - 0.316243
2020-06-13_12:50:46:218 - 0.097931
2020-06-13_12:50:46:218 - 0.030510
2020-06-13_12:50:46:218 - > 1.0ii2.0ij
2020-06-13_12:50:46:249 - Simulation 1 out of 1 done
2020-06-13_12:50:46:249 - > 2.0ii1.0ij
2020-06-13_12:50:46:334 - Simulation 1 out of 1 done
2020-06-13_12:50:46:334 - > 2.0ii2.0ij
2020-06-13_12:50:46:424 - Simulation 1 out of 1 done
2020-06-13_12:50:46:424 - # sacchcere_genetic_multiplex
2020-06-13_12:50:46:507 - Network read
2020-06-13_12:50:46:507 - inter_layer_ep : 0.009358
2020-06-13_12:50:46:507 - intra_layer_eps:
2020-06-13_12:50:46:507 - 0.027652
2020-06-13_12:50:46:507 - 0.038978
2020-06-13_12:50:46:507 - 0.075113
2020-06-13_12:50:46:507 - 0.033094
2020-06-13_12:50:46:507 - 0.013251
2020-06-13_12:50:46:507 - > 1.0ii2.0ij
2020-06-13_12:50:46:870 - Simulation 1 out of 1 done
2020-06-13_12:50:46:870 - > 2.0ii1.0ij
2020-06-13_12:50:49:358 - Simulation 1 out of 1 done
2020-06-13_12:50:49:358 - > 2.0ii2.0ij
2020-06-13_12:50:51:918 - Simulation 1 out of 1 done
