2020-06-20_18:21:36:878 - # SLN_2_0.3_0.3_0.3
2020-06-20_18:21:37:172 - Network read
2020-06-20_18:21:37:172 - inter_layer_ep : 0.014978
2020-06-20_18:21:37:172 - intra_layer_eps:
2020-06-20_18:21:37:172 - 0.115358
2020-06-20_18:21:37:172 - 0.091253
2020-06-20_18:21:37:172 - 0.101657
2020-06-20_18:21:37:172 - 0.061557
2020-06-20_18:21:37:172 - > 1.2ii1.0ij
2020-06-20_18:21:41:011 - Simulation 1 out of 50 done
2020-06-20_18:21:44:912 - Simulation 2 out of 50 done
2020-06-20_18:21:48:774 - Simulation 3 out of 50 done
2020-06-20_18:21:52:623 - Simulation 4 out of 50 done
2020-06-20_18:21:56:434 - Simulation 5 out of 50 done
2020-06-20_18:22:00:263 - Simulation 6 out of 50 done
2020-06-20_18:22:04:155 - Simulation 7 out of 50 done
2020-06-20_18:22:08:051 - Simulation 8 out of 50 done
2020-06-20_18:22:11:895 - Simulation 9 out of 50 done
2020-06-20_18:22:15:725 - Simulation 10 out of 50 done
2020-06-20_18:22:19:513 - Simulation 11 out of 50 done
2020-06-20_18:22:23:352 - Simulation 12 out of 50 done
