2020-06-05_23:04:15:458 - # SLN_2_0.3_0.3_0.3
2020-06-05_23:04:15:811 - Network read
2020-06-05_23:04:20:052 - Simulation 1 out of 10 done
2020-06-05_23:04:24:270 - Simulation 2 out of 10 done
2020-06-05_23:04:28:507 - Simulation 3 out of 10 done
2020-06-05_23:04:32:710 - Simulation 4 out of 10 done
2020-06-05_23:04:36:904 - Simulation 5 out of 10 done
2020-06-05_23:04:41:091 - Simulation 6 out of 10 done
2020-06-05_23:04:45:283 - Simulation 7 out of 10 done
2020-06-05_23:04:49:468 - Simulation 8 out of 10 done
2020-06-05_23:04:53:653 - Simulation 9 out of 10 done
2020-06-05_23:04:57:830 - Simulation 10 out of 10 done
2020-06-05_23:04:57:847 - # SLN_2_0.8_0.8_0.8
2020-06-05_23:04:58:128 - Network read
2020-06-05_23:05:02:271 - Simulation 1 out of 10 done
2020-06-05_23:05:06:414 - Simulation 2 out of 10 done
2020-06-05_23:05:10:567 - Simulation 3 out of 10 done
2020-06-05_23:05:14:713 - Simulation 4 out of 10 done
2020-06-05_23:05:18:853 - Simulation 5 out of 10 done
2020-06-05_23:05:22:994 - Simulation 6 out of 10 done
2020-06-05_23:05:27:126 - Simulation 7 out of 10 done
2020-06-05_23:05:31:263 - Simulation 8 out of 10 done
2020-06-05_23:05:35:409 - Simulation 9 out of 10 done
2020-06-05_23:05:39:561 - Simulation 10 out of 10 done
2020-06-05_23:05:39:574 - # DLN_2_0.8_0.3_0.8
2020-06-05_23:05:40:052 - Network read
2020-06-05_23:06:07:131 - Simulation 1 out of 10 done
2020-06-05_23:06:34:097 - Simulation 2 out of 10 done
2020-06-05_23:07:01:220 - Simulation 3 out of 10 done
2020-06-05_23:07:28:763 - Simulation 4 out of 10 done
2020-06-05_23:07:55:520 - Simulation 5 out of 10 done
2020-06-05_23:08:22:476 - Simulation 6 out of 10 done
2020-06-05_23:08:48:610 - Simulation 7 out of 10 done
2020-06-05_23:09:14:735 - Simulation 8 out of 10 done
2020-06-05_23:09:40:210 - Simulation 9 out of 10 done
2020-06-05_23:10:06:663 - Simulation 10 out of 10 done
2020-06-05_23:10:06:680 - # DLN_2_0.8_0.8_0.3
2020-06-05_23:10:07:130 - Network read
2020-06-05_23:10:33:067 - Simulation 1 out of 10 done
2020-06-05_23:10:59:329 - Simulation 2 out of 10 done
2020-06-05_23:11:25:859 - Simulation 3 out of 10 done
2020-06-05_23:11:52:320 - Simulation 4 out of 10 done
2020-06-05_23:12:17:762 - Simulation 5 out of 10 done
2020-06-05_23:12:44:149 - Simulation 6 out of 10 done
2020-06-05_23:13:10:585 - Simulation 7 out of 10 done
2020-06-05_23:13:37:176 - Simulation 8 out of 10 done
2020-06-05_23:14:03:918 - Simulation 9 out of 10 done
2020-06-05_23:14:30:615 - Simulation 10 out of 10 done
2020-06-05_23:14:30:632 - # SLN_2_0.8_0.3_0.3
2020-06-05_23:14:30:898 - Network read
2020-06-05_23:14:35:111 - Simulation 1 out of 10 done
2020-06-05_23:14:39:266 - Simulation 2 out of 10 done
2020-06-05_23:14:43:448 - Simulation 3 out of 10 done
2020-06-05_23:14:47:612 - Simulation 4 out of 10 done
2020-06-05_23:14:51:762 - Simulation 5 out of 10 done
2020-06-05_23:14:55:923 - Simulation 6 out of 10 done
2020-06-05_23:15:00:089 - Simulation 7 out of 10 done
2020-06-05_23:15:04:257 - Simulation 8 out of 10 done
2020-06-05_23:15:08:438 - Simulation 9 out of 10 done
2020-06-05_23:15:12:622 - Simulation 10 out of 10 done
2020-06-05_23:15:12:636 - # SLN_2_0.3_0.8_0.8
2020-06-05_23:15:12:941 - Network read
2020-06-05_23:15:17:122 - Simulation 1 out of 10 done
2020-06-05_23:15:21:300 - Simulation 2 out of 10 done
2020-06-05_23:15:25:478 - Simulation 3 out of 10 done
2020-06-05_23:15:29:674 - Simulation 4 out of 10 done
2020-06-05_23:15:33:891 - Simulation 5 out of 10 done
2020-06-05_23:15:38:120 - Simulation 6 out of 10 done
2020-06-05_23:15:42:335 - Simulation 7 out of 10 done
2020-06-05_23:15:46:552 - Simulation 8 out of 10 done
2020-06-05_23:15:50:738 - Simulation 9 out of 10 done
2020-06-05_23:15:54:992 - Simulation 10 out of 10 done
2020-06-05_23:15:55:006 - # DLN_2_0.3_0.8_0.3
2020-06-05_23:15:55:601 - Network read
2020-06-05_23:16:22:574 - Simulation 1 out of 10 done
2020-06-05_23:16:49:439 - Simulation 2 out of 10 done
2020-06-05_23:17:16:835 - Simulation 3 out of 10 done
2020-06-05_23:17:44:281 - Simulation 4 out of 10 done
2020-06-05_23:18:11:474 - Simulation 5 out of 10 done
2020-06-05_23:18:38:468 - Simulation 6 out of 10 done
2020-06-05_23:19:05:149 - Simulation 7 out of 10 done
2020-06-05_23:19:31:895 - Simulation 8 out of 10 done
2020-06-05_23:19:58:241 - Simulation 9 out of 10 done
2020-06-05_23:20:24:733 - Simulation 10 out of 10 done
2020-06-05_23:20:24:745 - # DLN_2_0.3_0.3_0.8
2020-06-05_23:20:25:200 - Network read
2020-06-05_23:20:51:684 - Simulation 1 out of 10 done
2020-06-05_23:21:18:754 - Simulation 2 out of 10 done
2020-06-05_23:21:45:172 - Simulation 3 out of 10 done
2020-06-05_23:22:11:608 - Simulation 4 out of 10 done
2020-06-05_23:22:38:074 - Simulation 5 out of 10 done
2020-06-05_23:23:04:257 - Simulation 6 out of 10 done
2020-06-05_23:23:30:594 - Simulation 7 out of 10 done
2020-06-05_23:23:56:833 - Simulation 8 out of 10 done
2020-06-05_23:24:23:108 - Simulation 9 out of 10 done
2020-06-05_23:24:49:316 - Simulation 10 out of 10 done
2020-06-05_23:24:49:333 - # SLN_2_0.3_0.8_0.3
2020-06-05_23:24:49:593 - Network read
2020-06-05_23:24:53:712 - Simulation 1 out of 10 done
2020-06-05_23:24:57:796 - Simulation 2 out of 10 done
2020-06-05_23:25:01:917 - Simulation 3 out of 10 done
2020-06-05_23:25:06:014 - Simulation 4 out of 10 done
2020-06-05_23:25:10:116 - Simulation 5 out of 10 done
2020-06-05_23:25:14:232 - Simulation 6 out of 10 done
2020-06-05_23:25:18:333 - Simulation 7 out of 10 done
2020-06-05_23:25:22:417 - Simulation 8 out of 10 done
2020-06-05_23:25:26:491 - Simulation 9 out of 10 done
2020-06-05_23:25:30:599 - Simulation 10 out of 10 done
2020-06-05_23:25:30:605 - # SLN_2_0.8_0.3_0.8
2020-06-05_23:25:30:788 - Network read
2020-06-05_23:25:34:877 - Simulation 1 out of 10 done
2020-06-05_23:25:38:987 - Simulation 2 out of 10 done
2020-06-05_23:25:43:076 - Simulation 3 out of 10 done
2020-06-05_23:25:47:145 - Simulation 4 out of 10 done
2020-06-05_23:25:51:261 - Simulation 5 out of 10 done
2020-06-05_23:25:55:347 - Simulation 6 out of 10 done
2020-06-05_23:25:59:434 - Simulation 7 out of 10 done
2020-06-05_23:26:03:500 - Simulation 8 out of 10 done
2020-06-05_23:26:07:606 - Simulation 9 out of 10 done
2020-06-05_23:26:11:650 - Simulation 10 out of 10 done
2020-06-05_23:26:11:659 - # DLN_2_0.3_0.8_0.8
2020-06-05_23:26:12:071 - Network read
2020-06-05_23:26:37:975 - Simulation 1 out of 10 done
2020-06-05_23:27:03:868 - Simulation 2 out of 10 done
2020-06-05_23:27:29:983 - Simulation 3 out of 10 done
2020-06-05_23:27:56:501 - Simulation 4 out of 10 done
2020-06-05_23:28:22:677 - Simulation 5 out of 10 done
2020-06-05_23:28:48:816 - Simulation 6 out of 10 done
2020-06-05_23:29:14:636 - Simulation 7 out of 10 done
2020-06-05_23:29:40:614 - Simulation 8 out of 10 done
2020-06-05_23:30:07:026 - Simulation 9 out of 10 done
2020-06-05_23:30:32:977 - Simulation 10 out of 10 done
2020-06-05_23:30:32:991 - # DLN_2_0.8_0.8_0.8
2020-06-05_23:30:33:322 - Network read
2020-06-05_23:30:58:922 - Simulation 1 out of 10 done
2020-06-05_23:31:24:708 - Simulation 2 out of 10 done
2020-06-05_23:31:50:523 - Simulation 3 out of 10 done
2020-06-05_23:32:16:676 - Simulation 4 out of 10 done
2020-06-05_23:32:42:591 - Simulation 5 out of 10 done
2020-06-05_23:33:08:198 - Simulation 6 out of 10 done
2020-06-05_23:33:33:747 - Simulation 7 out of 10 done
2020-06-05_23:33:59:606 - Simulation 8 out of 10 done
2020-06-05_23:34:24:953 - Simulation 9 out of 10 done
2020-06-05_23:34:50:401 - Simulation 10 out of 10 done
2020-06-05_23:34:50:418 - # SLN_2_0.8_0.8_0.3
2020-06-05_23:34:50:620 - Network read
2020-06-05_23:34:54:641 - Simulation 1 out of 10 done
2020-06-05_23:34:58:651 - Simulation 2 out of 10 done
2020-06-05_23:35:02:644 - Simulation 3 out of 10 done
2020-06-05_23:35:06:663 - Simulation 4 out of 10 done
2020-06-05_23:35:10:648 - Simulation 5 out of 10 done
2020-06-05_23:35:14:651 - Simulation 6 out of 10 done
2020-06-05_23:35:18:654 - Simulation 7 out of 10 done
2020-06-05_23:35:22:728 - Simulation 8 out of 10 done
2020-06-05_23:35:26:759 - Simulation 9 out of 10 done
2020-06-05_23:35:30:810 - Simulation 10 out of 10 done
2020-06-05_23:35:30:819 - # DLN_2_0.3_0.3_0.3
2020-06-05_23:35:31:252 - Network read
2020-06-05_23:35:56:958 - Simulation 1 out of 10 done
2020-06-05_23:36:22:617 - Simulation 2 out of 10 done
2020-06-05_23:36:47:901 - Simulation 3 out of 10 done
2020-06-05_23:37:13:219 - Simulation 4 out of 10 done
2020-06-05_23:37:38:603 - Simulation 5 out of 10 done
2020-06-05_23:38:03:778 - Simulation 6 out of 10 done
2020-06-05_23:38:29:141 - Simulation 7 out of 10 done
2020-06-05_23:38:54:140 - Simulation 8 out of 10 done
2020-06-05_23:39:19:006 - Simulation 9 out of 10 done
2020-06-05_23:39:43:835 - Simulation 10 out of 10 done
2020-06-05_23:39:43:846 - # DLN_2_0.8_0.3_0.3
2020-06-05_23:39:44:192 - Network read
2020-06-05_23:40:09:699 - Simulation 1 out of 10 done
2020-06-05_23:40:34:894 - Simulation 2 out of 10 done
2020-06-05_23:41:00:344 - Simulation 3 out of 10 done
2020-06-05_23:41:25:763 - Simulation 4 out of 10 done
2020-06-05_23:41:50:859 - Simulation 5 out of 10 done
2020-06-05_23:42:16:625 - Simulation 6 out of 10 done
2020-06-05_23:42:42:392 - Simulation 7 out of 10 done
2020-06-05_23:43:08:314 - Simulation 8 out of 10 done
2020-06-05_23:43:34:622 - Simulation 9 out of 10 done
2020-06-05_23:44:00:572 - Simulation 10 out of 10 done
2020-06-05_23:44:00:586 - # SLN_2_0.3_0.3_0.8
2020-06-05_23:44:00:796 - Network read
2020-06-05_23:44:04:863 - Simulation 1 out of 10 done
2020-06-05_23:44:08:924 - Simulation 2 out of 10 done
2020-06-05_23:44:13:039 - Simulation 3 out of 10 done
2020-06-05_23:44:17:068 - Simulation 4 out of 10 done
2020-06-05_23:44:21:125 - Simulation 5 out of 10 done
2020-06-05_23:44:25:136 - Simulation 6 out of 10 done
2020-06-05_23:44:29:124 - Simulation 7 out of 10 done
2020-06-05_23:44:33:089 - Simulation 8 out of 10 done
2020-06-05_23:44:37:070 - Simulation 9 out of 10 done
2020-06-05_23:44:41:068 - Simulation 10 out of 10 done
2020-06-05_23:44:41:076 - # drosophila_genetic_multiplex
2020-06-05_23:44:41:080 - Network read
2020-06-05_23:44:41:147 - Simulation 1 out of 10 done
2020-06-05_23:44:41:214 - Simulation 2 out of 10 done
2020-06-05_23:44:41:282 - Simulation 3 out of 10 done
2020-06-05_23:44:41:350 - Simulation 4 out of 10 done
2020-06-05_23:44:41:418 - Simulation 5 out of 10 done
2020-06-05_23:44:41:486 - Simulation 6 out of 10 done
2020-06-05_23:44:41:554 - Simulation 7 out of 10 done
2020-06-05_23:44:41:622 - Simulation 8 out of 10 done
2020-06-05_23:44:41:689 - Simulation 9 out of 10 done
2020-06-05_23:44:41:757 - Simulation 10 out of 10 done
2020-06-05_23:44:41:757 - # NYClimateMarch2014_multiplex
2020-06-05_23:44:41:784 - Network read
2020-06-05_23:44:42:415 - Simulation 1 out of 10 done
2020-06-05_23:44:43:039 - Simulation 2 out of 10 done
2020-06-05_23:44:43:663 - Simulation 3 out of 10 done
2020-06-05_23:44:44:296 - Simulation 4 out of 10 done
2020-06-05_23:44:44:929 - Simulation 5 out of 10 done
2020-06-05_23:44:45:564 - Simulation 6 out of 10 done
2020-06-05_23:44:46:199 - Simulation 7 out of 10 done
2020-06-05_23:44:46:835 - Simulation 8 out of 10 done
2020-06-05_23:44:47:471 - Simulation 9 out of 10 done
2020-06-05_23:44:48:112 - Simulation 10 out of 10 done
2020-06-05_23:44:48:114 - # homo_genetic_multiplex
2020-06-05_23:44:48:152 - Network read
2020-06-05_23:44:48:694 - Simulation 1 out of 10 done
2020-06-05_23:44:49:235 - Simulation 2 out of 10 done
2020-06-05_23:44:49:777 - Simulation 3 out of 10 done
2020-06-05_23:44:50:318 - Simulation 4 out of 10 done
2020-06-05_23:44:50:857 - Simulation 5 out of 10 done
2020-06-05_23:44:51:388 - Simulation 6 out of 10 done
2020-06-05_23:44:51:917 - Simulation 7 out of 10 done
2020-06-05_23:44:52:445 - Simulation 8 out of 10 done
2020-06-05_23:44:52:978 - Simulation 9 out of 10 done
2020-06-05_23:44:53:513 - Simulation 10 out of 10 done
2020-06-05_23:44:53:515 - # MoscowAthletics2013_multiplex
2020-06-05_23:44:53:537 - Network read
2020-06-05_23:44:54:207 - Simulation 1 out of 10 done
2020-06-05_23:44:54:879 - Simulation 2 out of 10 done
2020-06-05_23:44:55:552 - Simulation 3 out of 10 done
2020-06-05_23:44:56:224 - Simulation 4 out of 10 done
2020-06-05_23:44:56:895 - Simulation 5 out of 10 done
2020-06-05_23:44:57:567 - Simulation 6 out of 10 done
2020-06-05_23:44:58:239 - Simulation 7 out of 10 done
2020-06-05_23:44:58:909 - Simulation 8 out of 10 done
2020-06-05_23:44:59:579 - Simulation 9 out of 10 done
2020-06-05_23:45:00:270 - Simulation 10 out of 10 done
2020-06-05_23:45:00:273 - # sacchpomb_genetic_multiplex
2020-06-05_23:45:00:280 - Network read
2020-06-05_23:45:00:315 - Simulation 1 out of 10 done
2020-06-05_23:45:00:350 - Simulation 2 out of 10 done
2020-06-05_23:45:00:385 - Simulation 3 out of 10 done
2020-06-05_23:45:00:419 - Simulation 4 out of 10 done
2020-06-05_23:45:00:453 - Simulation 5 out of 10 done
2020-06-05_23:45:00:488 - Simulation 6 out of 10 done
2020-06-05_23:45:00:526 - Simulation 7 out of 10 done
2020-06-05_23:45:00:562 - Simulation 8 out of 10 done
2020-06-05_23:45:00:596 - Simulation 9 out of 10 done
2020-06-05_23:45:00:630 - Simulation 10 out of 10 done
2020-06-05_23:45:00:630 - # sacchcere_genetic_multiplex
2020-06-05_23:45:00:716 - Network read
2020-06-05_23:45:01:122 - Simulation 1 out of 10 done
2020-06-05_23:45:01:524 - Simulation 2 out of 10 done
2020-06-05_23:45:01:918 - Simulation 3 out of 10 done
2020-06-05_23:45:02:308 - Simulation 4 out of 10 done
2020-06-05_23:45:02:699 - Simulation 5 out of 10 done
2020-06-05_23:45:03:097 - Simulation 6 out of 10 done
2020-06-05_23:45:03:505 - Simulation 7 out of 10 done
2020-06-05_23:45:03:908 - Simulation 8 out of 10 done
2020-06-05_23:45:04:307 - Simulation 9 out of 10 done
2020-06-05_23:45:04:712 - Simulation 10 out of 10 done
