2020-06-23_19:54:07:694 - # SLN_2_0.3_0.3_0.3
2020-06-23_19:54:07:932 - Network read
2020-06-23_19:54:07:932 - inter_layer_ep : 0.014978
2020-06-23_19:54:07:932 - intra_layer_eps:
2020-06-23_19:54:07:932 - 0.115358
2020-06-23_19:54:07:932 - 0.091253
2020-06-23_19:54:07:932 - 0.101657
2020-06-23_19:54:07:932 - 0.061557
2020-06-23_19:54:07:932 - > 1.2ii1.0ij
2020-06-23_19:54:11:743 - Simulation 1 out of 5 done
2020-06-23_19:54:15:553 - Simulation 2 out of 5 done
2020-06-23_19:54:19:352 - Simulation 3 out of 5 done
2020-06-23_19:54:23:204 - Simulation 4 out of 5 done
2020-06-23_19:54:27:046 - Simulation 5 out of 5 done
2020-06-23_19:54:27:046 - > 1.4ii1.0ij
2020-06-23_19:54:30:926 - Simulation 1 out of 5 done
2020-06-23_19:54:34:900 - Simulation 2 out of 5 done
2020-06-23_19:54:38:869 - Simulation 3 out of 5 done
2020-06-23_19:54:42:885 - Simulation 4 out of 5 done
2020-06-23_19:54:46:853 - Simulation 5 out of 5 done
2020-06-23_19:54:46:853 - > 1.6ii1.0ij
2020-06-23_19:54:50:984 - Simulation 1 out of 5 done
2020-06-23_19:54:55:126 - Simulation 2 out of 5 done
2020-06-23_19:54:59:330 - Simulation 3 out of 5 done
2020-06-23_19:55:03:560 - Simulation 4 out of 5 done
2020-06-23_19:55:07:613 - Simulation 5 out of 5 done
2020-06-23_19:55:07:613 - > 1.0ii1.2ij
2020-06-23_19:55:11:622 - Simulation 1 out of 5 done
2020-06-23_19:55:16:005 - Simulation 2 out of 5 done
2020-06-23_19:55:20:191 - Simulation 3 out of 5 done
2020-06-23_19:55:24:279 - Simulation 4 out of 5 done
2020-06-23_19:55:28:383 - Simulation 5 out of 5 done
2020-06-23_19:55:28:383 - > 1.0ii1.4ij
2020-06-23_19:55:32:540 - Simulation 1 out of 5 done
2020-06-23_19:55:36:908 - Simulation 2 out of 5 done
2020-06-23_19:55:41:365 - Simulation 3 out of 5 done
2020-06-23_19:55:45:818 - Simulation 4 out of 5 done
2020-06-23_19:55:50:315 - Simulation 5 out of 5 done
2020-06-23_19:55:50:315 - > 1.0ii1.6ij
2020-06-23_19:55:55:418 - Simulation 1 out of 5 done
2020-06-23_19:55:59:855 - Simulation 2 out of 5 done
2020-06-23_19:56:04:231 - Simulation 3 out of 5 done
2020-06-23_19:56:08:478 - Simulation 4 out of 5 done
2020-06-23_19:56:12:897 - Simulation 5 out of 5 done
2020-06-23_19:56:12:906 - # SLN_2_0.8_0.8_0.8
2020-06-23_19:56:13:128 - Network read
2020-06-23_19:56:13:128 - inter_layer_ep : 0.004825
2020-06-23_19:56:13:128 - intra_layer_eps:
2020-06-23_19:56:13:128 - 0.115358
2020-06-23_19:56:13:128 - 0.091253
2020-06-23_19:56:13:128 - 0.101657
2020-06-23_19:56:13:128 - 0.061557
2020-06-23_19:56:13:128 - > 1.2ii1.0ij
2020-06-23_19:56:17:419 - Simulation 1 out of 5 done
2020-06-23_19:56:21:715 - Simulation 2 out of 5 done
2020-06-23_19:56:26:013 - Simulation 3 out of 5 done
2020-06-23_19:56:30:282 - Simulation 4 out of 5 done
2020-06-23_19:56:34:540 - Simulation 5 out of 5 done
2020-06-23_19:56:34:540 - > 1.4ii1.0ij
2020-06-23_19:56:38:935 - Simulation 1 out of 5 done
2020-06-23_19:56:43:563 - Simulation 2 out of 5 done
2020-06-23_19:56:48:050 - Simulation 3 out of 5 done
2020-06-23_19:56:52:500 - Simulation 4 out of 5 done
2020-06-23_19:56:56:967 - Simulation 5 out of 5 done
2020-06-23_19:56:56:967 - > 1.6ii1.0ij
2020-06-23_19:57:01:391 - Simulation 1 out of 5 done
2020-06-23_19:57:05:942 - Simulation 2 out of 5 done
2020-06-23_19:57:10:564 - Simulation 3 out of 5 done
2020-06-23_19:57:15:114 - Simulation 4 out of 5 done
2020-06-23_19:57:19:606 - Simulation 5 out of 5 done
2020-06-23_19:57:19:606 - > 1.0ii1.2ij
2020-06-23_19:57:24:098 - Simulation 1 out of 5 done
2020-06-23_19:57:28:586 - Simulation 2 out of 5 done
2020-06-23_19:57:33:081 - Simulation 3 out of 5 done
2020-06-23_19:57:37:659 - Simulation 4 out of 5 done
2020-06-23_19:57:42:174 - Simulation 5 out of 5 done
2020-06-23_19:57:42:174 - > 1.0ii1.4ij
2020-06-23_19:57:46:613 - Simulation 1 out of 5 done
2020-06-23_19:57:50:976 - Simulation 2 out of 5 done
2020-06-23_19:57:55:351 - Simulation 3 out of 5 done
2020-06-23_19:57:59:726 - Simulation 4 out of 5 done
2020-06-23_19:58:04:182 - Simulation 5 out of 5 done
2020-06-23_19:58:04:182 - > 1.0ii1.6ij
2020-06-23_19:58:08:692 - Simulation 1 out of 5 done
2020-06-23_19:58:13:078 - Simulation 2 out of 5 done
2020-06-23_19:58:17:296 - Simulation 3 out of 5 done
2020-06-23_19:58:21:594 - Simulation 4 out of 5 done
2020-06-23_19:58:25:993 - Simulation 5 out of 5 done
2020-06-23_19:58:26:005 - # DLN_2_0.8_0.3_0.8
2020-06-23_19:58:26:491 - Network read
2020-06-23_19:58:26:491 - inter_layer_ep : 0.003588
2020-06-23_19:58:26:491 - intra_layer_eps:
2020-06-23_19:58:26:491 - 0.011954
2020-06-23_19:58:26:491 - 0.007273
2020-06-23_19:58:26:491 - 0.115358
2020-06-23_19:58:26:491 - > 1.2ii1.0ij
2020-06-23_19:58:57:551 - Simulation 1 out of 5 done
2020-06-23_19:59:27:161 - Simulation 2 out of 5 done
2020-06-23_19:59:54:769 - Simulation 3 out of 5 done
2020-06-23_20:00:22:791 - Simulation 4 out of 5 done
2020-06-23_20:00:50:253 - Simulation 5 out of 5 done
2020-06-23_20:00:50:253 - > 1.4ii1.0ij
2020-06-23_20:01:17:380 - Simulation 1 out of 5 done
2020-06-23_20:01:44:719 - Simulation 2 out of 5 done
2020-06-23_20:02:11:735 - Simulation 3 out of 5 done
2020-06-23_20:02:39:714 - Simulation 4 out of 5 done
2020-06-23_20:03:09:444 - Simulation 5 out of 5 done
2020-06-23_20:03:09:444 - > 1.6ii1.0ij
2020-06-23_20:03:38:309 - Simulation 1 out of 5 done
2020-06-23_20:04:06:912 - Simulation 2 out of 5 done
2020-06-23_20:04:35:474 - Simulation 3 out of 5 done
2020-06-23_20:05:04:296 - Simulation 4 out of 5 done
2020-06-23_20:05:32:465 - Simulation 5 out of 5 done
2020-06-23_20:05:32:465 - > 1.0ii1.2ij
2020-06-23_20:06:01:157 - Simulation 1 out of 5 done
2020-06-23_20:06:29:547 - Simulation 2 out of 5 done
2020-06-23_20:06:57:347 - Simulation 3 out of 5 done
2020-06-23_20:07:24:152 - Simulation 4 out of 5 done
2020-06-23_20:07:50:545 - Simulation 5 out of 5 done
2020-06-23_20:07:50:545 - > 1.0ii1.4ij
2020-06-23_20:08:17:350 - Simulation 1 out of 5 done
2020-06-23_20:08:44:245 - Simulation 2 out of 5 done
2020-06-23_20:09:11:757 - Simulation 3 out of 5 done
2020-06-23_20:09:39:076 - Simulation 4 out of 5 done
2020-06-23_20:10:06:741 - Simulation 5 out of 5 done
2020-06-23_20:10:06:741 - > 1.0ii1.6ij
2020-06-23_20:10:34:430 - Simulation 1 out of 5 done
2020-06-23_20:11:02:310 - Simulation 2 out of 5 done
2020-06-23_20:11:28:893 - Simulation 3 out of 5 done
2020-06-23_20:11:55:162 - Simulation 4 out of 5 done
2020-06-23_20:12:21:321 - Simulation 5 out of 5 done
2020-06-23_20:12:21:335 - # DLN_2_0.8_0.8_0.3
2020-06-23_20:12:21:705 - Network read
2020-06-23_20:12:21:705 - inter_layer_ep : 0.007517
2020-06-23_20:12:21:705 - intra_layer_eps:
2020-06-23_20:12:21:705 - 0.011954
2020-06-23_20:12:21:705 - 0.007273
2020-06-23_20:12:21:705 - 0.115358
2020-06-23_20:12:21:705 - > 1.2ii1.0ij
2020-06-23_20:12:47:697 - Simulation 1 out of 5 done
2020-06-23_20:13:13:595 - Simulation 2 out of 5 done
2020-06-23_20:13:39:524 - Simulation 3 out of 5 done
2020-06-23_20:14:05:394 - Simulation 4 out of 5 done
2020-06-23_20:14:31:225 - Simulation 5 out of 5 done
2020-06-23_20:14:31:225 - > 1.4ii1.0ij
2020-06-23_20:14:57:087 - Simulation 1 out of 5 done
2020-06-23_20:15:24:377 - Simulation 2 out of 5 done
2020-06-23_20:15:53:519 - Simulation 3 out of 5 done
2020-06-23_20:16:21:656 - Simulation 4 out of 5 done
2020-06-23_20:16:49:831 - Simulation 5 out of 5 done
2020-06-23_20:16:49:831 - > 1.6ii1.0ij
2020-06-23_20:17:17:803 - Simulation 1 out of 5 done
2020-06-23_20:17:46:744 - Simulation 2 out of 5 done
2020-06-23_20:18:15:214 - Simulation 3 out of 5 done
2020-06-23_20:18:43:628 - Simulation 4 out of 5 done
2020-06-23_20:19:12:179 - Simulation 5 out of 5 done
2020-06-23_20:19:12:179 - > 1.0ii1.2ij
2020-06-23_20:19:40:649 - Simulation 1 out of 5 done
2020-06-23_20:20:09:104 - Simulation 2 out of 5 done
2020-06-23_20:20:37:566 - Simulation 3 out of 5 done
2020-06-23_20:21:06:159 - Simulation 4 out of 5 done
2020-06-23_20:21:34:757 - Simulation 5 out of 5 done
2020-06-23_20:21:34:757 - > 1.0ii1.4ij
2020-06-23_20:22:03:204 - Simulation 1 out of 5 done
2020-06-23_20:22:31:514 - Simulation 2 out of 5 done
2020-06-23_20:22:59:906 - Simulation 3 out of 5 done
2020-06-23_20:23:28:443 - Simulation 4 out of 5 done
2020-06-23_20:23:56:848 - Simulation 5 out of 5 done
2020-06-23_20:23:56:848 - > 1.0ii1.6ij
2020-06-23_20:24:25:263 - Simulation 1 out of 5 done
2020-06-23_20:24:53:863 - Simulation 2 out of 5 done
2020-06-23_20:25:21:267 - Simulation 3 out of 5 done
2020-06-23_20:25:48:902 - Simulation 4 out of 5 done
2020-06-23_20:26:17:169 - Simulation 5 out of 5 done
2020-06-23_20:26:17:185 - # SLN_2_0.8_0.3_0.3
2020-06-23_20:26:17:400 - Network read
2020-06-23_20:26:17:400 - inter_layer_ep : 0.019784
2020-06-23_20:26:17:400 - intra_layer_eps:
2020-06-23_20:26:17:400 - 0.115358
2020-06-23_20:26:17:400 - 0.091253
2020-06-23_20:26:17:400 - 0.101657
2020-06-23_20:26:17:400 - 0.061557
2020-06-23_20:26:17:400 - > 1.2ii1.0ij
2020-06-23_20:26:21:852 - Simulation 1 out of 5 done
2020-06-23_20:26:26:325 - Simulation 2 out of 5 done
2020-06-23_20:26:30:778 - Simulation 3 out of 5 done
2020-06-23_20:26:35:181 - Simulation 4 out of 5 done
2020-06-23_20:26:39:641 - Simulation 5 out of 5 done
2020-06-23_20:26:39:641 - > 1.4ii1.0ij
2020-06-23_20:26:44:108 - Simulation 1 out of 5 done
2020-06-23_20:26:48:569 - Simulation 2 out of 5 done
2020-06-23_20:26:53:020 - Simulation 3 out of 5 done
2020-06-23_20:26:57:520 - Simulation 4 out of 5 done
2020-06-23_20:27:01:980 - Simulation 5 out of 5 done
2020-06-23_20:27:01:980 - > 1.6ii1.0ij
2020-06-23_20:27:06:506 - Simulation 1 out of 5 done
2020-06-23_20:27:11:022 - Simulation 2 out of 5 done
2020-06-23_20:27:15:534 - Simulation 3 out of 5 done
2020-06-23_20:27:20:037 - Simulation 4 out of 5 done
2020-06-23_20:27:24:570 - Simulation 5 out of 5 done
2020-06-23_20:27:24:570 - > 1.0ii1.2ij
2020-06-23_20:27:28:998 - Simulation 1 out of 5 done
2020-06-23_20:27:33:374 - Simulation 2 out of 5 done
2020-06-23_20:27:37:761 - Simulation 3 out of 5 done
2020-06-23_20:27:42:168 - Simulation 4 out of 5 done
2020-06-23_20:27:46:597 - Simulation 5 out of 5 done
2020-06-23_20:27:46:598 - > 1.0ii1.4ij
2020-06-23_20:27:51:022 - Simulation 1 out of 5 done
2020-06-23_20:27:55:440 - Simulation 2 out of 5 done
2020-06-23_20:27:59:850 - Simulation 3 out of 5 done
2020-06-23_20:28:04:291 - Simulation 4 out of 5 done
2020-06-23_20:28:08:689 - Simulation 5 out of 5 done
2020-06-23_20:28:08:689 - > 1.0ii1.6ij
2020-06-23_20:28:13:067 - Simulation 1 out of 5 done
2020-06-23_20:28:17:481 - Simulation 2 out of 5 done
2020-06-23_20:28:21:905 - Simulation 3 out of 5 done
2020-06-23_20:28:26:342 - Simulation 4 out of 5 done
2020-06-23_20:28:30:781 - Simulation 5 out of 5 done
2020-06-23_20:28:30:791 - # SLN_2_0.3_0.8_0.8
2020-06-23_20:28:31:041 - Network read
2020-06-23_20:28:31:041 - inter_layer_ep : 0.003235
2020-06-23_20:28:31:041 - intra_layer_eps:
2020-06-23_20:28:31:041 - 0.115358
2020-06-23_20:28:31:041 - 0.091253
2020-06-23_20:28:31:041 - 0.101657
2020-06-23_20:28:31:041 - 0.061557
2020-06-23_20:28:31:041 - > 1.2ii1.0ij
2020-06-23_20:28:35:426 - Simulation 1 out of 5 done
2020-06-23_20:28:39:834 - Simulation 2 out of 5 done
2020-06-23_20:28:44:261 - Simulation 3 out of 5 done
2020-06-23_20:28:48:647 - Simulation 4 out of 5 done
2020-06-23_20:28:53:081 - Simulation 5 out of 5 done
2020-06-23_20:28:53:081 - > 1.4ii1.0ij
2020-06-23_20:28:57:529 - Simulation 1 out of 5 done
2020-06-23_20:29:01:946 - Simulation 2 out of 5 done
2020-06-23_20:29:06:349 - Simulation 3 out of 5 done
2020-06-23_20:29:10:756 - Simulation 4 out of 5 done
2020-06-23_20:29:15:156 - Simulation 5 out of 5 done
2020-06-23_20:29:15:156 - > 1.6ii1.0ij
2020-06-23_20:29:19:597 - Simulation 1 out of 5 done
2020-06-23_20:29:24:040 - Simulation 2 out of 5 done
2020-06-23_20:29:28:459 - Simulation 3 out of 5 done
2020-06-23_20:29:32:879 - Simulation 4 out of 5 done
2020-06-23_20:29:37:324 - Simulation 5 out of 5 done
2020-06-23_20:29:37:324 - > 1.0ii1.2ij
2020-06-23_20:29:41:710 - Simulation 1 out of 5 done
2020-06-23_20:29:46:098 - Simulation 2 out of 5 done
2020-06-23_20:29:50:505 - Simulation 3 out of 5 done
2020-06-23_20:29:54:899 - Simulation 4 out of 5 done
2020-06-23_20:29:59:317 - Simulation 5 out of 5 done
2020-06-23_20:29:59:317 - > 1.0ii1.4ij
2020-06-23_20:30:03:703 - Simulation 1 out of 5 done
2020-06-23_20:30:08:084 - Simulation 2 out of 5 done
2020-06-23_20:30:12:461 - Simulation 3 out of 5 done
2020-06-23_20:30:16:842 - Simulation 4 out of 5 done
2020-06-23_20:30:21:224 - Simulation 5 out of 5 done
2020-06-23_20:30:21:224 - > 1.0ii1.6ij
2020-06-23_20:30:25:631 - Simulation 1 out of 5 done
2020-06-23_20:30:29:996 - Simulation 2 out of 5 done
2020-06-23_20:30:34:364 - Simulation 3 out of 5 done
2020-06-23_20:30:38:763 - Simulation 4 out of 5 done
2020-06-23_20:30:43:160 - Simulation 5 out of 5 done
2020-06-23_20:30:43:174 - # DLN_2_0.3_0.8_0.3
2020-06-23_20:30:43:745 - Network read
2020-06-23_20:30:43:745 - inter_layer_ep : 0.007302
2020-06-23_20:30:43:745 - intra_layer_eps:
2020-06-23_20:30:43:745 - 0.011954
2020-06-23_20:30:43:745 - 0.007273
2020-06-23_20:30:43:745 - 0.115358
2020-06-23_20:30:43:745 - > 1.2ii1.0ij
2020-06-23_20:31:12:204 - Simulation 1 out of 5 done
2020-06-23_20:31:40:772 - Simulation 2 out of 5 done
2020-06-23_20:32:09:126 - Simulation 3 out of 5 done
2020-06-23_20:32:37:432 - Simulation 4 out of 5 done
2020-06-23_20:33:04:809 - Simulation 5 out of 5 done
2020-06-23_20:33:04:809 - > 1.4ii1.0ij
2020-06-23_20:33:31:561 - Simulation 1 out of 5 done
2020-06-23_20:33:58:651 - Simulation 2 out of 5 done
2020-06-23_20:34:26:075 - Simulation 3 out of 5 done
2020-06-23_20:34:53:817 - Simulation 4 out of 5 done
2020-06-23_20:35:21:298 - Simulation 5 out of 5 done
2020-06-23_20:35:21:298 - > 1.6ii1.0ij
2020-06-23_20:35:50:059 - Simulation 1 out of 5 done
2020-06-23_20:36:18:903 - Simulation 2 out of 5 done
2020-06-23_20:36:47:518 - Simulation 3 out of 5 done
2020-06-23_20:37:14:617 - Simulation 4 out of 5 done
2020-06-23_20:37:41:531 - Simulation 5 out of 5 done
2020-06-23_20:37:41:531 - > 1.0ii1.2ij
2020-06-23_20:38:07:855 - Simulation 1 out of 5 done
2020-06-23_20:38:33:877 - Simulation 2 out of 5 done
2020-06-23_20:39:00:227 - Simulation 3 out of 5 done
2020-06-23_20:39:26:805 - Simulation 4 out of 5 done
2020-06-23_20:39:53:100 - Simulation 5 out of 5 done
2020-06-23_20:39:53:100 - > 1.0ii1.4ij
2020-06-23_20:40:19:221 - Simulation 1 out of 5 done
2020-06-23_20:40:45:133 - Simulation 2 out of 5 done
2020-06-23_20:41:10:946 - Simulation 3 out of 5 done
2020-06-23_20:41:36:694 - Simulation 4 out of 5 done
2020-06-23_20:42:02:423 - Simulation 5 out of 5 done
2020-06-23_20:42:02:423 - > 1.0ii1.6ij
2020-06-23_20:42:28:149 - Simulation 1 out of 5 done
2020-06-23_20:42:53:824 - Simulation 2 out of 5 done
2020-06-23_20:43:19:557 - Simulation 3 out of 5 done
2020-06-23_20:43:45:239 - Simulation 4 out of 5 done
2020-06-23_20:44:10:962 - Simulation 5 out of 5 done
2020-06-23_20:44:10:974 - # DLN_2_0.3_0.3_0.8
2020-06-23_20:44:11:385 - Network read
2020-06-23_20:44:11:385 - inter_layer_ep : 0.002539
2020-06-23_20:44:11:385 - intra_layer_eps:
2020-06-23_20:44:11:385 - 0.011954
2020-06-23_20:44:11:385 - 0.007273
2020-06-23_20:44:11:385 - 0.115358
2020-06-23_20:44:11:385 - > 1.2ii1.0ij
2020-06-23_20:44:37:183 - Simulation 1 out of 5 done
2020-06-23_20:45:02:963 - Simulation 2 out of 5 done
2020-06-23_20:45:28:713 - Simulation 3 out of 5 done
2020-06-23_20:45:54:506 - Simulation 4 out of 5 done
2020-06-23_20:46:20:283 - Simulation 5 out of 5 done
2020-06-23_20:46:20:283 - > 1.4ii1.0ij
2020-06-23_20:46:46:060 - Simulation 1 out of 5 done
2020-06-23_20:47:11:803 - Simulation 2 out of 5 done
2020-06-23_20:47:37:633 - Simulation 3 out of 5 done
2020-06-23_20:48:03:491 - Simulation 4 out of 5 done
2020-06-23_20:48:29:411 - Simulation 5 out of 5 done
2020-06-23_20:48:29:411 - > 1.6ii1.0ij
2020-06-23_20:48:55:283 - Simulation 1 out of 5 done
2020-06-23_20:49:21:071 - Simulation 2 out of 5 done
2020-06-23_20:49:46:914 - Simulation 3 out of 5 done
2020-06-23_20:50:12:755 - Simulation 4 out of 5 done
2020-06-23_20:50:38:619 - Simulation 5 out of 5 done
2020-06-23_20:50:38:619 - > 1.0ii1.2ij
2020-06-23_20:51:04:489 - Simulation 1 out of 5 done
2020-06-23_20:51:30:347 - Simulation 2 out of 5 done
2020-06-23_20:51:56:203 - Simulation 3 out of 5 done
2020-06-23_20:52:22:078 - Simulation 4 out of 5 done
2020-06-23_20:52:47:970 - Simulation 5 out of 5 done
2020-06-23_20:52:47:970 - > 1.0ii1.4ij
2020-06-23_20:53:13:851 - Simulation 1 out of 5 done
2020-06-23_20:53:39:705 - Simulation 2 out of 5 done
2020-06-23_20:54:05:516 - Simulation 3 out of 5 done
2020-06-23_20:54:31:357 - Simulation 4 out of 5 done
2020-06-23_20:54:57:237 - Simulation 5 out of 5 done
2020-06-23_20:54:57:237 - > 1.0ii1.6ij
2020-06-23_20:55:23:118 - Simulation 1 out of 5 done
2020-06-23_20:55:48:958 - Simulation 2 out of 5 done
2020-06-23_20:56:14:807 - Simulation 3 out of 5 done
2020-06-23_20:56:40:631 - Simulation 4 out of 5 done
2020-06-23_20:57:06:488 - Simulation 5 out of 5 done
2020-06-23_20:57:06:502 - # SLN_2_0.3_0.8_0.3
2020-06-23_20:57:06:739 - Network read
2020-06-23_20:57:06:739 - inter_layer_ep : 0.014658
2020-06-23_20:57:06:739 - intra_layer_eps:
2020-06-23_20:57:06:739 - 0.115358
2020-06-23_20:57:06:739 - 0.091253
2020-06-23_20:57:06:739 - 0.101657
2020-06-23_20:57:06:739 - 0.061557
2020-06-23_20:57:06:739 - > 1.2ii1.0ij
2020-06-23_20:57:10:802 - Simulation 1 out of 5 done
2020-06-23_20:57:14:867 - Simulation 2 out of 5 done
2020-06-23_20:57:18:930 - Simulation 3 out of 5 done
2020-06-23_20:57:22:989 - Simulation 4 out of 5 done
2020-06-23_20:57:27:060 - Simulation 5 out of 5 done
2020-06-23_20:57:27:060 - > 1.4ii1.0ij
2020-06-23_20:57:31:154 - Simulation 1 out of 5 done
2020-06-23_20:57:35:239 - Simulation 2 out of 5 done
2020-06-23_20:57:39:315 - Simulation 3 out of 5 done
2020-06-23_20:57:43:386 - Simulation 4 out of 5 done
2020-06-23_20:57:47:466 - Simulation 5 out of 5 done
2020-06-23_20:57:47:466 - > 1.6ii1.0ij
2020-06-23_20:57:51:587 - Simulation 1 out of 5 done
2020-06-23_20:57:55:710 - Simulation 2 out of 5 done
2020-06-23_20:57:59:834 - Simulation 3 out of 5 done
2020-06-23_20:58:03:971 - Simulation 4 out of 5 done
2020-06-23_20:58:08:105 - Simulation 5 out of 5 done
2020-06-23_20:58:08:105 - > 1.0ii1.2ij
2020-06-23_20:58:12:156 - Simulation 1 out of 5 done
2020-06-23_20:58:16:216 - Simulation 2 out of 5 done
2020-06-23_20:58:20:257 - Simulation 3 out of 5 done
2020-06-23_20:58:24:302 - Simulation 4 out of 5 done
2020-06-23_20:58:28:348 - Simulation 5 out of 5 done
2020-06-23_20:58:28:348 - > 1.0ii1.4ij
2020-06-23_20:58:32:397 - Simulation 1 out of 5 done
2020-06-23_20:58:36:442 - Simulation 2 out of 5 done
2020-06-23_20:58:40:490 - Simulation 3 out of 5 done
2020-06-23_20:58:44:540 - Simulation 4 out of 5 done
2020-06-23_20:58:48:602 - Simulation 5 out of 5 done
2020-06-23_20:58:48:602 - > 1.0ii1.6ij
2020-06-23_20:58:52:665 - Simulation 1 out of 5 done
2020-06-23_20:58:56:726 - Simulation 2 out of 5 done
2020-06-23_20:59:00:781 - Simulation 3 out of 5 done
2020-06-23_20:59:04:848 - Simulation 4 out of 5 done
2020-06-23_20:59:08:924 - Simulation 5 out of 5 done
2020-06-23_20:59:08:931 - # SLN_2_0.8_0.3_0.8
2020-06-23_20:59:09:114 - Network read
2020-06-23_20:59:09:114 - inter_layer_ep : 0.005358
2020-06-23_20:59:09:114 - intra_layer_eps:
2020-06-23_20:59:09:114 - 0.115358
2020-06-23_20:59:09:114 - 0.091253
2020-06-23_20:59:09:114 - 0.101657
2020-06-23_20:59:09:114 - 0.061557
2020-06-23_20:59:09:114 - > 1.2ii1.0ij
2020-06-23_20:59:13:165 - Simulation 1 out of 5 done
2020-06-23_20:59:17:218 - Simulation 2 out of 5 done
2020-06-23_20:59:21:255 - Simulation 3 out of 5 done
2020-06-23_20:59:25:290 - Simulation 4 out of 5 done
2020-06-23_20:59:29:326 - Simulation 5 out of 5 done
2020-06-23_20:59:29:326 - > 1.4ii1.0ij
2020-06-23_20:59:33:363 - Simulation 1 out of 5 done
2020-06-23_20:59:37:413 - Simulation 2 out of 5 done
2020-06-23_20:59:41:459 - Simulation 3 out of 5 done
2020-06-23_20:59:45:520 - Simulation 4 out of 5 done
2020-06-23_20:59:49:569 - Simulation 5 out of 5 done
2020-06-23_20:59:49:569 - > 1.6ii1.0ij
2020-06-23_20:59:53:653 - Simulation 1 out of 5 done
2020-06-23_20:59:57:711 - Simulation 2 out of 5 done
2020-06-23_21:00:01:768 - Simulation 3 out of 5 done
2020-06-23_21:00:05:840 - Simulation 4 out of 5 done
2020-06-23_21:00:09:920 - Simulation 5 out of 5 done
2020-06-23_21:00:09:920 - > 1.0ii1.2ij
2020-06-23_21:00:13:956 - Simulation 1 out of 5 done
2020-06-23_21:00:17:992 - Simulation 2 out of 5 done
2020-06-23_21:00:22:034 - Simulation 3 out of 5 done
2020-06-23_21:00:26:072 - Simulation 4 out of 5 done
2020-06-23_21:00:30:111 - Simulation 5 out of 5 done
2020-06-23_21:00:30:111 - > 1.0ii1.4ij
2020-06-23_21:00:34:153 - Simulation 1 out of 5 done
2020-06-23_21:00:38:195 - Simulation 2 out of 5 done
2020-06-23_21:00:42:247 - Simulation 3 out of 5 done
2020-06-23_21:00:46:298 - Simulation 4 out of 5 done
2020-06-23_21:00:50:350 - Simulation 5 out of 5 done
2020-06-23_21:00:50:350 - > 1.0ii1.6ij
2020-06-23_21:00:54:405 - Simulation 1 out of 5 done
2020-06-23_21:00:58:442 - Simulation 2 out of 5 done
2020-06-23_21:01:02:484 - Simulation 3 out of 5 done
2020-06-23_21:01:06:514 - Simulation 4 out of 5 done
2020-06-23_21:01:10:553 - Simulation 5 out of 5 done
2020-06-23_21:01:10:560 - # DLN_2_0.3_0.8_0.8
2020-06-23_21:01:10:985 - Network read
2020-06-23_21:01:10:985 - inter_layer_ep : 0.002495
2020-06-23_21:01:10:985 - intra_layer_eps:
2020-06-23_21:01:10:985 - 0.011954
2020-06-23_21:01:10:985 - 0.007273
2020-06-23_21:01:10:985 - 0.115358
2020-06-23_21:01:10:985 - > 1.2ii1.0ij
2020-06-23_21:01:36:765 - Simulation 1 out of 5 done
2020-06-23_21:02:02:560 - Simulation 2 out of 5 done
2020-06-23_21:02:28:397 - Simulation 3 out of 5 done
2020-06-23_21:02:54:226 - Simulation 4 out of 5 done
2020-06-23_21:03:20:060 - Simulation 5 out of 5 done
2020-06-23_21:03:20:060 - > 1.4ii1.0ij
2020-06-23_21:03:45:904 - Simulation 1 out of 5 done
2020-06-23_21:04:11:754 - Simulation 2 out of 5 done
2020-06-23_21:04:37:654 - Simulation 3 out of 5 done
2020-06-23_21:05:03:495 - Simulation 4 out of 5 done
2020-06-23_21:05:29:343 - Simulation 5 out of 5 done
2020-06-23_21:05:29:343 - > 1.6ii1.0ij
2020-06-23_21:05:55:219 - Simulation 1 out of 5 done
2020-06-23_21:06:21:079 - Simulation 2 out of 5 done
2020-06-23_21:06:46:958 - Simulation 3 out of 5 done
2020-06-23_21:07:12:778 - Simulation 4 out of 5 done
2020-06-23_21:07:38:619 - Simulation 5 out of 5 done
2020-06-23_21:07:38:619 - > 1.0ii1.2ij
2020-06-23_21:08:04:430 - Simulation 1 out of 5 done
2020-06-23_21:08:30:323 - Simulation 2 out of 5 done
2020-06-23_21:08:56:140 - Simulation 3 out of 5 done
2020-06-23_21:09:21:926 - Simulation 4 out of 5 done
2020-06-23_21:09:47:813 - Simulation 5 out of 5 done
2020-06-23_21:09:47:813 - > 1.0ii1.4ij
2020-06-23_21:10:13:642 - Simulation 1 out of 5 done
2020-06-23_21:10:39:406 - Simulation 2 out of 5 done
2020-06-23_21:11:05:233 - Simulation 3 out of 5 done
2020-06-23_21:11:31:106 - Simulation 4 out of 5 done
2020-06-23_21:11:56:976 - Simulation 5 out of 5 done
2020-06-23_21:11:56:976 - > 1.0ii1.6ij
2020-06-23_21:12:22:823 - Simulation 1 out of 5 done
2020-06-23_21:12:48:653 - Simulation 2 out of 5 done
2020-06-23_21:13:14:488 - Simulation 3 out of 5 done
2020-06-23_21:13:40:304 - Simulation 4 out of 5 done
2020-06-23_21:14:06:158 - Simulation 5 out of 5 done
2020-06-23_21:14:06:172 - # DLN_2_0.8_0.8_0.8
2020-06-23_21:14:06:532 - Network read
2020-06-23_21:14:06:532 - inter_layer_ep : 0.003543
2020-06-23_21:14:06:532 - intra_layer_eps:
2020-06-23_21:14:06:532 - 0.011954
2020-06-23_21:14:06:532 - 0.007273
2020-06-23_21:14:06:532 - 0.115358
2020-06-23_21:14:06:532 - > 1.2ii1.0ij
2020-06-23_21:14:32:401 - Simulation 1 out of 5 done
2020-06-23_21:14:58:210 - Simulation 2 out of 5 done
2020-06-23_21:15:24:004 - Simulation 3 out of 5 done
2020-06-23_21:15:49:723 - Simulation 4 out of 5 done
2020-06-23_21:16:15:463 - Simulation 5 out of 5 done
2020-06-23_21:16:15:463 - > 1.4ii1.0ij
2020-06-23_21:16:41:262 - Simulation 1 out of 5 done
2020-06-23_21:17:07:072 - Simulation 2 out of 5 done
2020-06-23_21:17:32:886 - Simulation 3 out of 5 done
2020-06-23_21:17:58:741 - Simulation 4 out of 5 done
2020-06-23_21:18:24:550 - Simulation 5 out of 5 done
2020-06-23_21:18:24:550 - > 1.6ii1.0ij
2020-06-23_21:18:50:323 - Simulation 1 out of 5 done
2020-06-23_21:19:16:151 - Simulation 2 out of 5 done
2020-06-23_21:19:41:986 - Simulation 3 out of 5 done
2020-06-23_21:20:07:800 - Simulation 4 out of 5 done
2020-06-23_21:20:33:600 - Simulation 5 out of 5 done
2020-06-23_21:20:33:600 - > 1.0ii1.2ij
2020-06-23_21:20:59:367 - Simulation 1 out of 5 done
2020-06-23_21:21:25:225 - Simulation 2 out of 5 done
2020-06-23_21:21:51:069 - Simulation 3 out of 5 done
2020-06-23_21:22:16:850 - Simulation 4 out of 5 done
2020-06-23_21:22:42:583 - Simulation 5 out of 5 done
2020-06-23_21:22:42:583 - > 1.0ii1.4ij
2020-06-23_21:23:08:322 - Simulation 1 out of 5 done
2020-06-23_21:23:34:135 - Simulation 2 out of 5 done
2020-06-23_21:23:59:888 - Simulation 3 out of 5 done
2020-06-23_21:24:25:745 - Simulation 4 out of 5 done
2020-06-23_21:24:51:516 - Simulation 5 out of 5 done
2020-06-23_21:24:51:516 - > 1.0ii1.6ij
2020-06-23_21:25:17:315 - Simulation 1 out of 5 done
2020-06-23_21:25:43:137 - Simulation 2 out of 5 done
2020-06-23_21:26:08:906 - Simulation 3 out of 5 done
2020-06-23_21:26:34:737 - Simulation 4 out of 5 done
2020-06-23_21:27:00:548 - Simulation 5 out of 5 done
2020-06-23_21:27:00:564 - # SLN_2_0.8_0.8_0.3
2020-06-23_21:27:00:752 - Network read
2020-06-23_21:27:00:752 - inter_layer_ep : 0.019197
2020-06-23_21:27:00:752 - intra_layer_eps:
2020-06-23_21:27:00:752 - 0.115358
2020-06-23_21:27:00:752 - 0.091253
2020-06-23_21:27:00:752 - 0.101657
2020-06-23_21:27:00:752 - 0.061557
2020-06-23_21:27:00:752 - > 1.2ii1.0ij
2020-06-23_21:27:04:815 - Simulation 1 out of 5 done
2020-06-23_21:27:08:878 - Simulation 2 out of 5 done
2020-06-23_21:27:12:936 - Simulation 3 out of 5 done
2020-06-23_21:27:17:006 - Simulation 4 out of 5 done
2020-06-23_21:27:21:069 - Simulation 5 out of 5 done
2020-06-23_21:27:21:069 - > 1.4ii1.0ij
2020-06-23_21:27:25:144 - Simulation 1 out of 5 done
2020-06-23_21:27:29:220 - Simulation 2 out of 5 done
2020-06-23_21:27:33:304 - Simulation 3 out of 5 done
2020-06-23_21:27:37:387 - Simulation 4 out of 5 done
2020-06-23_21:27:41:466 - Simulation 5 out of 5 done
2020-06-23_21:27:41:466 - > 1.6ii1.0ij
2020-06-23_21:27:45:569 - Simulation 1 out of 5 done
2020-06-23_21:27:49:683 - Simulation 2 out of 5 done
2020-06-23_21:27:53:793 - Simulation 3 out of 5 done
2020-06-23_21:27:57:902 - Simulation 4 out of 5 done
2020-06-23_21:28:01:998 - Simulation 5 out of 5 done
2020-06-23_21:28:01:998 - > 1.0ii1.2ij
2020-06-23_21:28:06:032 - Simulation 1 out of 5 done
2020-06-23_21:28:10:082 - Simulation 2 out of 5 done
2020-06-23_21:28:14:130 - Simulation 3 out of 5 done
2020-06-23_21:28:18:179 - Simulation 4 out of 5 done
2020-06-23_21:28:22:224 - Simulation 5 out of 5 done
2020-06-23_21:28:22:224 - > 1.0ii1.4ij
2020-06-23_21:28:26:269 - Simulation 1 out of 5 done
2020-06-23_21:28:30:310 - Simulation 2 out of 5 done
2020-06-23_21:28:34:351 - Simulation 3 out of 5 done
2020-06-23_21:28:38:396 - Simulation 4 out of 5 done
2020-06-23_21:28:42:454 - Simulation 5 out of 5 done
2020-06-23_21:28:42:454 - > 1.0ii1.6ij
2020-06-23_21:28:46:508 - Simulation 1 out of 5 done
2020-06-23_21:28:50:561 - Simulation 2 out of 5 done
2020-06-23_21:28:54:611 - Simulation 3 out of 5 done
2020-06-23_21:28:58:673 - Simulation 4 out of 5 done
2020-06-23_21:29:02:733 - Simulation 5 out of 5 done
2020-06-23_21:29:02:741 - # DLN_2_0.3_0.3_0.3
2020-06-23_21:29:03:179 - Network read
2020-06-23_21:29:03:179 - inter_layer_ep : 0.007202
2020-06-23_21:29:03:179 - intra_layer_eps:
2020-06-23_21:29:03:179 - 0.011954
2020-06-23_21:29:03:179 - 0.007273
2020-06-23_21:29:03:179 - 0.115358
2020-06-23_21:29:03:179 - > 1.2ii1.0ij
2020-06-23_21:29:29:008 - Simulation 1 out of 5 done
2020-06-23_21:29:54:913 - Simulation 2 out of 5 done
2020-06-23_21:30:20:778 - Simulation 3 out of 5 done
2020-06-23_21:30:46:665 - Simulation 4 out of 5 done
2020-06-23_21:31:12:547 - Simulation 5 out of 5 done
2020-06-23_21:31:12:547 - > 1.4ii1.0ij
2020-06-23_21:31:38:443 - Simulation 1 out of 5 done
2020-06-23_21:32:04:381 - Simulation 2 out of 5 done
2020-06-23_21:32:30:245 - Simulation 3 out of 5 done
2020-06-23_21:32:56:109 - Simulation 4 out of 5 done
2020-06-23_21:33:24:893 - Simulation 5 out of 5 done
2020-06-23_21:33:24:893 - > 1.6ii1.0ij
2020-06-23_21:33:54:871 - Simulation 1 out of 5 done
2020-06-23_21:34:24:737 - Simulation 2 out of 5 done
2020-06-23_21:34:56:367 - Simulation 3 out of 5 done
2020-06-23_21:35:27:321 - Simulation 4 out of 5 done
2020-06-23_21:35:58:359 - Simulation 5 out of 5 done
2020-06-23_21:35:58:359 - > 1.0ii1.2ij
2020-06-23_21:36:27:849 - Simulation 1 out of 5 done
2020-06-23_21:36:57:256 - Simulation 2 out of 5 done
2020-06-23_21:37:33:484 - Simulation 3 out of 5 done
2020-06-23_21:38:05:309 - Simulation 4 out of 5 done
2020-06-23_21:38:35:333 - Simulation 5 out of 5 done
2020-06-23_21:38:35:333 - > 1.0ii1.4ij
2020-06-23_21:39:04:671 - Simulation 1 out of 5 done
2020-06-23_21:39:34:102 - Simulation 2 out of 5 done
2020-06-23_21:40:03:442 - Simulation 3 out of 5 done
2020-06-23_21:40:32:374 - Simulation 4 out of 5 done
2020-06-23_21:41:00:303 - Simulation 5 out of 5 done
2020-06-23_21:41:00:303 - > 1.0ii1.6ij
2020-06-23_21:41:29:822 - Simulation 1 out of 5 done
2020-06-23_21:41:57:915 - Simulation 2 out of 5 done
2020-06-23_21:42:27:024 - Simulation 3 out of 5 done
2020-06-23_21:42:55:967 - Simulation 4 out of 5 done
2020-06-23_21:43:25:681 - Simulation 5 out of 5 done
2020-06-23_21:43:25:700 - # DLN_2_0.8_0.3_0.3
2020-06-23_21:43:26:214 - Network read
2020-06-23_21:43:26:214 - inter_layer_ep : 0.007429
2020-06-23_21:43:26:214 - intra_layer_eps:
2020-06-23_21:43:26:214 - 0.011954
2020-06-23_21:43:26:214 - 0.007273
2020-06-23_21:43:26:214 - 0.115358
2020-06-23_21:43:26:214 - > 1.2ii1.0ij
2020-06-23_21:43:54:359 - Simulation 1 out of 5 done
2020-06-23_21:44:23:816 - Simulation 2 out of 5 done
2020-06-23_21:44:51:588 - Simulation 3 out of 5 done
2020-06-23_21:45:19:244 - Simulation 4 out of 5 done
2020-06-23_21:45:46:908 - Simulation 5 out of 5 done
2020-06-23_21:45:46:908 - > 1.4ii1.0ij
2020-06-23_21:46:15:541 - Simulation 1 out of 5 done
2020-06-23_21:46:43:411 - Simulation 2 out of 5 done
2020-06-23_21:47:12:306 - Simulation 3 out of 5 done
2020-06-23_21:47:45:886 - Simulation 4 out of 5 done
2020-06-23_21:48:18:083 - Simulation 5 out of 5 done
2020-06-23_21:48:18:083 - > 1.6ii1.0ij
2020-06-23_21:48:48:339 - Simulation 1 out of 5 done
2020-06-23_21:49:19:202 - Simulation 2 out of 5 done
2020-06-23_21:49:50:753 - Simulation 3 out of 5 done
2020-06-23_21:50:20:907 - Simulation 4 out of 5 done
2020-06-23_21:50:51:224 - Simulation 5 out of 5 done
2020-06-23_21:50:51:224 - > 1.0ii1.2ij
2020-06-23_21:51:21:437 - Simulation 1 out of 5 done
2020-06-23_21:51:51:684 - Simulation 2 out of 5 done
2020-06-23_21:52:21:418 - Simulation 3 out of 5 done
2020-06-23_21:52:51:532 - Simulation 4 out of 5 done
2020-06-23_21:53:21:888 - Simulation 5 out of 5 done
2020-06-23_21:53:21:888 - > 1.0ii1.4ij
2020-06-23_21:53:51:885 - Simulation 1 out of 5 done
2020-06-23_21:54:21:912 - Simulation 2 out of 5 done
2020-06-23_21:54:51:658 - Simulation 3 out of 5 done
2020-06-23_21:55:21:730 - Simulation 4 out of 5 done
2020-06-23_21:55:56:642 - Simulation 5 out of 5 done
2020-06-23_21:55:56:642 - > 1.0ii1.6ij
2020-06-23_21:56:27:299 - Simulation 1 out of 5 done
2020-06-23_21:56:57:635 - Simulation 2 out of 5 done
2020-06-23_21:57:29:195 - Simulation 3 out of 5 done
2020-06-23_21:57:59:147 - Simulation 4 out of 5 done
2020-06-23_21:58:29:235 - Simulation 5 out of 5 done
2020-06-23_21:58:29:254 - # SLN_2_0.3_0.3_0.8
2020-06-23_21:58:29:592 - Network read
2020-06-23_21:58:29:593 - inter_layer_ep : 0.003543
2020-06-23_21:58:29:593 - intra_layer_eps:
2020-06-23_21:58:29:593 - 0.115358
2020-06-23_21:58:29:593 - 0.091253
2020-06-23_21:58:29:593 - 0.101657
2020-06-23_21:58:29:593 - 0.061557
2020-06-23_21:58:29:593 - > 1.2ii1.0ij
2020-06-23_21:58:34:235 - Simulation 1 out of 5 done
2020-06-23_21:58:38:817 - Simulation 2 out of 5 done
2020-06-23_21:58:43:570 - Simulation 3 out of 5 done
2020-06-23_21:58:48:198 - Simulation 4 out of 5 done
2020-06-23_21:58:52:760 - Simulation 5 out of 5 done
2020-06-23_21:58:52:760 - > 1.4ii1.0ij
2020-06-23_21:58:57:349 - Simulation 1 out of 5 done
2020-06-23_21:59:01:915 - Simulation 2 out of 5 done
2020-06-23_21:59:06:503 - Simulation 3 out of 5 done
2020-06-23_21:59:11:105 - Simulation 4 out of 5 done
2020-06-23_21:59:15:892 - Simulation 5 out of 5 done
2020-06-23_21:59:15:892 - > 1.6ii1.0ij
2020-06-23_21:59:20:636 - Simulation 1 out of 5 done
2020-06-23_21:59:25:379 - Simulation 2 out of 5 done
2020-06-23_21:59:30:080 - Simulation 3 out of 5 done
2020-06-23_21:59:34:840 - Simulation 4 out of 5 done
2020-06-23_21:59:39:604 - Simulation 5 out of 5 done
2020-06-23_21:59:39:604 - > 1.0ii1.2ij
2020-06-23_21:59:44:394 - Simulation 1 out of 5 done
2020-06-23_21:59:49:066 - Simulation 2 out of 5 done
2020-06-23_21:59:53:731 - Simulation 3 out of 5 done
2020-06-23_21:59:58:386 - Simulation 4 out of 5 done
2020-06-23_22:00:03:024 - Simulation 5 out of 5 done
2020-06-23_22:00:03:024 - > 1.0ii1.4ij
2020-06-23_22:00:07:686 - Simulation 1 out of 5 done
2020-06-23_22:00:12:344 - Simulation 2 out of 5 done
2020-06-23_22:00:17:108 - Simulation 3 out of 5 done
2020-06-23_22:00:21:754 - Simulation 4 out of 5 done
2020-06-23_22:00:26:397 - Simulation 5 out of 5 done
2020-06-23_22:00:26:397 - > 1.0ii1.6ij
2020-06-23_22:00:31:020 - Simulation 1 out of 5 done
2020-06-23_22:00:35:650 - Simulation 2 out of 5 done
2020-06-23_22:00:40:274 - Simulation 3 out of 5 done
2020-06-23_22:00:44:895 - Simulation 4 out of 5 done
2020-06-23_22:00:49:502 - Simulation 5 out of 5 done
2020-06-23_22:00:49:513 - # drosophila_genetic_multiplex
2020-06-23_22:00:49:518 - Network read
2020-06-23_22:00:49:518 - inter_layer_ep : 0.089111
2020-06-23_22:00:49:518 - intra_layer_eps:
2020-06-23_22:00:49:518 - 0.193583
2020-06-23_22:00:49:518 - 0.090895
2020-06-23_22:00:49:518 - > 1.2ii1.0ij
2020-06-23_22:00:49:595 - Simulation 1 out of 5 done
2020-06-23_22:00:49:674 - Simulation 2 out of 5 done
2020-06-23_22:00:49:750 - Simulation 3 out of 5 done
2020-06-23_22:00:49:828 - Simulation 4 out of 5 done
2020-06-23_22:00:49:905 - Simulation 5 out of 5 done
2020-06-23_22:00:49:905 - > 1.4ii1.0ij
2020-06-23_22:00:49:982 - Simulation 1 out of 5 done
2020-06-23_22:00:50:060 - Simulation 2 out of 5 done
2020-06-23_22:00:50:138 - Simulation 3 out of 5 done
2020-06-23_22:00:50:215 - Simulation 4 out of 5 done
2020-06-23_22:00:50:294 - Simulation 5 out of 5 done
2020-06-23_22:00:50:294 - > 1.6ii1.0ij
2020-06-23_22:00:50:371 - Simulation 1 out of 5 done
2020-06-23_22:00:50:450 - Simulation 2 out of 5 done
2020-06-23_22:00:50:529 - Simulation 3 out of 5 done
2020-06-23_22:00:50:607 - Simulation 4 out of 5 done
2020-06-23_22:00:50:686 - Simulation 5 out of 5 done
2020-06-23_22:00:50:686 - > 1.0ii1.2ij
2020-06-23_22:00:50:764 - Simulation 1 out of 5 done
2020-06-23_22:00:50:842 - Simulation 2 out of 5 done
2020-06-23_22:00:50:919 - Simulation 3 out of 5 done
2020-06-23_22:00:50:997 - Simulation 4 out of 5 done
2020-06-23_22:00:51:075 - Simulation 5 out of 5 done
2020-06-23_22:00:51:075 - > 1.0ii1.4ij
2020-06-23_22:00:51:153 - Simulation 1 out of 5 done
2020-06-23_22:00:51:231 - Simulation 2 out of 5 done
2020-06-23_22:00:51:309 - Simulation 3 out of 5 done
2020-06-23_22:00:51:386 - Simulation 4 out of 5 done
2020-06-23_22:00:51:463 - Simulation 5 out of 5 done
2020-06-23_22:00:51:463 - > 1.0ii1.6ij
2020-06-23_22:00:51:539 - Simulation 1 out of 5 done
2020-06-23_22:00:51:616 - Simulation 2 out of 5 done
2020-06-23_22:00:51:693 - Simulation 3 out of 5 done
2020-06-23_22:00:51:770 - Simulation 4 out of 5 done
2020-06-23_22:00:51:847 - Simulation 5 out of 5 done
2020-06-23_22:00:51:847 - # NYClimateMarch2014_multiplex
2020-06-23_22:00:51:894 - Network read
2020-06-23_22:00:51:894 - inter_layer_ep : 0.005232
2020-06-23_22:00:51:894 - intra_layer_eps:
2020-06-23_22:00:51:894 - 0.008006
2020-06-23_22:00:51:894 - 0.006716
2020-06-23_22:00:51:894 - 0.046260
2020-06-23_22:00:51:894 - > 1.2ii1.0ij
2020-06-23_22:00:52:604 - Simulation 1 out of 5 done
2020-06-23_22:00:53:311 - Simulation 2 out of 5 done
2020-06-23_22:00:54:019 - Simulation 3 out of 5 done
2020-06-23_22:00:54:729 - Simulation 4 out of 5 done
2020-06-23_22:00:55:440 - Simulation 5 out of 5 done
2020-06-23_22:00:55:440 - > 1.4ii1.0ij
2020-06-23_22:00:56:147 - Simulation 1 out of 5 done
2020-06-23_22:00:56:858 - Simulation 2 out of 5 done
2020-06-23_22:00:57:570 - Simulation 3 out of 5 done
2020-06-23_22:00:58:277 - Simulation 4 out of 5 done
2020-06-23_22:00:58:985 - Simulation 5 out of 5 done
2020-06-23_22:00:58:985 - > 1.6ii1.0ij
2020-06-23_22:00:59:695 - Simulation 1 out of 5 done
2020-06-23_22:01:00:407 - Simulation 2 out of 5 done
2020-06-23_22:01:01:110 - Simulation 3 out of 5 done
2020-06-23_22:01:01:811 - Simulation 4 out of 5 done
2020-06-23_22:01:02:514 - Simulation 5 out of 5 done
2020-06-23_22:01:02:514 - > 1.0ii1.2ij
2020-06-23_22:01:03:218 - Simulation 1 out of 5 done
2020-06-23_22:01:03:929 - Simulation 2 out of 5 done
2020-06-23_22:01:04:642 - Simulation 3 out of 5 done
2020-06-23_22:01:05:358 - Simulation 4 out of 5 done
2020-06-23_22:01:06:071 - Simulation 5 out of 5 done
2020-06-23_22:01:06:071 - > 1.0ii1.4ij
2020-06-23_22:01:06:788 - Simulation 1 out of 5 done
2020-06-23_22:01:07:506 - Simulation 2 out of 5 done
2020-06-23_22:01:08:215 - Simulation 3 out of 5 done
2020-06-23_22:01:08:921 - Simulation 4 out of 5 done
2020-06-23_22:01:09:630 - Simulation 5 out of 5 done
2020-06-23_22:01:09:630 - > 1.0ii1.6ij
2020-06-23_22:01:10:342 - Simulation 1 out of 5 done
2020-06-23_22:01:11:055 - Simulation 2 out of 5 done
2020-06-23_22:01:11:774 - Simulation 3 out of 5 done
2020-06-23_22:01:12:494 - Simulation 4 out of 5 done
2020-06-23_22:01:13:220 - Simulation 5 out of 5 done
2020-06-23_22:01:13:228 - # homo_genetic_multiplex
2020-06-23_22:01:13:290 - Network read
2020-06-23_22:01:13:290 - inter_layer_ep : 0.017789
2020-06-23_22:01:13:290 - intra_layer_eps:
2020-06-23_22:01:13:290 - 0.022115
2020-06-23_22:01:13:290 - 0.024668
2020-06-23_22:01:13:290 - 0.061375
2020-06-23_22:01:13:290 - > 1.2ii1.0ij
2020-06-23_22:01:13:914 - Simulation 1 out of 5 done
2020-06-23_22:01:14:537 - Simulation 2 out of 5 done
2020-06-23_22:01:15:164 - Simulation 3 out of 5 done
2020-06-23_22:01:15:784 - Simulation 4 out of 5 done
2020-06-23_22:01:16:399 - Simulation 5 out of 5 done
2020-06-23_22:01:16:399 - > 1.4ii1.0ij
2020-06-23_22:01:17:032 - Simulation 1 out of 5 done
2020-06-23_22:01:17:668 - Simulation 2 out of 5 done
2020-06-23_22:01:18:296 - Simulation 3 out of 5 done
2020-06-23_22:01:18:924 - Simulation 4 out of 5 done
2020-06-23_22:01:19:552 - Simulation 5 out of 5 done
2020-06-23_22:01:19:553 - > 1.6ii1.0ij
2020-06-23_22:01:20:223 - Simulation 1 out of 5 done
2020-06-23_22:01:20:884 - Simulation 2 out of 5 done
2020-06-23_22:01:21:544 - Simulation 3 out of 5 done
2020-06-23_22:01:22:210 - Simulation 4 out of 5 done
2020-06-23_22:01:22:883 - Simulation 5 out of 5 done
2020-06-23_22:01:22:883 - > 1.0ii1.2ij
2020-06-23_22:01:23:481 - Simulation 1 out of 5 done
2020-06-23_22:01:24:080 - Simulation 2 out of 5 done
2020-06-23_22:01:24:682 - Simulation 3 out of 5 done
2020-06-23_22:01:25:281 - Simulation 4 out of 5 done
2020-06-23_22:01:25:880 - Simulation 5 out of 5 done
2020-06-23_22:01:25:880 - > 1.0ii1.4ij
2020-06-23_22:01:26:477 - Simulation 1 out of 5 done
2020-06-23_22:01:27:074 - Simulation 2 out of 5 done
2020-06-23_22:01:27:674 - Simulation 3 out of 5 done
2020-06-23_22:01:28:271 - Simulation 4 out of 5 done
2020-06-23_22:01:28:863 - Simulation 5 out of 5 done
2020-06-23_22:01:28:863 - > 1.0ii1.6ij
2020-06-23_22:01:29:456 - Simulation 1 out of 5 done
2020-06-23_22:01:30:049 - Simulation 2 out of 5 done
2020-06-23_22:01:30:648 - Simulation 3 out of 5 done
2020-06-23_22:01:31:237 - Simulation 4 out of 5 done
2020-06-23_22:01:31:826 - Simulation 5 out of 5 done
2020-06-23_22:01:31:828 - # MoscowAthletics2013_multiplex
2020-06-23_22:01:31:865 - Network read
2020-06-23_22:01:31:865 - inter_layer_ep : 0.006345
2020-06-23_22:01:31:865 - intra_layer_eps:
2020-06-23_22:01:31:865 - 0.008866
2020-06-23_22:01:31:865 - 0.007443
2020-06-23_22:01:31:865 - 0.020794
2020-06-23_22:01:31:865 - > 1.2ii1.0ij
2020-06-23_22:01:32:604 - Simulation 1 out of 5 done
2020-06-23_22:01:33:339 - Simulation 2 out of 5 done
2020-06-23_22:01:34:079 - Simulation 3 out of 5 done
2020-06-23_22:01:34:828 - Simulation 4 out of 5 done
2020-06-23_22:01:35:568 - Simulation 5 out of 5 done
2020-06-23_22:01:35:568 - > 1.4ii1.0ij
2020-06-23_22:01:36:307 - Simulation 1 out of 5 done
2020-06-23_22:01:37:045 - Simulation 2 out of 5 done
2020-06-23_22:01:37:785 - Simulation 3 out of 5 done
2020-06-23_22:01:38:521 - Simulation 4 out of 5 done
2020-06-23_22:01:39:258 - Simulation 5 out of 5 done
2020-06-23_22:01:39:258 - > 1.6ii1.0ij
2020-06-23_22:01:40:002 - Simulation 1 out of 5 done
2020-06-23_22:01:40:746 - Simulation 2 out of 5 done
2020-06-23_22:01:41:488 - Simulation 3 out of 5 done
2020-06-23_22:01:42:230 - Simulation 4 out of 5 done
2020-06-23_22:01:42:975 - Simulation 5 out of 5 done
2020-06-23_22:01:42:975 - > 1.0ii1.2ij
2020-06-23_22:01:43:720 - Simulation 1 out of 5 done
2020-06-23_22:01:44:464 - Simulation 2 out of 5 done
2020-06-23_22:01:45:209 - Simulation 3 out of 5 done
2020-06-23_22:01:45:948 - Simulation 4 out of 5 done
2020-06-23_22:01:46:687 - Simulation 5 out of 5 done
2020-06-23_22:01:46:688 - > 1.0ii1.4ij
2020-06-23_22:01:47:432 - Simulation 1 out of 5 done
2020-06-23_22:01:48:173 - Simulation 2 out of 5 done
2020-06-23_22:01:48:907 - Simulation 3 out of 5 done
2020-06-23_22:01:49:643 - Simulation 4 out of 5 done
2020-06-23_22:01:50:386 - Simulation 5 out of 5 done
2020-06-23_22:01:50:386 - > 1.0ii1.6ij
2020-06-23_22:01:51:124 - Simulation 1 out of 5 done
2020-06-23_22:01:51:859 - Simulation 2 out of 5 done
2020-06-23_22:01:52:595 - Simulation 3 out of 5 done
2020-06-23_22:01:53:332 - Simulation 4 out of 5 done
2020-06-23_22:01:54:075 - Simulation 5 out of 5 done
2020-06-23_22:01:54:079 - # sacchpomb_genetic_multiplex
2020-06-23_22:01:54:089 - Network read
2020-06-23_22:01:54:089 - inter_layer_ep : 0.024576
2020-06-23_22:01:54:089 - intra_layer_eps:
2020-06-23_22:01:54:089 - 0.240262
2020-06-23_22:01:54:089 - 0.089196
2020-06-23_22:01:54:089 - 0.029607
2020-06-23_22:01:54:089 - > 1.2ii1.0ij
2020-06-23_22:01:54:128 - Simulation 1 out of 5 done
2020-06-23_22:01:54:167 - Simulation 2 out of 5 done
2020-06-23_22:01:54:207 - Simulation 3 out of 5 done
2020-06-23_22:01:54:247 - Simulation 4 out of 5 done
2020-06-23_22:01:54:288 - Simulation 5 out of 5 done
2020-06-23_22:01:54:288 - > 1.4ii1.0ij
2020-06-23_22:01:54:334 - Simulation 1 out of 5 done
2020-06-23_22:01:54:380 - Simulation 2 out of 5 done
2020-06-23_22:01:54:427 - Simulation 3 out of 5 done
2020-06-23_22:01:54:474 - Simulation 4 out of 5 done
2020-06-23_22:01:54:521 - Simulation 5 out of 5 done
2020-06-23_22:01:54:521 - > 1.6ii1.0ij
2020-06-23_22:01:54:577 - Simulation 1 out of 5 done
2020-06-23_22:01:54:635 - Simulation 2 out of 5 done
2020-06-23_22:01:54:693 - Simulation 3 out of 5 done
2020-06-23_22:01:54:751 - Simulation 4 out of 5 done
2020-06-23_22:01:54:811 - Simulation 5 out of 5 done
2020-06-23_22:01:54:811 - > 1.0ii1.2ij
2020-06-23_22:01:54:847 - Simulation 1 out of 5 done
2020-06-23_22:01:54:882 - Simulation 2 out of 5 done
2020-06-23_22:01:54:917 - Simulation 3 out of 5 done
2020-06-23_22:01:54:952 - Simulation 4 out of 5 done
2020-06-23_22:01:54:987 - Simulation 5 out of 5 done
2020-06-23_22:01:54:987 - > 1.0ii1.4ij
2020-06-23_22:01:55:022 - Simulation 1 out of 5 done
2020-06-23_22:01:55:056 - Simulation 2 out of 5 done
2020-06-23_22:01:55:092 - Simulation 3 out of 5 done
2020-06-23_22:01:55:127 - Simulation 4 out of 5 done
2020-06-23_22:01:55:163 - Simulation 5 out of 5 done
2020-06-23_22:01:55:163 - > 1.0ii1.6ij
2020-06-23_22:01:55:198 - Simulation 1 out of 5 done
2020-06-23_22:01:55:234 - Simulation 2 out of 5 done
2020-06-23_22:01:55:270 - Simulation 3 out of 5 done
2020-06-23_22:01:55:305 - Simulation 4 out of 5 done
2020-06-23_22:01:55:340 - Simulation 5 out of 5 done
2020-06-23_22:01:55:341 - # sacchcere_genetic_multiplex
2020-06-23_22:01:55:459 - Network read
2020-06-23_22:01:55:459 - inter_layer_ep : 0.009271
2020-06-23_22:01:55:459 - intra_layer_eps:
2020-06-23_22:01:55:459 - 0.026908
2020-06-23_22:01:55:459 - 0.037516
2020-06-23_22:01:55:459 - 0.069865
2020-06-23_22:01:55:459 - 0.032034
2020-06-23_22:01:55:459 - 0.013078
2020-06-23_22:01:55:459 - > 1.2ii1.0ij
2020-06-23_22:01:55:964 - Simulation 1 out of 5 done
2020-06-23_22:01:56:477 - Simulation 2 out of 5 done
2020-06-23_22:01:56:982 - Simulation 3 out of 5 done
2020-06-23_22:01:57:490 - Simulation 4 out of 5 done
2020-06-23_22:01:57:994 - Simulation 5 out of 5 done
2020-06-23_22:01:57:994 - > 1.4ii1.0ij
2020-06-23_22:01:58:759 - Simulation 1 out of 5 done
2020-06-23_22:01:59:492 - Simulation 2 out of 5 done
2020-06-23_22:02:00:223 - Simulation 3 out of 5 done
2020-06-23_22:02:00:967 - Simulation 4 out of 5 done
2020-06-23_22:02:01:726 - Simulation 5 out of 5 done
2020-06-23_22:02:01:726 - > 1.6ii1.0ij
2020-06-23_22:02:03:024 - Simulation 1 out of 5 done
2020-06-23_22:02:04:345 - Simulation 2 out of 5 done
2020-06-23_22:02:05:671 - Simulation 3 out of 5 done
2020-06-23_22:02:06:990 - Simulation 4 out of 5 done
2020-06-23_22:02:08:297 - Simulation 5 out of 5 done
2020-06-23_22:02:08:297 - > 1.0ii1.2ij
2020-06-23_22:02:08:730 - Simulation 1 out of 5 done
2020-06-23_22:02:09:165 - Simulation 2 out of 5 done
2020-06-23_22:02:09:599 - Simulation 3 out of 5 done
2020-06-23_22:02:10:038 - Simulation 4 out of 5 done
2020-06-23_22:02:10:479 - Simulation 5 out of 5 done
2020-06-23_22:02:10:479 - > 1.0ii1.4ij
2020-06-23_22:02:10:928 - Simulation 1 out of 5 done
2020-06-23_22:02:11:376 - Simulation 2 out of 5 done
2020-06-23_22:02:11:824 - Simulation 3 out of 5 done
2020-06-23_22:02:12:276 - Simulation 4 out of 5 done
2020-06-23_22:02:12:725 - Simulation 5 out of 5 done
2020-06-23_22:02:12:725 - > 1.0ii1.6ij
2020-06-23_22:02:13:177 - Simulation 1 out of 5 done
2020-06-23_22:02:13:622 - Simulation 2 out of 5 done
2020-06-23_22:02:14:065 - Simulation 3 out of 5 done
2020-06-23_22:02:14:519 - Simulation 4 out of 5 done
2020-06-23_22:02:14:970 - Simulation 5 out of 5 done
